-- Install configuration: ""
-- Up-to-date: /home/kunal-jazzy/vision_autonomous_rover/install/autonomous_rover_description/share/autonomous_rover_description//urdf
-- Up-to-date: /home/kunal-jazzy/vision_autonomous_rover/install/autonomous_rover_description/share/autonomous_rover_description//urdf/rover_gazebo.xacro
-- Installing: /home/kunal-jazzy/vision_autonomous_rover/install/autonomous_rover_description/share/autonomous_rover_description//urdf/rover_base.xacro
-- Up-to-date: /home/kunal-jazzy/vision_autonomous_rover/install/autonomous_rover_description/share/autonomous_rover_description//urdf/common_properties.xacro
-- Up-to-date: /home/kunal-jazzy/vision_autonomous_rover/install/autonomous_rover_description/share/autonomous_rover_description//urdf/rover.urdf.xacro
-- Up-to-date: /home/kunal-jazzy/vision_autonomous_rover/install/autonomous_rover_description/share/autonomous_rover_description//rviz
-- Up-to-date: /home/kunal-jazzy/vision_autonomous_rover/install/autonomous_rover_description/share/autonomous_rover_description//rviz/urdf_config.rviz
-- Up-to-date: /home/kunal-jazzy/vision_autonomous_rover/install/autonomous_rover_description/share/autonomous_rover_description//launch
-- Installing: /home/kunal-jazzy/vision_autonomous_rover/install/autonomous_rover_description/share/autonomous_rover_description//launch/display.launch.xml
-- Up-to-date: /home/kunal-jazzy/vision_autonomous_rover/install/autonomous_rover_description/share/autonomous_rover_description//launch/display.launch.py
-- Up-to-date: /home/kunal-jazzy/vision_autonomous_rover/install/autonomous_rover_description/share/ament_index/resource_index/package_run_dependencies/autonomous_rover_description
-- Up-to-date: /home/kunal-jazzy/vision_autonomous_rover/install/autonomous_rover_description/share/ament_index/resource_index/parent_prefix_path/autonomous_rover_description
-- Up-to-date: /home/kunal-jazzy/vision_autonomous_rover/install/autonomous_rover_description/share/autonomous_rover_description/environment/ament_prefix_path.sh
-- Up-to-date: /home/kunal-jazzy/vision_autonomous_rover/install/autonomous_rover_description/share/autonomous_rover_description/environment/ament_prefix_path.dsv
-- Up-to-date: /home/kunal-jazzy/vision_autonomous_rover/install/autonomous_rover_description/share/autonomous_rover_description/environment/path.sh
-- Up-to-date: /home/kunal-jazzy/vision_autonomous_rover/install/autonomous_rover_description/share/autonomous_rover_description/environment/path.dsv
-- Up-to-date: /home/kunal-jazzy/vision_autonomous_rover/install/autonomous_rover_description/share/autonomous_rover_description/local_setup.bash
-- Up-to-date: /home/kunal-jazzy/vision_autonomous_rover/install/autonomous_rover_description/share/autonomous_rover_description/local_setup.sh
-- Up-to-date: /home/kunal-jazzy/vision_autonomous_rover/install/autonomous_rover_description/share/autonomous_rover_description/local_setup.zsh
-- Up-to-date: /home/kunal-jazzy/vision_autonomous_rover/install/autonomous_rover_description/share/autonomous_rover_description/local_setup.dsv
-- Installing: /home/kunal-jazzy/vision_autonomous_rover/install/autonomous_rover_description/share/autonomous_rover_description/package.dsv
-- Up-to-date: /home/kunal-jazzy/vision_autonomous_rover/install/autonomous_rover_description/share/ament_index/resource_index/packages/autonomous_rover_description
-- Up-to-date: /home/kunal-jazzy/vision_autonomous_rover/install/autonomous_rover_description/share/autonomous_rover_description/cmake/autonomous_rover_descriptionConfig.cmake
-- Up-to-date: /home/kunal-jazzy/vision_autonomous_rover/install/autonomous_rover_description/share/autonomous_rover_description/cmake/autonomous_rover_descriptionConfig-version.cmake
-- Up-to-date: /home/kunal-jazzy/vision_autonomous_rover/install/autonomous_rover_description/share/autonomous_rover_description/package.xml
