[0.069s] DEBUG:colcon:Command line arguments: ['/usr/bin/colcon', 'build', '--packages-select', 'rover_control']
[0.069s] DEBUG:colcon:Parsed command line arguments: Namespace(log_base=None, log_level=None, verb_name='build', build_base='build', install_base='install', merge_install=False, symlink_install=False, test_result_base=None, continue_on_error=False, executor='parallel', parallel_workers=12, event_handlers=None, ignore_user_meta=False, metas=['./colcon.meta'], base_paths=['.'], packages_ignore=None, packages_ignore_regex=None, paths=None, packages_up_to=None, packages_up_to_regex=None, packages_above=None, packages_above_and_dependencies=None, packages_above_depth=None, packages_select_by_dep=None, packages_skip_by_dep=None, packages_skip_up_to=None, packages_select_build_failed=False, packages_skip_build_finished=False, packages_select_test_failures=False, packages_skip_test_passed=False, packages_select=['rover_control'], packages_skip=None, packages_select_regex=None, packages_skip_regex=None, packages_start=None, packages_end=None, allow_overriding=[], cmake_args=None, cmake_target=None, cmake_target_skip_unavailable=False, cmake_clean_cache=False, cmake_clean_first=False, cmake_force_configure=False, ament_cmake_args=None, catkin_cmake_args=None, catkin_skip_building_tests=False, mixin_files=None, mixin=None, verb_parser=<colcon_mixin.mixin.mixin_argument.MixinArgumentDecorator object at 0x77e839083f20>, verb_extension=<colcon_core.verb.build.BuildVerb object at 0x77e83a156570>, main=<bound method BuildVerb.main of <colcon_core.verb.build.BuildVerb object at 0x77e83a156570>>, mixin_verb=('build',))
[0.095s] Level 1:colcon.colcon_core.package_discovery:discover_packages(colcon_meta) check parameters
[0.095s] Level 1:colcon.colcon_core.package_discovery:discover_packages(recursive) check parameters
[0.095s] Level 1:colcon.colcon_core.package_discovery:discover_packages(ignore) check parameters
[0.095s] Level 1:colcon.colcon_core.package_discovery:discover_packages(path) check parameters
[0.095s] Level 1:colcon.colcon_core.package_discovery:discover_packages(colcon_meta) discover
[0.095s] Level 1:colcon.colcon_core.package_discovery:discover_packages(recursive) discover
[0.095s] INFO:colcon.colcon_core.package_discovery:Crawling recursively for packages in '/home/kunal-jazzy/vision_autonomous_rover'
[0.095s] Level 1:colcon.colcon_core.package_identification:_identify(.) by extensions ['ignore', 'ignore_ament_install']
[0.096s] Level 1:colcon.colcon_core.package_identification:_identify(.) by extension 'ignore'
[0.096s] Level 1:colcon.colcon_core.package_identification:_identify(.) by extension 'ignore_ament_install'
[0.096s] Level 1:colcon.colcon_core.package_identification:_identify(.) by extensions ['colcon_pkg']
[0.096s] Level 1:colcon.colcon_core.package_identification:_identify(.) by extension 'colcon_pkg'
[0.096s] Level 1:colcon.colcon_core.package_identification:_identify(.) by extensions ['colcon_meta']
[0.096s] Level 1:colcon.colcon_core.package_identification:_identify(.) by extension 'colcon_meta'
[0.096s] Level 1:colcon.colcon_core.package_identification:_identify(.) by extensions ['ros']
[0.096s] Level 1:colcon.colcon_core.package_identification:_identify(.) by extension 'ros'
[0.114s] Level 1:colcon.colcon_core.package_identification:_identify(.) by extensions ['cmake', 'python']
[0.114s] Level 1:colcon.colcon_core.package_identification:_identify(.) by extension 'cmake'
[0.114s] Level 1:colcon.colcon_core.package_identification:_identify(.) by extension 'python'
[0.114s] Level 1:colcon.colcon_core.package_identification:_identify(.) by extensions ['python_setup_py']
[0.114s] Level 1:colcon.colcon_core.package_identification:_identify(.) by extension 'python_setup_py'
[0.114s] Level 1:colcon.colcon_core.package_identification:_identify(build) by extensions ['ignore', 'ignore_ament_install']
[0.114s] Level 1:colcon.colcon_core.package_identification:_identify(build) by extension 'ignore'
[0.114s] Level 1:colcon.colcon_core.package_identification:_identify(build) ignored
[0.114s] Level 1:colcon.colcon_core.package_identification:_identify(install) by extensions ['ignore', 'ignore_ament_install']
[0.114s] Level 1:colcon.colcon_core.package_identification:_identify(install) by extension 'ignore'
[0.114s] Level 1:colcon.colcon_core.package_identification:_identify(install) ignored
[0.114s] Level 1:colcon.colcon_core.package_identification:_identify(log) by extensions ['ignore', 'ignore_ament_install']
[0.114s] Level 1:colcon.colcon_core.package_identification:_identify(log) by extension 'ignore'
[0.114s] Level 1:colcon.colcon_core.package_identification:_identify(log) ignored
[0.114s] Level 1:colcon.colcon_core.package_identification:_identify(src) by extensions ['ignore', 'ignore_ament_install']
[0.114s] Level 1:colcon.colcon_core.package_identification:_identify(src) by extension 'ignore'
[0.114s] Level 1:colcon.colcon_core.package_identification:_identify(src) by extension 'ignore_ament_install'
[0.115s] Level 1:colcon.colcon_core.package_identification:_identify(src) by extensions ['colcon_pkg']
[0.115s] Level 1:colcon.colcon_core.package_identification:_identify(src) by extension 'colcon_pkg'
[0.115s] Level 1:colcon.colcon_core.package_identification:_identify(src) by extensions ['colcon_meta']
[0.115s] Level 1:colcon.colcon_core.package_identification:_identify(src) by extension 'colcon_meta'
[0.115s] Level 1:colcon.colcon_core.package_identification:_identify(src) by extensions ['ros']
[0.115s] Level 1:colcon.colcon_core.package_identification:_identify(src) by extension 'ros'
[0.115s] Level 1:colcon.colcon_core.package_identification:_identify(src) by extensions ['cmake', 'python']
[0.115s] Level 1:colcon.colcon_core.package_identification:_identify(src) by extension 'cmake'
[0.115s] Level 1:colcon.colcon_core.package_identification:_identify(src) by extension 'python'
[0.115s] Level 1:colcon.colcon_core.package_identification:_identify(src) by extensions ['python_setup_py']
[0.115s] Level 1:colcon.colcon_core.package_identification:_identify(src) by extension 'python_setup_py'
[0.115s] Level 1:colcon.colcon_core.package_identification:_identify(src/autonomous_rover_description) by extensions ['ignore', 'ignore_ament_install']
[0.115s] Level 1:colcon.colcon_core.package_identification:_identify(src/autonomous_rover_description) by extension 'ignore'
[0.115s] Level 1:colcon.colcon_core.package_identification:_identify(src/autonomous_rover_description) by extension 'ignore_ament_install'
[0.115s] Level 1:colcon.colcon_core.package_identification:_identify(src/autonomous_rover_description) by extensions ['colcon_pkg']
[0.115s] Level 1:colcon.colcon_core.package_identification:_identify(src/autonomous_rover_description) by extension 'colcon_pkg'
[0.115s] Level 1:colcon.colcon_core.package_identification:_identify(src/autonomous_rover_description) by extensions ['colcon_meta']
[0.115s] Level 1:colcon.colcon_core.package_identification:_identify(src/autonomous_rover_description) by extension 'colcon_meta'
[0.115s] Level 1:colcon.colcon_core.package_identification:_identify(src/autonomous_rover_description) by extensions ['ros']
[0.115s] Level 1:colcon.colcon_core.package_identification:_identify(src/autonomous_rover_description) by extension 'ros'
[0.117s] DEBUG:colcon.colcon_core.package_identification:Package 'src/autonomous_rover_description' with type 'ros.ament_cmake' and name 'autonomous_rover_description'
[0.117s] Level 1:colcon.colcon_core.package_identification:_identify(src/log) by extensions ['ignore', 'ignore_ament_install']
[0.117s] Level 1:colcon.colcon_core.package_identification:_identify(src/log) by extension 'ignore'
[0.117s] Level 1:colcon.colcon_core.package_identification:_identify(src/log) ignored
[0.117s] Level 1:colcon.colcon_core.package_identification:_identify(src/rover_bringup) by extensions ['ignore', 'ignore_ament_install']
[0.117s] Level 1:colcon.colcon_core.package_identification:_identify(src/rover_bringup) by extension 'ignore'
[0.117s] Level 1:colcon.colcon_core.package_identification:_identify(src/rover_bringup) by extension 'ignore_ament_install'
[0.117s] Level 1:colcon.colcon_core.package_identification:_identify(src/rover_bringup) by extensions ['colcon_pkg']
[0.117s] Level 1:colcon.colcon_core.package_identification:_identify(src/rover_bringup) by extension 'colcon_pkg'
[0.117s] Level 1:colcon.colcon_core.package_identification:_identify(src/rover_bringup) by extensions ['colcon_meta']
[0.118s] Level 1:colcon.colcon_core.package_identification:_identify(src/rover_bringup) by extension 'colcon_meta'
[0.118s] Level 1:colcon.colcon_core.package_identification:_identify(src/rover_bringup) by extensions ['ros']
[0.118s] Level 1:colcon.colcon_core.package_identification:_identify(src/rover_bringup) by extension 'ros'
[0.118s] DEBUG:colcon.colcon_core.package_identification:Package 'src/rover_bringup' with type 'ros.ament_cmake' and name 'rover_bringup'
[0.118s] Level 1:colcon.colcon_core.package_identification:_identify(src/rover_control) by extensions ['ignore', 'ignore_ament_install']
[0.118s] Level 1:colcon.colcon_core.package_identification:_identify(src/rover_control) by extension 'ignore'
[0.118s] Level 1:colcon.colcon_core.package_identification:_identify(src/rover_control) by extension 'ignore_ament_install'
[0.118s] Level 1:colcon.colcon_core.package_identification:_identify(src/rover_control) by extensions ['colcon_pkg']
[0.118s] Level 1:colcon.colcon_core.package_identification:_identify(src/rover_control) by extension 'colcon_pkg'
[0.118s] Level 1:colcon.colcon_core.package_identification:_identify(src/rover_control) by extensions ['colcon_meta']
[0.118s] Level 1:colcon.colcon_core.package_identification:_identify(src/rover_control) by extension 'colcon_meta'
[0.118s] Level 1:colcon.colcon_core.package_identification:_identify(src/rover_control) by extensions ['ros']
[0.118s] Level 1:colcon.colcon_core.package_identification:_identify(src/rover_control) by extension 'ros'
[0.118s] DEBUG:colcon.colcon_core.package_identification:Package 'src/rover_control' with type 'ros.ament_python' and name 'rover_control'
[0.118s] Level 1:colcon.colcon_core.package_discovery:discover_packages(recursive) using defaults
[0.118s] Level 1:colcon.colcon_core.package_discovery:discover_packages(ignore) discover
[0.119s] Level 1:colcon.colcon_core.package_discovery:discover_packages(ignore) using defaults
[0.119s] Level 1:colcon.colcon_core.package_discovery:discover_packages(path) discover
[0.119s] Level 1:colcon.colcon_core.package_discovery:discover_packages(path) using defaults
[0.131s] INFO:colcon.colcon_core.package_selection:Skipping not selected package 'autonomous_rover_description' in 'src/autonomous_rover_description'
[0.131s] INFO:colcon.colcon_core.package_selection:Skipping not selected package 'rover_bringup' in 'src/rover_bringup'
[0.131s] Level 1:colcon.colcon_core.package_discovery:discover_packages(prefix_path) check parameters
[0.131s] Level 1:colcon.colcon_core.package_discovery:discover_packages(prefix_path) discover
[0.132s] DEBUG:colcon.colcon_installed_package_information.package_discovery:Found 3 installed packages in /home/kunal-jazzy/vision_autonomous_rover/install
[0.132s] DEBUG:colcon.colcon_installed_package_information.package_discovery:Found 2 installed packages in /home/kunal-jazzy/my_robot_ws/install
[0.133s] DEBUG:colcon.colcon_installed_package_information.package_discovery:Found 319 installed packages in /opt/ros/jazzy
[0.134s] Level 1:colcon.colcon_core.package_discovery:discover_packages(prefix_path) using defaults
[0.162s] Level 5:colcon.colcon_core.verb:set package 'rover_control' build argument 'cmake_args' from command line to 'None'
[0.162s] Level 5:colcon.colcon_core.verb:set package 'rover_control' build argument 'cmake_target' from command line to 'None'
[0.162s] Level 5:colcon.colcon_core.verb:set package 'rover_control' build argument 'cmake_target_skip_unavailable' from command line to 'False'
[0.162s] Level 5:colcon.colcon_core.verb:set package 'rover_control' build argument 'cmake_clean_cache' from command line to 'False'
[0.162s] Level 5:colcon.colcon_core.verb:set package 'rover_control' build argument 'cmake_clean_first' from command line to 'False'
[0.162s] Level 5:colcon.colcon_core.verb:set package 'rover_control' build argument 'cmake_force_configure' from command line to 'False'
[0.162s] Level 5:colcon.colcon_core.verb:set package 'rover_control' build argument 'ament_cmake_args' from command line to 'None'
[0.162s] Level 5:colcon.colcon_core.verb:set package 'rover_control' build argument 'catkin_cmake_args' from command line to 'None'
[0.162s] Level 5:colcon.colcon_core.verb:set package 'rover_control' build argument 'catkin_skip_building_tests' from command line to 'False'
[0.162s] DEBUG:colcon.colcon_core.verb:Building package 'rover_control' with the following arguments: {'ament_cmake_args': None, 'build_base': '/home/kunal-jazzy/vision_autonomous_rover/build/rover_control', 'catkin_cmake_args': None, 'catkin_skip_building_tests': False, 'cmake_args': None, 'cmake_clean_cache': False, 'cmake_clean_first': False, 'cmake_force_configure': False, 'cmake_target': None, 'cmake_target_skip_unavailable': False, 'install_base': '/home/kunal-jazzy/vision_autonomous_rover/install/rover_control', 'merge_install': False, 'path': '/home/kunal-jazzy/vision_autonomous_rover/src/rover_control', 'symlink_install': False, 'test_result_base': None}
[0.162s] INFO:colcon.colcon_core.executor:Executing jobs using 'parallel' executor
[0.163s] DEBUG:colcon.colcon_parallel_executor.executor.parallel:run_until_complete
[0.163s] INFO:colcon.colcon_ros.task.ament_python.build:Building ROS package in '/home/kunal-jazzy/vision_autonomous_rover/src/rover_control' with build type 'ament_python'
[0.163s] Level 1:colcon.colcon_core.shell:create_environment_hook('rover_control', 'ament_prefix_path')
[0.164s] INFO:colcon.colcon_core.plugin_system:Skipping extension 'colcon_core.shell.bat': Not used on non-Windows systems
[0.165s] INFO:colcon.colcon_core.shell:Creating environment hook '/home/kunal-jazzy/vision_autonomous_rover/install/rover_control/share/rover_control/hook/ament_prefix_path.ps1'
[0.165s] INFO:colcon.colcon_core.shell:Creating environment descriptor '/home/kunal-jazzy/vision_autonomous_rover/install/rover_control/share/rover_control/hook/ament_prefix_path.dsv'
[0.165s] INFO:colcon.colcon_core.shell:Creating environment hook '/home/kunal-jazzy/vision_autonomous_rover/install/rover_control/share/rover_control/hook/ament_prefix_path.sh'
[0.166s] INFO:colcon.colcon_core.shell:Skip shell extension 'powershell' for command environment: Not usable outside of PowerShell
[0.166s] DEBUG:colcon.colcon_core.shell:Skip shell extension 'dsv' for command environment
[0.308s] INFO:colcon.colcon_core.task.python.build:Building Python package in '/home/kunal-jazzy/vision_autonomous_rover/src/rover_control'
[0.308s] INFO:colcon.colcon_core.shell:Skip shell extension 'powershell' for command environment: Not usable outside of PowerShell
[0.308s] DEBUG:colcon.colcon_core.shell:Skip shell extension 'dsv' for command environment
[0.674s] DEBUG:colcon.colcon_core.event_handler.log_command:Invoking command in '/home/kunal-jazzy/vision_autonomous_rover/src/rover_control': DEBUGINFOD_URLS=https://debuginfod.ubuntu.com PYTHONPATH=/home/kunal-jazzy/vision_autonomous_rover/build/rover_control/prefix_override:/usr/lib/python3/dist-packages/colcon_core/task/python/colcon_distutils_commands:/home/kunal-jazzy/vision_autonomous_rover/install/rover_control/lib/python3.12/site-packages:${PYTHONPATH} /usr/bin/python3 -W ignore:setup.py install is deprecated -W ignore:easy_install command is deprecated setup.py egg_info --egg-base ../../build/rover_control build --build-base /home/kunal-jazzy/vision_autonomous_rover/build/rover_control/build install --record /home/kunal-jazzy/vision_autonomous_rover/build/rover_control/install.log --single-version-externally-managed install_data
[1.007s] DEBUG:colcon.colcon_core.event_handler.log_command:Invoked command in '/home/kunal-jazzy/vision_autonomous_rover/src/rover_control' returned '0': DEBUGINFOD_URLS=https://debuginfod.ubuntu.com PYTHONPATH=/home/kunal-jazzy/vision_autonomous_rover/build/rover_control/prefix_override:/usr/lib/python3/dist-packages/colcon_core/task/python/colcon_distutils_commands:/home/kunal-jazzy/vision_autonomous_rover/install/rover_control/lib/python3.12/site-packages:${PYTHONPATH} /usr/bin/python3 -W ignore:setup.py install is deprecated -W ignore:easy_install command is deprecated setup.py egg_info --egg-base ../../build/rover_control build --build-base /home/kunal-jazzy/vision_autonomous_rover/build/rover_control/build install --record /home/kunal-jazzy/vision_autonomous_rover/build/rover_control/install.log --single-version-externally-managed install_data
[1.008s] Level 1:colcon.colcon_core.environment:checking '/home/kunal-jazzy/vision_autonomous_rover/install/rover_control' for CMake module files
[1.009s] Level 1:colcon.colcon_core.environment:checking '/home/kunal-jazzy/vision_autonomous_rover/install/rover_control' for CMake config files
[1.009s] Level 1:colcon.colcon_core.environment:checking '/home/kunal-jazzy/vision_autonomous_rover/install/rover_control/lib'
[1.009s] Level 1:colcon.colcon_core.environment:checking '/home/kunal-jazzy/vision_autonomous_rover/install/rover_control/bin'
[1.009s] Level 1:colcon.colcon_core.environment:checking '/home/kunal-jazzy/vision_autonomous_rover/install/rover_control/lib/pkgconfig/rover_control.pc'
[1.009s] Level 1:colcon.colcon_core.environment:checking '/home/kunal-jazzy/vision_autonomous_rover/install/rover_control/lib/python3.12/site-packages'
[1.010s] Level 1:colcon.colcon_core.shell:create_environment_hook('rover_control', 'pythonpath')
[1.010s] INFO:colcon.colcon_core.shell:Creating environment hook '/home/kunal-jazzy/vision_autonomous_rover/install/rover_control/share/rover_control/hook/pythonpath.ps1'
[1.010s] INFO:colcon.colcon_core.shell:Creating environment descriptor '/home/kunal-jazzy/vision_autonomous_rover/install/rover_control/share/rover_control/hook/pythonpath.dsv'
[1.010s] INFO:colcon.colcon_core.shell:Creating environment hook '/home/kunal-jazzy/vision_autonomous_rover/install/rover_control/share/rover_control/hook/pythonpath.sh'
[1.011s] Level 1:colcon.colcon_core.environment:checking '/home/kunal-jazzy/vision_autonomous_rover/install/rover_control/bin'
[1.011s] Level 1:colcon.colcon_core.environment:create_environment_scripts_only(rover_control)
[1.011s] INFO:colcon.colcon_core.shell:Creating package script '/home/kunal-jazzy/vision_autonomous_rover/install/rover_control/share/rover_control/package.ps1'
[1.011s] INFO:colcon.colcon_core.shell:Creating package descriptor '/home/kunal-jazzy/vision_autonomous_rover/install/rover_control/share/rover_control/package.dsv'
[1.012s] INFO:colcon.colcon_core.shell:Creating package script '/home/kunal-jazzy/vision_autonomous_rover/install/rover_control/share/rover_control/package.sh'
[1.012s] INFO:colcon.colcon_core.shell:Creating package script '/home/kunal-jazzy/vision_autonomous_rover/install/rover_control/share/rover_control/package.bash'
[1.012s] INFO:colcon.colcon_core.shell:Creating package script '/home/kunal-jazzy/vision_autonomous_rover/install/rover_control/share/rover_control/package.zsh'
[1.013s] Level 1:colcon.colcon_core.environment:create_file_with_runtime_dependencies(/home/kunal-jazzy/vision_autonomous_rover/install/rover_control/share/colcon-core/packages/rover_control)
[1.013s] DEBUG:colcon.colcon_parallel_executor.executor.parallel:closing loop
[1.013s] DEBUG:colcon.colcon_parallel_executor.executor.parallel:loop closed
[1.013s] DEBUG:colcon.colcon_parallel_executor.executor.parallel:run_until_complete finished with '0'
[1.013s] DEBUG:colcon.colcon_core.event_reactor:joining thread
[1.017s] INFO:colcon.colcon_core.plugin_system:Skipping extension 'colcon_notification.desktop_notification.terminal_notifier': Not used on non-Darwin systems
[1.017s] INFO:colcon.colcon_core.plugin_system:Skipping extension 'colcon_notification.desktop_notification.win32': Not used on non-Windows systems
[1.017s] INFO:colcon.colcon_notification.desktop_notification:Sending desktop notification using 'notify2'
[1.022s] DEBUG:colcon.colcon_core.event_reactor:joined thread
[1.022s] INFO:colcon.colcon_core.shell:Creating prefix script '/home/kunal-jazzy/vision_autonomous_rover/install/local_setup.ps1'
[1.023s] INFO:colcon.colcon_core.shell:Creating prefix util module '/home/kunal-jazzy/vision_autonomous_rover/install/_local_setup_util_ps1.py'
[1.023s] INFO:colcon.colcon_core.shell:Creating prefix chain script '/home/kunal-jazzy/vision_autonomous_rover/install/setup.ps1'
[1.024s] INFO:colcon.colcon_core.shell:Creating prefix script '/home/kunal-jazzy/vision_autonomous_rover/install/local_setup.sh'
[1.024s] INFO:colcon.colcon_core.shell:Creating prefix util module '/home/kunal-jazzy/vision_autonomous_rover/install/_local_setup_util_sh.py'
[1.025s] INFO:colcon.colcon_core.shell:Creating prefix chain script '/home/kunal-jazzy/vision_autonomous_rover/install/setup.sh'
[1.025s] INFO:colcon.colcon_core.shell:Creating prefix script '/home/kunal-jazzy/vision_autonomous_rover/install/local_setup.bash'
[1.025s] INFO:colcon.colcon_core.shell:Creating prefix chain script '/home/kunal-jazzy/vision_autonomous_rover/install/setup.bash'
[1.026s] INFO:colcon.colcon_core.shell:Creating prefix script '/home/kunal-jazzy/vision_autonomous_rover/install/local_setup.zsh'
[1.026s] INFO:colcon.colcon_core.shell:Creating prefix chain script '/home/kunal-jazzy/vision_autonomous_rover/install/setup.zsh'
