[0.007s] Invoking command in '/home/kunal-jazzy/vision_autonomous_rover/src/rover_bringup/build/rover_bringup': CMAKE_PREFIX_PATH=${CMAKE_PREFIX_PATH}:/opt/ros/jazzy DEBUGINFOD_URLS=https://debuginfod.ubuntu.com /usr/bin/cmake /home/kunal-jazzy/vision_autonomous_rover/src/rover_bringup -DCMAKE_INSTALL_PREFIX=/home/kunal-jazzy/vision_autonomous_rover/src/rover_bringup/install/rover_bringup
[0.121s] -- The C compiler identification is GNU 13.3.0
[0.219s] -- The CXX compiler identification is GNU 13.3.0
[0.245s] -- Detecting C compiler ABI info
[0.364s] -- Detecting C compiler ABI info - done
[0.377s] -- Check for working C compiler: /usr/bin/cc - skipped
[0.378s] -- Detecting C compile features
[0.379s] -- Detecting C compile features - done
[0.390s] -- Detecting CXX compiler ABI info
[0.504s] -- Detecting CXX compiler ABI info - done
[0.511s] -- Check for working CXX compiler: /usr/bin/c++ - skipped
[0.511s] -- Detecting CXX compile features
[0.511s] -- Detecting CXX compile features - done
[0.524s] -- Found ament_cmake: 2.5.4 (/opt/ros/jazzy/share/ament_cmake/cmake)
[0.659s] -- Found Python3: /usr/bin/python3 (found version "3.12.3") found components: Interpreter 
[0.824s] -- Configuring done (0.8s)
[0.825s] -- Generating done (0.0s)
[0.826s] -- Build files have been written to: /home/kunal-jazzy/vision_autonomous_rover/src/rover_bringup/build/rover_bringup
[0.830s] Invoked command in '/home/kunal-jazzy/vision_autonomous_rover/src/rover_bringup/build/rover_bringup' returned '0': CMAKE_PREFIX_PATH=${CMAKE_PREFIX_PATH}:/opt/ros/jazzy DEBUGINFOD_URLS=https://debuginfod.ubuntu.com /usr/bin/cmake /home/kunal-jazzy/vision_autonomous_rover/src/rover_bringup -DCMAKE_INSTALL_PREFIX=/home/kunal-jazzy/vision_autonomous_rover/src/rover_bringup/install/rover_bringup
[0.831s] Invoking command in '/home/kunal-jazzy/vision_autonomous_rover/src/rover_bringup/build/rover_bringup': CMAKE_PREFIX_PATH=${CMAKE_PREFIX_PATH}:/opt/ros/jazzy DEBUGINFOD_URLS=https://debuginfod.ubuntu.com /usr/bin/cmake --build /home/kunal-jazzy/vision_autonomous_rover/src/rover_bringup/build/rover_bringup -- -j12 -l12
[0.864s] Invoked command in '/home/kunal-jazzy/vision_autonomous_rover/src/rover_bringup/build/rover_bringup' returned '0': CMAKE_PREFIX_PATH=${CMAKE_PREFIX_PATH}:/opt/ros/jazzy DEBUGINFOD_URLS=https://debuginfod.ubuntu.com /usr/bin/cmake --build /home/kunal-jazzy/vision_autonomous_rover/src/rover_bringup/build/rover_bringup -- -j12 -l12
[0.879s] Invoking command in '/home/kunal-jazzy/vision_autonomous_rover/src/rover_bringup/build/rover_bringup': CMAKE_PREFIX_PATH=${CMAKE_PREFIX_PATH}:/opt/ros/jazzy DEBUGINFOD_URLS=https://debuginfod.ubuntu.com /usr/bin/cmake --install /home/kunal-jazzy/vision_autonomous_rover/src/rover_bringup/build/rover_bringup
[0.890s] -- Install configuration: ""
[0.891s] -- Installing: /home/kunal-jazzy/vision_autonomous_rover/src/rover_bringup/install/rover_bringup/share/rover_bringup//launch
[0.891s] -- Installing: /home/kunal-jazzy/vision_autonomous_rover/src/rover_bringup/install/rover_bringup/share/rover_bringup//launch/rover.launch.xml
[0.891s] -- Installing: /home/kunal-jazzy/vision_autonomous_rover/src/rover_bringup/install/rover_bringup/share/rover_bringup//config
[0.891s] -- Installing: /home/kunal-jazzy/vision_autonomous_rover/src/rover_bringup/install/rover_bringup/share/ament_index/resource_index/package_run_dependencies/rover_bringup
[0.891s] -- Installing: /home/kunal-jazzy/vision_autonomous_rover/src/rover_bringup/install/rover_bringup/share/ament_index/resource_index/parent_prefix_path/rover_bringup
[0.891s] -- Installing: /home/kunal-jazzy/vision_autonomous_rover/src/rover_bringup/install/rover_bringup/share/rover_bringup/environment/ament_prefix_path.sh
[0.891s] -- Installing: /home/kunal-jazzy/vision_autonomous_rover/src/rover_bringup/install/rover_bringup/share/rover_bringup/environment/ament_prefix_path.dsv
[0.892s] -- Installing: /home/kunal-jazzy/vision_autonomous_rover/src/rover_bringup/install/rover_bringup/share/rover_bringup/environment/path.sh
[0.892s] -- Installing: /home/kunal-jazzy/vision_autonomous_rover/src/rover_bringup/install/rover_bringup/share/rover_bringup/environment/path.dsv
[0.892s] -- Installing: /home/kunal-jazzy/vision_autonomous_rover/src/rover_bringup/install/rover_bringup/share/rover_bringup/local_setup.bash
[0.892s] -- Installing: /home/kunal-jazzy/vision_autonomous_rover/src/rover_bringup/install/rover_bringup/share/rover_bringup/local_setup.sh
[0.892s] -- Installing: /home/kunal-jazzy/vision_autonomous_rover/src/rover_bringup/install/rover_bringup/share/rover_bringup/local_setup.zsh
[0.892s] -- Installing: /home/kunal-jazzy/vision_autonomous_rover/src/rover_bringup/install/rover_bringup/share/rover_bringup/local_setup.dsv
[0.893s] -- Installing: /home/kunal-jazzy/vision_autonomous_rover/src/rover_bringup/install/rover_bringup/share/rover_bringup/package.dsv
[0.893s] -- Installing: /home/kunal-jazzy/vision_autonomous_rover/src/rover_bringup/install/rover_bringup/share/ament_index/resource_index/packages/rover_bringup
[0.893s] -- Installing: /home/kunal-jazzy/vision_autonomous_rover/src/rover_bringup/install/rover_bringup/share/rover_bringup/cmake/rover_bringupConfig.cmake
[0.894s] -- Installing: /home/kunal-jazzy/vision_autonomous_rover/src/rover_bringup/install/rover_bringup/share/rover_bringup/cmake/rover_bringupConfig-version.cmake
[0.894s] -- Installing: /home/kunal-jazzy/vision_autonomous_rover/src/rover_bringup/install/rover_bringup/share/rover_bringup/package.xml
[0.894s] Invoked command in '/home/kunal-jazzy/vision_autonomous_rover/src/rover_bringup/build/rover_bringup' returned '0': CMAKE_PREFIX_PATH=${CMAKE_PREFIX_PATH}:/opt/ros/jazzy DEBUGINFOD_URLS=https://debuginfod.ubuntu.com /usr/bin/cmake --install /home/kunal-jazzy/vision_autonomous_rover/src/rover_bringup/build/rover_bringup
