[0.221s] DEBUG:colcon:Command line arguments: ['/usr/bin/colcon', 'build']
[0.221s] DEBUG:colcon:Parsed command line arguments: Namespace(log_base=None, log_level=None, verb_name='build', build_base='build', install_base='install', merge_install=False, symlink_install=False, test_result_base=None, continue_on_error=False, executor='parallel', parallel_workers=12, event_handlers=None, ignore_user_meta=False, metas=['./colcon.meta'], base_paths=['.'], packages_ignore=None, packages_ignore_regex=None, paths=None, packages_up_to=None, packages_up_to_regex=None, packages_above=None, packages_above_and_dependencies=None, packages_above_depth=None, packages_select_by_dep=None, packages_skip_by_dep=None, packages_skip_up_to=None, packages_select_build_failed=False, packages_skip_build_finished=False, packages_select_test_failures=False, packages_skip_test_passed=False, packages_select=None, packages_skip=None, packages_select_regex=None, packages_skip_regex=None, packages_start=None, packages_end=None, allow_overriding=[], cmake_args=None, cmake_target=None, cmake_target_skip_unavailable=False, cmake_clean_cache=False, cmake_clean_first=False, cmake_force_configure=False, ament_cmake_args=None, catkin_cmake_args=None, catkin_skip_building_tests=False, mixin_files=None, mixin=None, verb_parser=<colcon_mixin.mixin.mixin_argument.MixinArgumentDecorator object at 0x79b11ea21c70>, verb_extension=<colcon_core.verb.build.BuildVerb object at 0x79b11ea219a0>, main=<bound method BuildVerb.main of <colcon_core.verb.build.BuildVerb object at 0x79b11ea219a0>>, mixin_verb=('build',))
[0.328s] Level 1:colcon.colcon_core.package_discovery:discover_packages(colcon_meta) check parameters
[0.329s] Level 1:colcon.colcon_core.package_discovery:discover_packages(recursive) check parameters
[0.329s] Level 1:colcon.colcon_core.package_discovery:discover_packages(ignore) check parameters
[0.329s] Level 1:colcon.colcon_core.package_discovery:discover_packages(path) check parameters
[0.329s] Level 1:colcon.colcon_core.package_discovery:discover_packages(colcon_meta) discover
[0.330s] Level 1:colcon.colcon_core.package_discovery:discover_packages(recursive) discover
[0.330s] INFO:colcon.colcon_core.package_discovery:Crawling recursively for packages in '/home/kunal-jazzy/vision_autonomous_rover'
[0.330s] Level 1:colcon.colcon_core.package_identification:_identify(.) by extensions ['ignore', 'ignore_ament_install']
[0.331s] Level 1:colcon.colcon_core.package_identification:_identify(.) by extension 'ignore'
[0.331s] Level 1:colcon.colcon_core.package_identification:_identify(.) by extension 'ignore_ament_install'
[0.331s] Level 1:colcon.colcon_core.package_identification:_identify(.) by extensions ['colcon_pkg']
[0.331s] Level 1:colcon.colcon_core.package_identification:_identify(.) by extension 'colcon_pkg'
[0.332s] Level 1:colcon.colcon_core.package_identification:_identify(.) by extensions ['colcon_meta']
[0.332s] Level 1:colcon.colcon_core.package_identification:_identify(.) by extension 'colcon_meta'
[0.332s] Level 1:colcon.colcon_core.package_identification:_identify(.) by extensions ['ros']
[0.332s] Level 1:colcon.colcon_core.package_identification:_identify(.) by extension 'ros'
[0.416s] Level 1:colcon.colcon_core.package_identification:_identify(.) by extensions ['cmake', 'python']
[0.417s] Level 1:colcon.colcon_core.package_identification:_identify(.) by extension 'cmake'
[0.417s] Level 1:colcon.colcon_core.package_identification:_identify(.) by extension 'python'
[0.417s] Level 1:colcon.colcon_core.package_identification:_identify(.) by extensions ['python_setup_py']
[0.417s] Level 1:colcon.colcon_core.package_identification:_identify(.) by extension 'python_setup_py'
[0.417s] Level 1:colcon.colcon_core.package_identification:_identify(build) by extensions ['ignore', 'ignore_ament_install']
[0.417s] Level 1:colcon.colcon_core.package_identification:_identify(build) by extension 'ignore'
[0.417s] Level 1:colcon.colcon_core.package_identification:_identify(build) ignored
[0.417s] Level 1:colcon.colcon_core.package_identification:_identify(install) by extensions ['ignore', 'ignore_ament_install']
[0.418s] Level 1:colcon.colcon_core.package_identification:_identify(install) by extension 'ignore'
[0.418s] Level 1:colcon.colcon_core.package_identification:_identify(install) ignored
[0.418s] Level 1:colcon.colcon_core.package_identification:_identify(log) by extensions ['ignore', 'ignore_ament_install']
[0.418s] Level 1:colcon.colcon_core.package_identification:_identify(log) by extension 'ignore'
[0.419s] Level 1:colcon.colcon_core.package_identification:_identify(log) ignored
[0.419s] Level 1:colcon.colcon_core.package_identification:_identify(src) by extensions ['ignore', 'ignore_ament_install']
[0.419s] Level 1:colcon.colcon_core.package_identification:_identify(src) by extension 'ignore'
[0.419s] Level 1:colcon.colcon_core.package_identification:_identify(src) by extension 'ignore_ament_install'
[0.420s] Level 1:colcon.colcon_core.package_identification:_identify(src) by extensions ['colcon_pkg']
[0.420s] Level 1:colcon.colcon_core.package_identification:_identify(src) by extension 'colcon_pkg'
[0.420s] Level 1:colcon.colcon_core.package_identification:_identify(src) by extensions ['colcon_meta']
[0.420s] Level 1:colcon.colcon_core.package_identification:_identify(src) by extension 'colcon_meta'
[0.420s] Level 1:colcon.colcon_core.package_identification:_identify(src) by extensions ['ros']
[0.420s] Level 1:colcon.colcon_core.package_identification:_identify(src) by extension 'ros'
[0.420s] Level 1:colcon.colcon_core.package_identification:_identify(src) by extensions ['cmake', 'python']
[0.420s] Level 1:colcon.colcon_core.package_identification:_identify(src) by extension 'cmake'
[0.420s] Level 1:colcon.colcon_core.package_identification:_identify(src) by extension 'python'
[0.420s] Level 1:colcon.colcon_core.package_identification:_identify(src) by extensions ['python_setup_py']
[0.420s] Level 1:colcon.colcon_core.package_identification:_identify(src) by extension 'python_setup_py'
[0.420s] Level 1:colcon.colcon_core.package_identification:_identify(src/autonomous_rover_description) by extensions ['ignore', 'ignore_ament_install']
[0.421s] Level 1:colcon.colcon_core.package_identification:_identify(src/autonomous_rover_description) by extension 'ignore'
[0.421s] Level 1:colcon.colcon_core.package_identification:_identify(src/autonomous_rover_description) by extension 'ignore_ament_install'
[0.421s] Level 1:colcon.colcon_core.package_identification:_identify(src/autonomous_rover_description) by extensions ['colcon_pkg']
[0.421s] Level 1:colcon.colcon_core.package_identification:_identify(src/autonomous_rover_description) by extension 'colcon_pkg'
[0.421s] Level 1:colcon.colcon_core.package_identification:_identify(src/autonomous_rover_description) by extensions ['colcon_meta']
[0.421s] Level 1:colcon.colcon_core.package_identification:_identify(src/autonomous_rover_description) by extension 'colcon_meta'
[0.421s] Level 1:colcon.colcon_core.package_identification:_identify(src/autonomous_rover_description) by extensions ['ros']
[0.421s] Level 1:colcon.colcon_core.package_identification:_identify(src/autonomous_rover_description) by extension 'ros'
[0.427s] DEBUG:colcon.colcon_core.package_identification:Package 'src/autonomous_rover_description' with type 'ros.ament_cmake' and name 'autonomous_rover_description'
[0.427s] Level 1:colcon.colcon_core.package_identification:_identify(src/log) by extensions ['ignore', 'ignore_ament_install']
[0.428s] Level 1:colcon.colcon_core.package_identification:_identify(src/log) by extension 'ignore'
[0.428s] Level 1:colcon.colcon_core.package_identification:_identify(src/log) ignored
[0.428s] Level 1:colcon.colcon_core.package_identification:_identify(src/rover_bringup) by extensions ['ignore', 'ignore_ament_install']
[0.428s] Level 1:colcon.colcon_core.package_identification:_identify(src/rover_bringup) by extension 'ignore'
[0.428s] Level 1:colcon.colcon_core.package_identification:_identify(src/rover_bringup) by extension 'ignore_ament_install'
[0.429s] Level 1:colcon.colcon_core.package_identification:_identify(src/rover_bringup) by extensions ['colcon_pkg']
[0.429s] Level 1:colcon.colcon_core.package_identification:_identify(src/rover_bringup) by extension 'colcon_pkg'
[0.429s] Level 1:colcon.colcon_core.package_identification:_identify(src/rover_bringup) by extensions ['colcon_meta']
[0.429s] Level 1:colcon.colcon_core.package_identification:_identify(src/rover_bringup) by extension 'colcon_meta'
[0.429s] Level 1:colcon.colcon_core.package_identification:_identify(src/rover_bringup) by extensions ['ros']
[0.429s] Level 1:colcon.colcon_core.package_identification:_identify(src/rover_bringup) by extension 'ros'
[0.430s] DEBUG:colcon.colcon_core.package_identification:Package 'src/rover_bringup' with type 'ros.ament_cmake' and name 'rover_bringup'
[0.430s] Level 1:colcon.colcon_core.package_identification:_identify(src/rover_control) by extensions ['ignore', 'ignore_ament_install']
[0.431s] Level 1:colcon.colcon_core.package_identification:_identify(src/rover_control) by extension 'ignore'
[0.431s] Level 1:colcon.colcon_core.package_identification:_identify(src/rover_control) by extension 'ignore_ament_install'
[0.431s] Level 1:colcon.colcon_core.package_identification:_identify(src/rover_control) by extensions ['colcon_pkg']
[0.431s] Level 1:colcon.colcon_core.package_identification:_identify(src/rover_control) by extension 'colcon_pkg'
[0.431s] Level 1:colcon.colcon_core.package_identification:_identify(src/rover_control) by extensions ['colcon_meta']
[0.431s] Level 1:colcon.colcon_core.package_identification:_identify(src/rover_control) by extension 'colcon_meta'
[0.431s] Level 1:colcon.colcon_core.package_identification:_identify(src/rover_control) by extensions ['ros']
[0.431s] Level 1:colcon.colcon_core.package_identification:_identify(src/rover_control) by extension 'ros'
[0.432s] DEBUG:colcon.colcon_core.package_identification:Package 'src/rover_control' with type 'ros.ament_python' and name 'rover_control'
[0.432s] Level 1:colcon.colcon_core.package_discovery:discover_packages(recursive) using defaults
[0.432s] Level 1:colcon.colcon_core.package_discovery:discover_packages(ignore) discover
[0.432s] Level 1:colcon.colcon_core.package_discovery:discover_packages(ignore) using defaults
[0.433s] Level 1:colcon.colcon_core.package_discovery:discover_packages(path) discover
[0.433s] Level 1:colcon.colcon_core.package_discovery:discover_packages(path) using defaults
[0.469s] Level 1:colcon.colcon_core.package_discovery:discover_packages(prefix_path) check parameters
[0.469s] Level 1:colcon.colcon_core.package_discovery:discover_packages(prefix_path) discover
[0.471s] DEBUG:colcon.colcon_installed_package_information.package_discovery:Found 3 installed packages in /home/kunal-jazzy/vision_autonomous_rover/install
[0.472s] DEBUG:colcon.colcon_installed_package_information.package_discovery:Found 3 installed packages in /home/kunal-jazzy/Desktop/fws_robot_harmonic/install
[0.473s] DEBUG:colcon.colcon_installed_package_information.package_discovery:Found 2 installed packages in /home/kunal-jazzy/my_robot_ws/install
[0.475s] DEBUG:colcon.colcon_installed_package_information.package_discovery:Found 319 installed packages in /opt/ros/jazzy
[0.477s] Level 1:colcon.colcon_core.package_discovery:discover_packages(prefix_path) using defaults
[0.528s] Level 5:colcon.colcon_core.verb:set package 'autonomous_rover_description' build argument 'cmake_args' from command line to 'None'
[0.528s] Level 5:colcon.colcon_core.verb:set package 'autonomous_rover_description' build argument 'cmake_target' from command line to 'None'
[0.528s] Level 5:colcon.colcon_core.verb:set package 'autonomous_rover_description' build argument 'cmake_target_skip_unavailable' from command line to 'False'
[0.528s] Level 5:colcon.colcon_core.verb:set package 'autonomous_rover_description' build argument 'cmake_clean_cache' from command line to 'False'
[0.528s] Level 5:colcon.colcon_core.verb:set package 'autonomous_rover_description' build argument 'cmake_clean_first' from command line to 'False'
[0.528s] Level 5:colcon.colcon_core.verb:set package 'autonomous_rover_description' build argument 'cmake_force_configure' from command line to 'False'
[0.528s] Level 5:colcon.colcon_core.verb:set package 'autonomous_rover_description' build argument 'ament_cmake_args' from command line to 'None'
[0.528s] Level 5:colcon.colcon_core.verb:set package 'autonomous_rover_description' build argument 'catkin_cmake_args' from command line to 'None'
[0.528s] Level 5:colcon.colcon_core.verb:set package 'autonomous_rover_description' build argument 'catkin_skip_building_tests' from command line to 'False'
[0.528s] DEBUG:colcon.colcon_core.verb:Building package 'autonomous_rover_description' with the following arguments: {'ament_cmake_args': None, 'build_base': '/home/kunal-jazzy/vision_autonomous_rover/build/autonomous_rover_description', 'catkin_cmake_args': None, 'catkin_skip_building_tests': False, 'cmake_args': None, 'cmake_clean_cache': False, 'cmake_clean_first': False, 'cmake_force_configure': False, 'cmake_target': None, 'cmake_target_skip_unavailable': False, 'install_base': '/home/kunal-jazzy/vision_autonomous_rover/install/autonomous_rover_description', 'merge_install': False, 'path': '/home/kunal-jazzy/vision_autonomous_rover/src/autonomous_rover_description', 'symlink_install': False, 'test_result_base': None}
[0.529s] Level 5:colcon.colcon_core.verb:set package 'rover_control' build argument 'cmake_args' from command line to 'None'
[0.529s] Level 5:colcon.colcon_core.verb:set package 'rover_control' build argument 'cmake_target' from command line to 'None'
[0.529s] Level 5:colcon.colcon_core.verb:set package 'rover_control' build argument 'cmake_target_skip_unavailable' from command line to 'False'
[0.529s] Level 5:colcon.colcon_core.verb:set package 'rover_control' build argument 'cmake_clean_cache' from command line to 'False'
[0.529s] Level 5:colcon.colcon_core.verb:set package 'rover_control' build argument 'cmake_clean_first' from command line to 'False'
[0.529s] Level 5:colcon.colcon_core.verb:set package 'rover_control' build argument 'cmake_force_configure' from command line to 'False'
[0.529s] Level 5:colcon.colcon_core.verb:set package 'rover_control' build argument 'ament_cmake_args' from command line to 'None'
[0.529s] Level 5:colcon.colcon_core.verb:set package 'rover_control' build argument 'catkin_cmake_args' from command line to 'None'
[0.529s] Level 5:colcon.colcon_core.verb:set package 'rover_control' build argument 'catkin_skip_building_tests' from command line to 'False'
[0.529s] DEBUG:colcon.colcon_core.verb:Building package 'rover_control' with the following arguments: {'ament_cmake_args': None, 'build_base': '/home/kunal-jazzy/vision_autonomous_rover/build/rover_control', 'catkin_cmake_args': None, 'catkin_skip_building_tests': False, 'cmake_args': None, 'cmake_clean_cache': False, 'cmake_clean_first': False, 'cmake_force_configure': False, 'cmake_target': None, 'cmake_target_skip_unavailable': False, 'install_base': '/home/kunal-jazzy/vision_autonomous_rover/install/rover_control', 'merge_install': False, 'path': '/home/kunal-jazzy/vision_autonomous_rover/src/rover_control', 'symlink_install': False, 'test_result_base': None}
[0.529s] Level 5:colcon.colcon_core.verb:set package 'rover_bringup' build argument 'cmake_args' from command line to 'None'
[0.529s] Level 5:colcon.colcon_core.verb:set package 'rover_bringup' build argument 'cmake_target' from command line to 'None'
[0.529s] Level 5:colcon.colcon_core.verb:set package 'rover_bringup' build argument 'cmake_target_skip_unavailable' from command line to 'False'
[0.529s] Level 5:colcon.colcon_core.verb:set package 'rover_bringup' build argument 'cmake_clean_cache' from command line to 'False'
[0.529s] Level 5:colcon.colcon_core.verb:set package 'rover_bringup' build argument 'cmake_clean_first' from command line to 'False'
[0.529s] Level 5:colcon.colcon_core.verb:set package 'rover_bringup' build argument 'cmake_force_configure' from command line to 'False'
[0.529s] Level 5:colcon.colcon_core.verb:set package 'rover_bringup' build argument 'ament_cmake_args' from command line to 'None'
[0.529s] Level 5:colcon.colcon_core.verb:set package 'rover_bringup' build argument 'catkin_cmake_args' from command line to 'None'
[0.529s] Level 5:colcon.colcon_core.verb:set package 'rover_bringup' build argument 'catkin_skip_building_tests' from command line to 'False'
[0.529s] DEBUG:colcon.colcon_core.verb:Building package 'rover_bringup' with the following arguments: {'ament_cmake_args': None, 'build_base': '/home/kunal-jazzy/vision_autonomous_rover/build/rover_bringup', 'catkin_cmake_args': None, 'catkin_skip_building_tests': False, 'cmake_args': None, 'cmake_clean_cache': False, 'cmake_clean_first': False, 'cmake_force_configure': False, 'cmake_target': None, 'cmake_target_skip_unavailable': False, 'install_base': '/home/kunal-jazzy/vision_autonomous_rover/install/rover_bringup', 'merge_install': False, 'path': '/home/kunal-jazzy/vision_autonomous_rover/src/rover_bringup', 'symlink_install': False, 'test_result_base': None}
[0.530s] INFO:colcon.colcon_core.executor:Executing jobs using 'parallel' executor
[0.531s] DEBUG:colcon.colcon_parallel_executor.executor.parallel:run_until_complete
[0.532s] INFO:colcon.colcon_ros.task.ament_cmake.build:Building ROS package in '/home/kunal-jazzy/vision_autonomous_rover/src/autonomous_rover_description' with build type 'ament_cmake'
[0.532s] INFO:colcon.colcon_cmake.task.cmake.build:Building CMake package in '/home/kunal-jazzy/vision_autonomous_rover/src/autonomous_rover_description'
[0.535s] INFO:colcon.colcon_core.plugin_system:Skipping extension 'colcon_core.shell.bat': Not used on non-Windows systems
[0.535s] INFO:colcon.colcon_core.shell:Skip shell extension 'powershell' for command environment: Not usable outside of PowerShell
[0.535s] DEBUG:colcon.colcon_core.shell:Skip shell extension 'dsv' for command environment
[0.543s] INFO:colcon.colcon_ros.task.ament_python.build:Building ROS package in '/home/kunal-jazzy/vision_autonomous_rover/src/rover_control' with build type 'ament_python'
[0.543s] Level 1:colcon.colcon_core.shell:create_environment_hook('rover_control', 'ament_prefix_path')
[0.543s] INFO:colcon.colcon_core.shell:Creating environment hook '/home/kunal-jazzy/vision_autonomous_rover/install/rover_control/share/rover_control/hook/ament_prefix_path.ps1'
[0.544s] INFO:colcon.colcon_core.shell:Creating environment descriptor '/home/kunal-jazzy/vision_autonomous_rover/install/rover_control/share/rover_control/hook/ament_prefix_path.dsv'
[0.545s] INFO:colcon.colcon_core.shell:Creating environment hook '/home/kunal-jazzy/vision_autonomous_rover/install/rover_control/share/rover_control/hook/ament_prefix_path.sh'
[0.546s] INFO:colcon.colcon_core.shell:Skip shell extension 'powershell' for command environment: Not usable outside of PowerShell
[0.546s] DEBUG:colcon.colcon_core.shell:Skip shell extension 'dsv' for command environment
[0.569s] DEBUG:colcon.colcon_core.event_handler.log_command:Invoking command in '/home/kunal-jazzy/vision_autonomous_rover/build/autonomous_rover_description': CMAKE_PREFIX_PATH=${CMAKE_PREFIX_PATH}:/home/kunal-jazzy/vision_autonomous_rover/install/rover_control:/opt/ros/jazzy DEBUGINFOD_URLS=https://debuginfod.ubuntu.com /usr/bin/cmake --build /home/kunal-jazzy/vision_autonomous_rover/build/autonomous_rover_description -- -j12 -l12
[0.983s] INFO:colcon.colcon_core.task.python.build:Building Python package in '/home/kunal-jazzy/vision_autonomous_rover/src/rover_control'
[0.983s] INFO:colcon.colcon_core.shell:Skip shell extension 'powershell' for command environment: Not usable outside of PowerShell
[0.983s] DEBUG:colcon.colcon_core.shell:Skip shell extension 'dsv' for command environment
[0.990s] DEBUG:colcon.colcon_core.event_handler.log_command:Invoked command in '/home/kunal-jazzy/vision_autonomous_rover/build/autonomous_rover_description' returned '0': CMAKE_PREFIX_PATH=${CMAKE_PREFIX_PATH}:/home/kunal-jazzy/vision_autonomous_rover/install/rover_control:/opt/ros/jazzy DEBUGINFOD_URLS=https://debuginfod.ubuntu.com /usr/bin/cmake --build /home/kunal-jazzy/vision_autonomous_rover/build/autonomous_rover_description -- -j12 -l12
[1.004s] DEBUG:colcon.colcon_core.event_handler.log_command:Invoking command in '/home/kunal-jazzy/vision_autonomous_rover/build/autonomous_rover_description': CMAKE_PREFIX_PATH=${CMAKE_PREFIX_PATH}:/home/kunal-jazzy/vision_autonomous_rover/install/rover_control:/opt/ros/jazzy DEBUGINFOD_URLS=https://debuginfod.ubuntu.com /usr/bin/cmake --install /home/kunal-jazzy/vision_autonomous_rover/build/autonomous_rover_description
[1.023s] Level 1:colcon.colcon_core.environment:create_environment_scripts_only(autonomous_rover_description)
[1.027s] DEBUG:colcon.colcon_core.event_handler.log_command:Invoked command in '/home/kunal-jazzy/vision_autonomous_rover/build/autonomous_rover_description' returned '0': CMAKE_PREFIX_PATH=${CMAKE_PREFIX_PATH}:/home/kunal-jazzy/vision_autonomous_rover/install/rover_control:/opt/ros/jazzy DEBUGINFOD_URLS=https://debuginfod.ubuntu.com /usr/bin/cmake --install /home/kunal-jazzy/vision_autonomous_rover/build/autonomous_rover_description
[1.029s] Level 1:colcon.colcon_core.environment:checking '/home/kunal-jazzy/vision_autonomous_rover/install/autonomous_rover_description' for CMake module files
[1.030s] Level 1:colcon.colcon_core.environment:checking '/home/kunal-jazzy/vision_autonomous_rover/install/autonomous_rover_description' for CMake config files
[1.031s] Level 1:colcon.colcon_core.shell:create_environment_hook('autonomous_rover_description', 'cmake_prefix_path')
[1.031s] INFO:colcon.colcon_core.shell:Creating environment hook '/home/kunal-jazzy/vision_autonomous_rover/install/autonomous_rover_description/share/autonomous_rover_description/hook/cmake_prefix_path.ps1'
[1.032s] INFO:colcon.colcon_core.shell:Creating environment descriptor '/home/kunal-jazzy/vision_autonomous_rover/install/autonomous_rover_description/share/autonomous_rover_description/hook/cmake_prefix_path.dsv'
[1.032s] INFO:colcon.colcon_core.shell:Creating environment hook '/home/kunal-jazzy/vision_autonomous_rover/install/autonomous_rover_description/share/autonomous_rover_description/hook/cmake_prefix_path.sh'
[1.034s] Level 1:colcon.colcon_core.environment:checking '/home/kunal-jazzy/vision_autonomous_rover/install/autonomous_rover_description/bin'
[1.034s] Level 1:colcon.colcon_core.environment:checking '/home/kunal-jazzy/vision_autonomous_rover/install/autonomous_rover_description/lib/pkgconfig/autonomous_rover_description.pc'
[1.035s] Level 1:colcon.colcon_core.environment:checking '/home/kunal-jazzy/vision_autonomous_rover/install/autonomous_rover_description/lib/python3.12/site-packages'
[1.036s] Level 1:colcon.colcon_core.environment:checking '/home/kunal-jazzy/vision_autonomous_rover/install/autonomous_rover_description/bin'
[1.036s] INFO:colcon.colcon_core.shell:Creating package script '/home/kunal-jazzy/vision_autonomous_rover/install/autonomous_rover_description/share/autonomous_rover_description/package.ps1'
[1.038s] INFO:colcon.colcon_core.shell:Creating package descriptor '/home/kunal-jazzy/vision_autonomous_rover/install/autonomous_rover_description/share/autonomous_rover_description/package.dsv'
[1.039s] INFO:colcon.colcon_core.shell:Creating package script '/home/kunal-jazzy/vision_autonomous_rover/install/autonomous_rover_description/share/autonomous_rover_description/package.sh'
[1.040s] INFO:colcon.colcon_core.shell:Creating package script '/home/kunal-jazzy/vision_autonomous_rover/install/autonomous_rover_description/share/autonomous_rover_description/package.bash'
[1.041s] INFO:colcon.colcon_core.shell:Creating package script '/home/kunal-jazzy/vision_autonomous_rover/install/autonomous_rover_description/share/autonomous_rover_description/package.zsh'
[1.042s] Level 1:colcon.colcon_core.environment:create_file_with_runtime_dependencies(/home/kunal-jazzy/vision_autonomous_rover/install/autonomous_rover_description/share/colcon-core/packages/autonomous_rover_description)
[1.043s] Level 1:colcon.colcon_core.environment:create_environment_scripts_only(autonomous_rover_description)
[1.043s] Level 1:colcon.colcon_core.environment:checking '/home/kunal-jazzy/vision_autonomous_rover/install/autonomous_rover_description' for CMake module files
[1.044s] Level 1:colcon.colcon_core.environment:checking '/home/kunal-jazzy/vision_autonomous_rover/install/autonomous_rover_description' for CMake config files
[1.045s] Level 1:colcon.colcon_core.shell:create_environment_hook('autonomous_rover_description', 'cmake_prefix_path')
[1.045s] INFO:colcon.colcon_core.shell:Creating environment hook '/home/kunal-jazzy/vision_autonomous_rover/install/autonomous_rover_description/share/autonomous_rover_description/hook/cmake_prefix_path.ps1'
[1.046s] INFO:colcon.colcon_core.shell:Creating environment descriptor '/home/kunal-jazzy/vision_autonomous_rover/install/autonomous_rover_description/share/autonomous_rover_description/hook/cmake_prefix_path.dsv'
[1.046s] INFO:colcon.colcon_core.shell:Creating environment hook '/home/kunal-jazzy/vision_autonomous_rover/install/autonomous_rover_description/share/autonomous_rover_description/hook/cmake_prefix_path.sh'
[1.047s] Level 1:colcon.colcon_core.environment:checking '/home/kunal-jazzy/vision_autonomous_rover/install/autonomous_rover_description/bin'
[1.047s] Level 1:colcon.colcon_core.environment:checking '/home/kunal-jazzy/vision_autonomous_rover/install/autonomous_rover_description/lib/pkgconfig/autonomous_rover_description.pc'
[1.047s] Level 1:colcon.colcon_core.environment:checking '/home/kunal-jazzy/vision_autonomous_rover/install/autonomous_rover_description/lib/python3.12/site-packages'
[1.048s] Level 1:colcon.colcon_core.environment:checking '/home/kunal-jazzy/vision_autonomous_rover/install/autonomous_rover_description/bin'
[1.048s] INFO:colcon.colcon_core.shell:Creating package script '/home/kunal-jazzy/vision_autonomous_rover/install/autonomous_rover_description/share/autonomous_rover_description/package.ps1'
[1.049s] INFO:colcon.colcon_core.shell:Creating package descriptor '/home/kunal-jazzy/vision_autonomous_rover/install/autonomous_rover_description/share/autonomous_rover_description/package.dsv'
[1.050s] INFO:colcon.colcon_core.shell:Creating package script '/home/kunal-jazzy/vision_autonomous_rover/install/autonomous_rover_description/share/autonomous_rover_description/package.sh'
[1.050s] INFO:colcon.colcon_core.shell:Creating package script '/home/kunal-jazzy/vision_autonomous_rover/install/autonomous_rover_description/share/autonomous_rover_description/package.bash'
[1.051s] INFO:colcon.colcon_core.shell:Creating package script '/home/kunal-jazzy/vision_autonomous_rover/install/autonomous_rover_description/share/autonomous_rover_description/package.zsh'
[1.051s] Level 1:colcon.colcon_core.environment:create_file_with_runtime_dependencies(/home/kunal-jazzy/vision_autonomous_rover/install/autonomous_rover_description/share/colcon-core/packages/autonomous_rover_description)
[1.052s] INFO:colcon.colcon_ros.task.ament_cmake.build:Building ROS package in '/home/kunal-jazzy/vision_autonomous_rover/src/rover_bringup' with build type 'ament_cmake'
[1.052s] INFO:colcon.colcon_cmake.task.cmake.build:Building CMake package in '/home/kunal-jazzy/vision_autonomous_rover/src/rover_bringup'
[1.052s] INFO:colcon.colcon_core.shell:Skip shell extension 'powershell' for command environment: Not usable outside of PowerShell
[1.053s] DEBUG:colcon.colcon_core.shell:Skip shell extension 'dsv' for command environment
[1.070s] DEBUG:colcon.colcon_core.event_handler.log_command:Invoking command in '/home/kunal-jazzy/vision_autonomous_rover/build/rover_bringup': CMAKE_PREFIX_PATH=/home/kunal-jazzy/vision_autonomous_rover/install/autonomous_rover_description:/home/kunal-jazzy/vision_autonomous_rover/install/rover_bringup:/home/kunal-jazzy/Desktop/fws_robot_harmonic/install/velocity_pub:/home/kunal-jazzy/Desktop/fws_robot_harmonic/install/fws_robot_sim:/home/kunal-jazzy/Desktop/fws_robot_harmonic/install/fws_robot_description:/home/kunal-jazzy/my_robot_ws/install/my_robot_bringup:/home/kunal-jazzy/my_robot_ws/install/my_robot_description:/opt/ros/jazzy/opt/gz_sim_vendor:/opt/ros/jazzy/opt/gz_sensors_vendor:/opt/ros/jazzy/opt/gz_physics_vendor:/opt/ros/jazzy/opt/sdformat_vendor:/opt/ros/jazzy/opt/gz_gui_vendor:/opt/ros/jazzy/opt/gz_transport_vendor:/opt/ros/jazzy/opt/gz_rendering_vendor:/opt/ros/jazzy/opt/gz_plugin_vendor:/opt/ros/jazzy/opt/gz_fuel_tools_vendor:/opt/ros/jazzy/opt/gz_msgs_vendor:/opt/ros/jazzy/opt/gz_common_vendor:/opt/ros/jazzy/opt/gz_math_vendor:/opt/ros/jazzy/opt/gz_utils_vendor:/opt/ros/jazzy/opt/gz_tools_vendor:/opt/ros/jazzy/opt/gz_ogre_next_vendor:/opt/ros/jazzy/opt/gz_dartsim_vendor:/opt/ros/jazzy/opt/gz_cmake_vendor:/home/kunal-jazzy/vision_autonomous_rover/install/rover_control:/opt/ros/jazzy DEBUGINFOD_URLS=https://debuginfod.ubuntu.com /usr/bin/cmake --build /home/kunal-jazzy/vision_autonomous_rover/build/rover_bringup -- -j12 -l12
[1.130s] DEBUG:colcon.colcon_core.event_handler.log_command:Invoked command in '/home/kunal-jazzy/vision_autonomous_rover/build/rover_bringup' returned '0': CMAKE_PREFIX_PATH=/home/kunal-jazzy/vision_autonomous_rover/install/autonomous_rover_description:/home/kunal-jazzy/vision_autonomous_rover/install/rover_bringup:/home/kunal-jazzy/Desktop/fws_robot_harmonic/install/velocity_pub:/home/kunal-jazzy/Desktop/fws_robot_harmonic/install/fws_robot_sim:/home/kunal-jazzy/Desktop/fws_robot_harmonic/install/fws_robot_description:/home/kunal-jazzy/my_robot_ws/install/my_robot_bringup:/home/kunal-jazzy/my_robot_ws/install/my_robot_description:/opt/ros/jazzy/opt/gz_sim_vendor:/opt/ros/jazzy/opt/gz_sensors_vendor:/opt/ros/jazzy/opt/gz_physics_vendor:/opt/ros/jazzy/opt/sdformat_vendor:/opt/ros/jazzy/opt/gz_gui_vendor:/opt/ros/jazzy/opt/gz_transport_vendor:/opt/ros/jazzy/opt/gz_rendering_vendor:/opt/ros/jazzy/opt/gz_plugin_vendor:/opt/ros/jazzy/opt/gz_fuel_tools_vendor:/opt/ros/jazzy/opt/gz_msgs_vendor:/opt/ros/jazzy/opt/gz_common_vendor:/opt/ros/jazzy/opt/gz_math_vendor:/opt/ros/jazzy/opt/gz_utils_vendor:/opt/ros/jazzy/opt/gz_tools_vendor:/opt/ros/jazzy/opt/gz_ogre_next_vendor:/opt/ros/jazzy/opt/gz_dartsim_vendor:/opt/ros/jazzy/opt/gz_cmake_vendor:/home/kunal-jazzy/vision_autonomous_rover/install/rover_control:/opt/ros/jazzy DEBUGINFOD_URLS=https://debuginfod.ubuntu.com /usr/bin/cmake --build /home/kunal-jazzy/vision_autonomous_rover/build/rover_bringup -- -j12 -l12
[1.132s] DEBUG:colcon.colcon_core.event_handler.log_command:Invoking command in '/home/kunal-jazzy/vision_autonomous_rover/build/rover_bringup': CMAKE_PREFIX_PATH=/home/kunal-jazzy/vision_autonomous_rover/install/autonomous_rover_description:/home/kunal-jazzy/vision_autonomous_rover/install/rover_bringup:/home/kunal-jazzy/Desktop/fws_robot_harmonic/install/velocity_pub:/home/kunal-jazzy/Desktop/fws_robot_harmonic/install/fws_robot_sim:/home/kunal-jazzy/Desktop/fws_robot_harmonic/install/fws_robot_description:/home/kunal-jazzy/my_robot_ws/install/my_robot_bringup:/home/kunal-jazzy/my_robot_ws/install/my_robot_description:/opt/ros/jazzy/opt/gz_sim_vendor:/opt/ros/jazzy/opt/gz_sensors_vendor:/opt/ros/jazzy/opt/gz_physics_vendor:/opt/ros/jazzy/opt/sdformat_vendor:/opt/ros/jazzy/opt/gz_gui_vendor:/opt/ros/jazzy/opt/gz_transport_vendor:/opt/ros/jazzy/opt/gz_rendering_vendor:/opt/ros/jazzy/opt/gz_plugin_vendor:/opt/ros/jazzy/opt/gz_fuel_tools_vendor:/opt/ros/jazzy/opt/gz_msgs_vendor:/opt/ros/jazzy/opt/gz_common_vendor:/opt/ros/jazzy/opt/gz_math_vendor:/opt/ros/jazzy/opt/gz_utils_vendor:/opt/ros/jazzy/opt/gz_tools_vendor:/opt/ros/jazzy/opt/gz_ogre_next_vendor:/opt/ros/jazzy/opt/gz_dartsim_vendor:/opt/ros/jazzy/opt/gz_cmake_vendor:/home/kunal-jazzy/vision_autonomous_rover/install/rover_control:/opt/ros/jazzy DEBUGINFOD_URLS=https://debuginfod.ubuntu.com /usr/bin/cmake --install /home/kunal-jazzy/vision_autonomous_rover/build/rover_bringup
[1.146s] Level 1:colcon.colcon_core.environment:create_environment_scripts_only(rover_bringup)
[1.147s] Level 1:colcon.colcon_core.environment:checking '/home/kunal-jazzy/vision_autonomous_rover/install/rover_bringup' for CMake module files
[1.148s] DEBUG:colcon.colcon_core.event_handler.log_command:Invoked command in '/home/kunal-jazzy/vision_autonomous_rover/build/rover_bringup' returned '0': CMAKE_PREFIX_PATH=/home/kunal-jazzy/vision_autonomous_rover/install/autonomous_rover_description:/home/kunal-jazzy/vision_autonomous_rover/install/rover_bringup:/home/kunal-jazzy/Desktop/fws_robot_harmonic/install/velocity_pub:/home/kunal-jazzy/Desktop/fws_robot_harmonic/install/fws_robot_sim:/home/kunal-jazzy/Desktop/fws_robot_harmonic/install/fws_robot_description:/home/kunal-jazzy/my_robot_ws/install/my_robot_bringup:/home/kunal-jazzy/my_robot_ws/install/my_robot_description:/opt/ros/jazzy/opt/gz_sim_vendor:/opt/ros/jazzy/opt/gz_sensors_vendor:/opt/ros/jazzy/opt/gz_physics_vendor:/opt/ros/jazzy/opt/sdformat_vendor:/opt/ros/jazzy/opt/gz_gui_vendor:/opt/ros/jazzy/opt/gz_transport_vendor:/opt/ros/jazzy/opt/gz_rendering_vendor:/opt/ros/jazzy/opt/gz_plugin_vendor:/opt/ros/jazzy/opt/gz_fuel_tools_vendor:/opt/ros/jazzy/opt/gz_msgs_vendor:/opt/ros/jazzy/opt/gz_common_vendor:/opt/ros/jazzy/opt/gz_math_vendor:/opt/ros/jazzy/opt/gz_utils_vendor:/opt/ros/jazzy/opt/gz_tools_vendor:/opt/ros/jazzy/opt/gz_ogre_next_vendor:/opt/ros/jazzy/opt/gz_dartsim_vendor:/opt/ros/jazzy/opt/gz_cmake_vendor:/home/kunal-jazzy/vision_autonomous_rover/install/rover_control:/opt/ros/jazzy DEBUGINFOD_URLS=https://debuginfod.ubuntu.com /usr/bin/cmake --install /home/kunal-jazzy/vision_autonomous_rover/build/rover_bringup
[1.148s] Level 1:colcon.colcon_core.environment:checking '/home/kunal-jazzy/vision_autonomous_rover/install/rover_bringup' for CMake config files
[1.149s] Level 1:colcon.colcon_core.shell:create_environment_hook('rover_bringup', 'cmake_prefix_path')
[1.149s] INFO:colcon.colcon_core.shell:Creating environment hook '/home/kunal-jazzy/vision_autonomous_rover/install/rover_bringup/share/rover_bringup/hook/cmake_prefix_path.ps1'
[1.150s] INFO:colcon.colcon_core.shell:Creating environment descriptor '/home/kunal-jazzy/vision_autonomous_rover/install/rover_bringup/share/rover_bringup/hook/cmake_prefix_path.dsv'
[1.151s] INFO:colcon.colcon_core.shell:Creating environment hook '/home/kunal-jazzy/vision_autonomous_rover/install/rover_bringup/share/rover_bringup/hook/cmake_prefix_path.sh'
[1.152s] Level 1:colcon.colcon_core.environment:checking '/home/kunal-jazzy/vision_autonomous_rover/install/rover_bringup/bin'
[1.152s] Level 1:colcon.colcon_core.environment:checking '/home/kunal-jazzy/vision_autonomous_rover/install/rover_bringup/lib/pkgconfig/rover_bringup.pc'
[1.152s] Level 1:colcon.colcon_core.environment:checking '/home/kunal-jazzy/vision_autonomous_rover/install/rover_bringup/lib/python3.12/site-packages'
[1.153s] Level 1:colcon.colcon_core.environment:checking '/home/kunal-jazzy/vision_autonomous_rover/install/rover_bringup/bin'
[1.153s] INFO:colcon.colcon_core.shell:Creating package script '/home/kunal-jazzy/vision_autonomous_rover/install/rover_bringup/share/rover_bringup/package.ps1'
[1.154s] INFO:colcon.colcon_core.shell:Creating package descriptor '/home/kunal-jazzy/vision_autonomous_rover/install/rover_bringup/share/rover_bringup/package.dsv'
[1.155s] INFO:colcon.colcon_core.shell:Creating package script '/home/kunal-jazzy/vision_autonomous_rover/install/rover_bringup/share/rover_bringup/package.sh'
[1.155s] INFO:colcon.colcon_core.shell:Creating package script '/home/kunal-jazzy/vision_autonomous_rover/install/rover_bringup/share/rover_bringup/package.bash'
[1.156s] INFO:colcon.colcon_core.shell:Creating package script '/home/kunal-jazzy/vision_autonomous_rover/install/rover_bringup/share/rover_bringup/package.zsh'
[1.156s] Level 1:colcon.colcon_core.environment:create_file_with_runtime_dependencies(/home/kunal-jazzy/vision_autonomous_rover/install/rover_bringup/share/colcon-core/packages/rover_bringup)
[1.157s] Level 1:colcon.colcon_core.environment:create_environment_scripts_only(rover_bringup)
[1.157s] Level 1:colcon.colcon_core.environment:checking '/home/kunal-jazzy/vision_autonomous_rover/install/rover_bringup' for CMake module files
[1.158s] Level 1:colcon.colcon_core.environment:checking '/home/kunal-jazzy/vision_autonomous_rover/install/rover_bringup' for CMake config files
[1.159s] Level 1:colcon.colcon_core.shell:create_environment_hook('rover_bringup', 'cmake_prefix_path')
[1.159s] INFO:colcon.colcon_core.shell:Creating environment hook '/home/kunal-jazzy/vision_autonomous_rover/install/rover_bringup/share/rover_bringup/hook/cmake_prefix_path.ps1'
[1.160s] INFO:colcon.colcon_core.shell:Creating environment descriptor '/home/kunal-jazzy/vision_autonomous_rover/install/rover_bringup/share/rover_bringup/hook/cmake_prefix_path.dsv'
[1.161s] INFO:colcon.colcon_core.shell:Creating environment hook '/home/kunal-jazzy/vision_autonomous_rover/install/rover_bringup/share/rover_bringup/hook/cmake_prefix_path.sh'
[1.162s] Level 1:colcon.colcon_core.environment:checking '/home/kunal-jazzy/vision_autonomous_rover/install/rover_bringup/bin'
[1.162s] Level 1:colcon.colcon_core.environment:checking '/home/kunal-jazzy/vision_autonomous_rover/install/rover_bringup/lib/pkgconfig/rover_bringup.pc'
[1.163s] Level 1:colcon.colcon_core.environment:checking '/home/kunal-jazzy/vision_autonomous_rover/install/rover_bringup/lib/python3.12/site-packages'
[1.164s] Level 1:colcon.colcon_core.environment:checking '/home/kunal-jazzy/vision_autonomous_rover/install/rover_bringup/bin'
[1.165s] INFO:colcon.colcon_core.shell:Creating package script '/home/kunal-jazzy/vision_autonomous_rover/install/rover_bringup/share/rover_bringup/package.ps1'
[1.166s] INFO:colcon.colcon_core.shell:Creating package descriptor '/home/kunal-jazzy/vision_autonomous_rover/install/rover_bringup/share/rover_bringup/package.dsv'
[1.166s] INFO:colcon.colcon_core.shell:Creating package script '/home/kunal-jazzy/vision_autonomous_rover/install/rover_bringup/share/rover_bringup/package.sh'
[1.167s] INFO:colcon.colcon_core.shell:Creating package script '/home/kunal-jazzy/vision_autonomous_rover/install/rover_bringup/share/rover_bringup/package.bash'
[1.168s] INFO:colcon.colcon_core.shell:Creating package script '/home/kunal-jazzy/vision_autonomous_rover/install/rover_bringup/share/rover_bringup/package.zsh'
[1.168s] Level 1:colcon.colcon_core.environment:create_file_with_runtime_dependencies(/home/kunal-jazzy/vision_autonomous_rover/install/rover_bringup/share/colcon-core/packages/rover_bringup)
[2.194s] DEBUG:colcon.colcon_core.event_handler.log_command:Invoking command in '/home/kunal-jazzy/vision_autonomous_rover/src/rover_control': DEBUGINFOD_URLS=https://debuginfod.ubuntu.com PYTHONPATH=/home/kunal-jazzy/vision_autonomous_rover/build/rover_control/prefix_override:/usr/lib/python3/dist-packages/colcon_core/task/python/colcon_distutils_commands:/home/kunal-jazzy/vision_autonomous_rover/install/rover_control/lib/python3.12/site-packages:${PYTHONPATH} /usr/bin/python3 -W ignore:setup.py install is deprecated -W ignore:easy_install command is deprecated setup.py egg_info --egg-base ../../build/rover_control build --build-base /home/kunal-jazzy/vision_autonomous_rover/build/rover_control/build install --record /home/kunal-jazzy/vision_autonomous_rover/build/rover_control/install.log --single-version-externally-managed install_data
[3.342s] Level 1:colcon.colcon_core.environment:checking '/home/kunal-jazzy/vision_autonomous_rover/install/rover_control' for CMake module files
[3.344s] Level 1:colcon.colcon_core.environment:checking '/home/kunal-jazzy/vision_autonomous_rover/install/rover_control' for CMake config files
[3.345s] DEBUG:colcon.colcon_core.event_handler.log_command:Invoked command in '/home/kunal-jazzy/vision_autonomous_rover/src/rover_control' returned '0': DEBUGINFOD_URLS=https://debuginfod.ubuntu.com PYTHONPATH=/home/kunal-jazzy/vision_autonomous_rover/build/rover_control/prefix_override:/usr/lib/python3/dist-packages/colcon_core/task/python/colcon_distutils_commands:/home/kunal-jazzy/vision_autonomous_rover/install/rover_control/lib/python3.12/site-packages:${PYTHONPATH} /usr/bin/python3 -W ignore:setup.py install is deprecated -W ignore:easy_install command is deprecated setup.py egg_info --egg-base ../../build/rover_control build --build-base /home/kunal-jazzy/vision_autonomous_rover/build/rover_control/build install --record /home/kunal-jazzy/vision_autonomous_rover/build/rover_control/install.log --single-version-externally-managed install_data
[3.348s] Level 1:colcon.colcon_core.environment:checking '/home/kunal-jazzy/vision_autonomous_rover/install/rover_control/lib'
[3.349s] Level 1:colcon.colcon_core.environment:checking '/home/kunal-jazzy/vision_autonomous_rover/install/rover_control/bin'
[3.349s] Level 1:colcon.colcon_core.environment:checking '/home/kunal-jazzy/vision_autonomous_rover/install/rover_control/lib/pkgconfig/rover_control.pc'
[3.350s] Level 1:colcon.colcon_core.environment:checking '/home/kunal-jazzy/vision_autonomous_rover/install/rover_control/lib/python3.12/site-packages'
[3.350s] Level 1:colcon.colcon_core.shell:create_environment_hook('rover_control', 'pythonpath')
[3.350s] INFO:colcon.colcon_core.shell:Creating environment hook '/home/kunal-jazzy/vision_autonomous_rover/install/rover_control/share/rover_control/hook/pythonpath.ps1'
[3.352s] INFO:colcon.colcon_core.shell:Creating environment descriptor '/home/kunal-jazzy/vision_autonomous_rover/install/rover_control/share/rover_control/hook/pythonpath.dsv'
[3.354s] INFO:colcon.colcon_core.shell:Creating environment hook '/home/kunal-jazzy/vision_autonomous_rover/install/rover_control/share/rover_control/hook/pythonpath.sh'
[3.357s] Level 1:colcon.colcon_core.environment:checking '/home/kunal-jazzy/vision_autonomous_rover/install/rover_control/bin'
[3.357s] Level 1:colcon.colcon_core.environment:create_environment_scripts_only(rover_control)
[3.358s] INFO:colcon.colcon_core.shell:Creating package script '/home/kunal-jazzy/vision_autonomous_rover/install/rover_control/share/rover_control/package.ps1'
[3.360s] INFO:colcon.colcon_core.shell:Creating package descriptor '/home/kunal-jazzy/vision_autonomous_rover/install/rover_control/share/rover_control/package.dsv'
[3.363s] INFO:colcon.colcon_core.shell:Creating package script '/home/kunal-jazzy/vision_autonomous_rover/install/rover_control/share/rover_control/package.sh'
[3.365s] INFO:colcon.colcon_core.shell:Creating package script '/home/kunal-jazzy/vision_autonomous_rover/install/rover_control/share/rover_control/package.bash'
[3.366s] INFO:colcon.colcon_core.shell:Creating package script '/home/kunal-jazzy/vision_autonomous_rover/install/rover_control/share/rover_control/package.zsh'
[3.367s] Level 1:colcon.colcon_core.environment:create_file_with_runtime_dependencies(/home/kunal-jazzy/vision_autonomous_rover/install/rover_control/share/colcon-core/packages/rover_control)
[3.368s] DEBUG:colcon.colcon_parallel_executor.executor.parallel:closing loop
[3.369s] DEBUG:colcon.colcon_parallel_executor.executor.parallel:loop closed
[3.369s] DEBUG:colcon.colcon_parallel_executor.executor.parallel:run_until_complete finished with '0'
[3.369s] DEBUG:colcon.colcon_core.event_reactor:joining thread
[3.380s] INFO:colcon.colcon_core.plugin_system:Skipping extension 'colcon_notification.desktop_notification.terminal_notifier': Not used on non-Darwin systems
[3.380s] INFO:colcon.colcon_core.plugin_system:Skipping extension 'colcon_notification.desktop_notification.win32': Not used on non-Windows systems
[3.380s] INFO:colcon.colcon_notification.desktop_notification:Sending desktop notification using 'notify2'
[3.403s] DEBUG:colcon.colcon_core.event_reactor:joined thread
[3.403s] INFO:colcon.colcon_core.shell:Creating prefix script '/home/kunal-jazzy/vision_autonomous_rover/install/local_setup.ps1'
[3.404s] INFO:colcon.colcon_core.shell:Creating prefix util module '/home/kunal-jazzy/vision_autonomous_rover/install/_local_setup_util_ps1.py'
[3.406s] INFO:colcon.colcon_core.shell:Creating prefix chain script '/home/kunal-jazzy/vision_autonomous_rover/install/setup.ps1'
[3.407s] INFO:colcon.colcon_core.shell:Creating prefix script '/home/kunal-jazzy/vision_autonomous_rover/install/local_setup.sh'
[3.408s] INFO:colcon.colcon_core.shell:Creating prefix util module '/home/kunal-jazzy/vision_autonomous_rover/install/_local_setup_util_sh.py'
[3.408s] INFO:colcon.colcon_core.shell:Creating prefix chain script '/home/kunal-jazzy/vision_autonomous_rover/install/setup.sh'
[3.410s] INFO:colcon.colcon_core.shell:Creating prefix script '/home/kunal-jazzy/vision_autonomous_rover/install/local_setup.bash'
[3.411s] INFO:colcon.colcon_core.shell:Creating prefix chain script '/home/kunal-jazzy/vision_autonomous_rover/install/setup.bash'
[3.412s] INFO:colcon.colcon_core.shell:Creating prefix script '/home/kunal-jazzy/vision_autonomous_rover/install/local_setup.zsh'
[3.413s] INFO:colcon.colcon_core.shell:Creating prefix chain script '/home/kunal-jazzy/vision_autonomous_rover/install/setup.zsh'
