[0.522s] Invoking command in '/home/kunal-jazzy/vision_autonomous_rover/src/rover_control': DEBUGINFOD_URLS=https://debuginfod.ubuntu.com PYTHONPATH=/home/kunal-jazzy/vision_autonomous_rover/build/rover_control/prefix_override:/usr/lib/python3/dist-packages/colcon_core/task/python/colcon_distutils_commands:/home/kunal-jazzy/vision_autonomous_rover/install/rover_control/lib/python3.12/site-packages:${PYTHONPATH} /usr/bin/python3 -W ignore:setup.py install is deprecated -W ignore:easy_install command is deprecated setup.py egg_info --egg-base ../../build/rover_control build --build-base /home/kunal-jazzy/vision_autonomous_rover/build/rover_control/build install --record /home/kunal-jazzy/vision_autonomous_rover/build/rover_control/install.log --single-version-externally-managed install_data
[0.690s] running egg_info
[0.701s] writing ../../build/rover_control/rover_control.egg-info/PKG-INFO
[0.701s] writing dependency_links to ../../build/rover_control/rover_control.egg-info/dependency_links.txt
[0.701s] writing entry points to ../../build/rover_control/rover_control.egg-info/entry_points.txt
[0.701s] writing requirements to ../../build/rover_control/rover_control.egg-info/requires.txt
[0.701s] writing top-level names to ../../build/rover_control/rover_control.egg-info/top_level.txt
[0.724s] reading manifest file '../../build/rover_control/rover_control.egg-info/SOURCES.txt'
[0.725s] writing manifest file '../../build/rover_control/rover_control.egg-info/SOURCES.txt'
[0.725s] running build
[0.725s] running build_py
[0.725s] copying rover_control/obstacle_avoidance.py -> /home/kunal-jazzy/vision_autonomous_rover/build/rover_control/build/lib/rover_control
[0.725s] running install
[0.729s] running install_lib
[0.741s] copying /home/kunal-jazzy/vision_autonomous_rover/build/rover_control/build/lib/rover_control/obstacle_avoidance.py -> /home/kunal-jazzy/vision_autonomous_rover/install/rover_control/lib/python3.12/site-packages/rover_control
[0.741s] byte-compiling /home/kunal-jazzy/vision_autonomous_rover/install/rover_control/lib/python3.12/site-packages/rover_control/obstacle_avoidance.py to obstacle_avoidance.cpython-312.pyc
[0.742s] running install_data
[0.742s] running install_egg_info
[0.754s] removing '/home/kunal-jazzy/vision_autonomous_rover/install/rover_control/lib/python3.12/site-packages/rover_control-0.0.0-py3.12.egg-info' (and everything under it)
[0.754s] Copying ../../build/rover_control/rover_control.egg-info to /home/kunal-jazzy/vision_autonomous_rover/install/rover_control/lib/python3.12/site-packages/rover_control-0.0.0-py3.12.egg-info
[0.754s] running install_scripts
[0.835s] Installing obstacle_avoidance script to /home/kunal-jazzy/vision_autonomous_rover/install/rover_control/lib/rover_control
[0.835s] writing list of installed files to '/home/kunal-jazzy/vision_autonomous_rover/build/rover_control/install.log'
[0.855s] Invoked command in '/home/kunal-jazzy/vision_autonomous_rover/src/rover_control' returned '0': DEBUGINFOD_URLS=https://debuginfod.ubuntu.com PYTHONPATH=/home/kunal-jazzy/vision_autonomous_rover/build/rover_control/prefix_override:/usr/lib/python3/dist-packages/colcon_core/task/python/colcon_distutils_commands:/home/kunal-jazzy/vision_autonomous_rover/install/rover_control/lib/python3.12/site-packages:${PYTHONPATH} /usr/bin/python3 -W ignore:setup.py install is deprecated -W ignore:easy_install command is deprecated setup.py egg_info --egg-base ../../build/rover_control build --build-base /home/kunal-jazzy/vision_autonomous_rover/build/rover_control/build install --record /home/kunal-jazzy/vision_autonomous_rover/build/rover_control/install.log --single-version-externally-managed install_data
