[1.465s] Invoking command in '/home/kunal-jazzy/vision_autonomous_rover/src/rover_control': DEBUGINFOD_URLS=https://debuginfod.ubuntu.com PYTHONPATH=/home/kunal-jazzy/vision_autonomous_rover/build/rover_control/prefix_override:/usr/lib/python3/dist-packages/colcon_core/task/python/colcon_distutils_commands:/home/kunal-jazzy/vision_autonomous_rover/install/rover_control/lib/python3.12/site-packages:${PYTHONPATH} /usr/bin/python3 -W ignore:setup.py install is deprecated -W ignore:easy_install command is deprecated setup.py egg_info --egg-base ../../build/rover_control build --build-base /home/kunal-jazzy/vision_autonomous_rover/build/rover_control/build install --record /home/kunal-jazzy/vision_autonomous_rover/build/rover_control/install.log --single-version-externally-managed install_data
[2.081s] running egg_info
[2.122s] writing ../../build/rover_control/rover_control.egg-info/PKG-INFO
[2.122s] writing dependency_links to ../../build/rover_control/rover_control.egg-info/dependency_links.txt
[2.122s] writing entry points to ../../build/rover_control/rover_control.egg-info/entry_points.txt
[2.123s] writing requirements to ../../build/rover_control/rover_control.egg-info/requires.txt
[2.123s] writing top-level names to ../../build/rover_control/rover_control.egg-info/top_level.txt
[2.171s] reading manifest file '../../build/rover_control/rover_control.egg-info/SOURCES.txt'
[2.172s] writing manifest file '../../build/rover_control/rover_control.egg-info/SOURCES.txt'
[2.172s] running build
[2.172s] running build_py
[2.173s] copying rover_control/obstacle_avoidance.py -> /home/kunal-jazzy/vision_autonomous_rover/build/rover_control/build/lib/rover_control
[2.173s] running install
[2.182s] running install_lib
[2.203s] copying /home/kunal-jazzy/vision_autonomous_rover/build/rover_control/build/lib/rover_control/obstacle_avoidance.py -> /home/kunal-jazzy/vision_autonomous_rover/install/rover_control/lib/python3.12/site-packages/rover_control
[2.204s] byte-compiling /home/kunal-jazzy/vision_autonomous_rover/install/rover_control/lib/python3.12/site-packages/rover_control/obstacle_avoidance.py to obstacle_avoidance.cpython-312.pyc
[2.206s] running install_data
[2.206s] running install_egg_info
[2.232s] removing '/home/kunal-jazzy/vision_autonomous_rover/install/rover_control/lib/python3.12/site-packages/rover_control-0.0.0-py3.12.egg-info' (and everything under it)
[2.233s] Copying ../../build/rover_control/rover_control.egg-info to /home/kunal-jazzy/vision_autonomous_rover/install/rover_control/lib/python3.12/site-packages/rover_control-0.0.0-py3.12.egg-info
[2.233s] running install_scripts
[2.446s] Installing obstacle_avoidance script to /home/kunal-jazzy/vision_autonomous_rover/install/rover_control/lib/rover_control
[2.447s] writing list of installed files to '/home/kunal-jazzy/vision_autonomous_rover/build/rover_control/install.log'
[2.517s] Invoked command in '/home/kunal-jazzy/vision_autonomous_rover/src/rover_control' returned '0': DEBUGINFOD_URLS=https://debuginfod.ubuntu.com PYTHONPATH=/home/kunal-jazzy/vision_autonomous_rover/build/rover_control/prefix_override:/usr/lib/python3/dist-packages/colcon_core/task/python/colcon_distutils_commands:/home/kunal-jazzy/vision_autonomous_rover/install/rover_control/lib/python3.12/site-packages:${PYTHONPATH} /usr/bin/python3 -W ignore:setup.py install is deprecated -W ignore:easy_install command is deprecated setup.py egg_info --egg-base ../../build/rover_control build --build-base /home/kunal-jazzy/vision_autonomous_rover/build/rover_control/build install --record /home/kunal-jazzy/vision_autonomous_rover/build/rover_control/install.log --single-version-externally-managed install_data
