[0.188s] DEBUG:colcon:Command line arguments: ['/usr/bin/colcon', 'build']
[0.188s] DEBUG:colcon:Parsed command line arguments: Namespace(log_base=None, log_level=None, verb_name='build', build_base='build', install_base='install', merge_install=False, symlink_install=False, test_result_base=None, continue_on_error=False, executor='parallel', parallel_workers=12, event_handlers=None, ignore_user_meta=False, metas=['./colcon.meta'], base_paths=['.'], packages_ignore=None, packages_ignore_regex=None, paths=None, packages_up_to=None, packages_up_to_regex=None, packages_above=None, packages_above_and_dependencies=None, packages_above_depth=None, packages_select_by_dep=None, packages_skip_by_dep=None, packages_skip_up_to=None, packages_select_build_failed=False, packages_skip_build_finished=False, packages_select_test_failures=False, packages_skip_test_passed=False, packages_select=None, packages_skip=None, packages_select_regex=None, packages_skip_regex=None, packages_start=None, packages_end=None, allow_overriding=[], cmake_args=None, cmake_target=None, cmake_target_skip_unavailable=False, cmake_clean_cache=False, cmake_clean_first=False, cmake_force_configure=False, ament_cmake_args=None, catkin_cmake_args=None, catkin_skip_building_tests=False, mixin_files=None, mixin=None, verb_parser=<colcon_mixin.mixin.mixin_argument.MixinArgumentDecorator object at 0x7898e77a0110>, verb_extension=<colcon_core.verb.build.BuildVerb object at 0x7898e7773e90>, main=<bound method BuildVerb.main of <colcon_core.verb.build.BuildVerb object at 0x7898e7773e90>>, mixin_verb=('build',))
[0.241s] Level 1:colcon.colcon_core.package_discovery:discover_packages(colcon_meta) check parameters
[0.241s] Level 1:colcon.colcon_core.package_discovery:discover_packages(recursive) check parameters
[0.241s] Level 1:colcon.colcon_core.package_discovery:discover_packages(ignore) check parameters
[0.241s] Level 1:colcon.colcon_core.package_discovery:discover_packages(path) check parameters
[0.241s] Level 1:colcon.colcon_core.package_discovery:discover_packages(colcon_meta) discover
[0.241s] Level 1:colcon.colcon_core.package_discovery:discover_packages(recursive) discover
[0.241s] INFO:colcon.colcon_core.package_discovery:Crawling recursively for packages in '/home/kunal-jazzy/vision_autonomous_rover'
[0.241s] Level 1:colcon.colcon_core.package_identification:_identify(.) by extensions ['ignore', 'ignore_ament_install']
[0.242s] Level 1:colcon.colcon_core.package_identification:_identify(.) by extension 'ignore'
[0.242s] Level 1:colcon.colcon_core.package_identification:_identify(.) by extension 'ignore_ament_install'
[0.242s] Level 1:colcon.colcon_core.package_identification:_identify(.) by extensions ['colcon_pkg']
[0.242s] Level 1:colcon.colcon_core.package_identification:_identify(.) by extension 'colcon_pkg'
[0.242s] Level 1:colcon.colcon_core.package_identification:_identify(.) by extensions ['colcon_meta']
[0.242s] Level 1:colcon.colcon_core.package_identification:_identify(.) by extension 'colcon_meta'
[0.242s] Level 1:colcon.colcon_core.package_identification:_identify(.) by extensions ['ros']
[0.242s] Level 1:colcon.colcon_core.package_identification:_identify(.) by extension 'ros'
[0.278s] Level 1:colcon.colcon_core.package_identification:_identify(.) by extensions ['cmake', 'python']
[0.278s] Level 1:colcon.colcon_core.package_identification:_identify(.) by extension 'cmake'
[0.278s] Level 1:colcon.colcon_core.package_identification:_identify(.) by extension 'python'
[0.278s] Level 1:colcon.colcon_core.package_identification:_identify(.) by extensions ['python_setup_py']
[0.278s] Level 1:colcon.colcon_core.package_identification:_identify(.) by extension 'python_setup_py'
[0.278s] Level 1:colcon.colcon_core.package_identification:_identify(build) by extensions ['ignore', 'ignore_ament_install']
[0.278s] Level 1:colcon.colcon_core.package_identification:_identify(build) by extension 'ignore'
[0.278s] Level 1:colcon.colcon_core.package_identification:_identify(build) ignored
[0.279s] Level 1:colcon.colcon_core.package_identification:_identify(install) by extensions ['ignore', 'ignore_ament_install']
[0.279s] Level 1:colcon.colcon_core.package_identification:_identify(install) by extension 'ignore'
[0.279s] Level 1:colcon.colcon_core.package_identification:_identify(install) ignored
[0.280s] Level 1:colcon.colcon_core.package_identification:_identify(log) by extensions ['ignore', 'ignore_ament_install']
[0.280s] Level 1:colcon.colcon_core.package_identification:_identify(log) by extension 'ignore'
[0.281s] Level 1:colcon.colcon_core.package_identification:_identify(log) ignored
[0.281s] Level 1:colcon.colcon_core.package_identification:_identify(src) by extensions ['ignore', 'ignore_ament_install']
[0.281s] Level 1:colcon.colcon_core.package_identification:_identify(src) by extension 'ignore'
[0.281s] Level 1:colcon.colcon_core.package_identification:_identify(src) by extension 'ignore_ament_install'
[0.282s] Level 1:colcon.colcon_core.package_identification:_identify(src) by extensions ['colcon_pkg']
[0.282s] Level 1:colcon.colcon_core.package_identification:_identify(src) by extension 'colcon_pkg'
[0.282s] Level 1:colcon.colcon_core.package_identification:_identify(src) by extensions ['colcon_meta']
[0.282s] Level 1:colcon.colcon_core.package_identification:_identify(src) by extension 'colcon_meta'
[0.282s] Level 1:colcon.colcon_core.package_identification:_identify(src) by extensions ['ros']
[0.282s] Level 1:colcon.colcon_core.package_identification:_identify(src) by extension 'ros'
[0.282s] Level 1:colcon.colcon_core.package_identification:_identify(src) by extensions ['cmake', 'python']
[0.282s] Level 1:colcon.colcon_core.package_identification:_identify(src) by extension 'cmake'
[0.282s] Level 1:colcon.colcon_core.package_identification:_identify(src) by extension 'python'
[0.282s] Level 1:colcon.colcon_core.package_identification:_identify(src) by extensions ['python_setup_py']
[0.282s] Level 1:colcon.colcon_core.package_identification:_identify(src) by extension 'python_setup_py'
[0.283s] Level 1:colcon.colcon_core.package_identification:_identify(src/autonomous_rover_description) by extensions ['ignore', 'ignore_ament_install']
[0.283s] Level 1:colcon.colcon_core.package_identification:_identify(src/autonomous_rover_description) by extension 'ignore'
[0.283s] Level 1:colcon.colcon_core.package_identification:_identify(src/autonomous_rover_description) by extension 'ignore_ament_install'
[0.283s] Level 1:colcon.colcon_core.package_identification:_identify(src/autonomous_rover_description) by extensions ['colcon_pkg']
[0.283s] Level 1:colcon.colcon_core.package_identification:_identify(src/autonomous_rover_description) by extension 'colcon_pkg'
[0.283s] Level 1:colcon.colcon_core.package_identification:_identify(src/autonomous_rover_description) by extensions ['colcon_meta']
[0.283s] Level 1:colcon.colcon_core.package_identification:_identify(src/autonomous_rover_description) by extension 'colcon_meta'
[0.283s] Level 1:colcon.colcon_core.package_identification:_identify(src/autonomous_rover_description) by extensions ['ros']
[0.283s] Level 1:colcon.colcon_core.package_identification:_identify(src/autonomous_rover_description) by extension 'ros'
[0.287s] DEBUG:colcon.colcon_core.package_identification:Package 'src/autonomous_rover_description' with type 'ros.ament_cmake' and name 'autonomous_rover_description'
[0.287s] Level 1:colcon.colcon_core.package_identification:_identify(src/log) by extensions ['ignore', 'ignore_ament_install']
[0.287s] Level 1:colcon.colcon_core.package_identification:_identify(src/log) by extension 'ignore'
[0.287s] Level 1:colcon.colcon_core.package_identification:_identify(src/log) ignored
[0.287s] Level 1:colcon.colcon_core.package_identification:_identify(src/rover_bringup) by extensions ['ignore', 'ignore_ament_install']
[0.287s] Level 1:colcon.colcon_core.package_identification:_identify(src/rover_bringup) by extension 'ignore'
[0.287s] Level 1:colcon.colcon_core.package_identification:_identify(src/rover_bringup) by extension 'ignore_ament_install'
[0.287s] Level 1:colcon.colcon_core.package_identification:_identify(src/rover_bringup) by extensions ['colcon_pkg']
[0.288s] Level 1:colcon.colcon_core.package_identification:_identify(src/rover_bringup) by extension 'colcon_pkg'
[0.288s] Level 1:colcon.colcon_core.package_identification:_identify(src/rover_bringup) by extensions ['colcon_meta']
[0.288s] Level 1:colcon.colcon_core.package_identification:_identify(src/rover_bringup) by extension 'colcon_meta'
[0.288s] Level 1:colcon.colcon_core.package_identification:_identify(src/rover_bringup) by extensions ['ros']
[0.288s] Level 1:colcon.colcon_core.package_identification:_identify(src/rover_bringup) by extension 'ros'
[0.288s] DEBUG:colcon.colcon_core.package_identification:Package 'src/rover_bringup' with type 'ros.ament_cmake' and name 'rover_bringup'
[0.288s] Level 1:colcon.colcon_core.package_identification:_identify(src/rover_control) by extensions ['ignore', 'ignore_ament_install']
[0.289s] Level 1:colcon.colcon_core.package_identification:_identify(src/rover_control) by extension 'ignore'
[0.289s] Level 1:colcon.colcon_core.package_identification:_identify(src/rover_control) by extension 'ignore_ament_install'
[0.289s] Level 1:colcon.colcon_core.package_identification:_identify(src/rover_control) by extensions ['colcon_pkg']
[0.289s] Level 1:colcon.colcon_core.package_identification:_identify(src/rover_control) by extension 'colcon_pkg'
[0.289s] Level 1:colcon.colcon_core.package_identification:_identify(src/rover_control) by extensions ['colcon_meta']
[0.289s] Level 1:colcon.colcon_core.package_identification:_identify(src/rover_control) by extension 'colcon_meta'
[0.289s] Level 1:colcon.colcon_core.package_identification:_identify(src/rover_control) by extensions ['ros']
[0.289s] Level 1:colcon.colcon_core.package_identification:_identify(src/rover_control) by extension 'ros'
[0.290s] DEBUG:colcon.colcon_core.package_identification:Package 'src/rover_control' with type 'ros.ament_python' and name 'rover_control'
[0.290s] Level 1:colcon.colcon_core.package_discovery:discover_packages(recursive) using defaults
[0.290s] Level 1:colcon.colcon_core.package_discovery:discover_packages(ignore) discover
[0.291s] Level 1:colcon.colcon_core.package_discovery:discover_packages(ignore) using defaults
[0.291s] Level 1:colcon.colcon_core.package_discovery:discover_packages(path) discover
[0.291s] Level 1:colcon.colcon_core.package_discovery:discover_packages(path) using defaults
[0.317s] Level 1:colcon.colcon_core.package_discovery:discover_packages(prefix_path) check parameters
[0.317s] Level 1:colcon.colcon_core.package_discovery:discover_packages(prefix_path) discover
[0.322s] DEBUG:colcon.colcon_installed_package_information.package_discovery:Found 3 installed packages in /home/kunal-jazzy/Desktop/fws_robot_harmonic/install
[0.322s] DEBUG:colcon.colcon_installed_package_information.package_discovery:Found 3 installed packages in /home/kunal-jazzy/vision_autonomous_rover/install
[0.322s] DEBUG:colcon.colcon_installed_package_information.package_discovery:Found 2 installed packages in /home/kunal-jazzy/my_robot_ws/install
[0.325s] DEBUG:colcon.colcon_installed_package_information.package_discovery:Found 319 installed packages in /opt/ros/jazzy
[0.327s] Level 1:colcon.colcon_core.package_discovery:discover_packages(prefix_path) using defaults
[0.437s] Level 5:colcon.colcon_core.verb:set package 'autonomous_rover_description' build argument 'cmake_args' from command line to 'None'
[0.437s] Level 5:colcon.colcon_core.verb:set package 'autonomous_rover_description' build argument 'cmake_target' from command line to 'None'
[0.437s] Level 5:colcon.colcon_core.verb:set package 'autonomous_rover_description' build argument 'cmake_target_skip_unavailable' from command line to 'False'
[0.437s] Level 5:colcon.colcon_core.verb:set package 'autonomous_rover_description' build argument 'cmake_clean_cache' from command line to 'False'
[0.437s] Level 5:colcon.colcon_core.verb:set package 'autonomous_rover_description' build argument 'cmake_clean_first' from command line to 'False'
[0.437s] Level 5:colcon.colcon_core.verb:set package 'autonomous_rover_description' build argument 'cmake_force_configure' from command line to 'False'
[0.437s] Level 5:colcon.colcon_core.verb:set package 'autonomous_rover_description' build argument 'ament_cmake_args' from command line to 'None'
[0.437s] Level 5:colcon.colcon_core.verb:set package 'autonomous_rover_description' build argument 'catkin_cmake_args' from command line to 'None'
[0.437s] Level 5:colcon.colcon_core.verb:set package 'autonomous_rover_description' build argument 'catkin_skip_building_tests' from command line to 'False'
[0.437s] DEBUG:colcon.colcon_core.verb:Building package 'autonomous_rover_description' with the following arguments: {'ament_cmake_args': None, 'build_base': '/home/kunal-jazzy/vision_autonomous_rover/build/autonomous_rover_description', 'catkin_cmake_args': None, 'catkin_skip_building_tests': False, 'cmake_args': None, 'cmake_clean_cache': False, 'cmake_clean_first': False, 'cmake_force_configure': False, 'cmake_target': None, 'cmake_target_skip_unavailable': False, 'install_base': '/home/kunal-jazzy/vision_autonomous_rover/install/autonomous_rover_description', 'merge_install': False, 'path': '/home/kunal-jazzy/vision_autonomous_rover/src/autonomous_rover_description', 'symlink_install': False, 'test_result_base': None}
[0.438s] Level 5:colcon.colcon_core.verb:set package 'rover_control' build argument 'cmake_args' from command line to 'None'
[0.438s] Level 5:colcon.colcon_core.verb:set package 'rover_control' build argument 'cmake_target' from command line to 'None'
[0.438s] Level 5:colcon.colcon_core.verb:set package 'rover_control' build argument 'cmake_target_skip_unavailable' from command line to 'False'
[0.438s] Level 5:colcon.colcon_core.verb:set package 'rover_control' build argument 'cmake_clean_cache' from command line to 'False'
[0.438s] Level 5:colcon.colcon_core.verb:set package 'rover_control' build argument 'cmake_clean_first' from command line to 'False'
[0.438s] Level 5:colcon.colcon_core.verb:set package 'rover_control' build argument 'cmake_force_configure' from command line to 'False'
[0.438s] Level 5:colcon.colcon_core.verb:set package 'rover_control' build argument 'ament_cmake_args' from command line to 'None'
[0.438s] Level 5:colcon.colcon_core.verb:set package 'rover_control' build argument 'catkin_cmake_args' from command line to 'None'
[0.438s] Level 5:colcon.colcon_core.verb:set package 'rover_control' build argument 'catkin_skip_building_tests' from command line to 'False'
[0.438s] DEBUG:colcon.colcon_core.verb:Building package 'rover_control' with the following arguments: {'ament_cmake_args': None, 'build_base': '/home/kunal-jazzy/vision_autonomous_rover/build/rover_control', 'catkin_cmake_args': None, 'catkin_skip_building_tests': False, 'cmake_args': None, 'cmake_clean_cache': False, 'cmake_clean_first': False, 'cmake_force_configure': False, 'cmake_target': None, 'cmake_target_skip_unavailable': False, 'install_base': '/home/kunal-jazzy/vision_autonomous_rover/install/rover_control', 'merge_install': False, 'path': '/home/kunal-jazzy/vision_autonomous_rover/src/rover_control', 'symlink_install': False, 'test_result_base': None}
[0.438s] Level 5:colcon.colcon_core.verb:set package 'rover_bringup' build argument 'cmake_args' from command line to 'None'
[0.438s] Level 5:colcon.colcon_core.verb:set package 'rover_bringup' build argument 'cmake_target' from command line to 'None'
[0.438s] Level 5:colcon.colcon_core.verb:set package 'rover_bringup' build argument 'cmake_target_skip_unavailable' from command line to 'False'
[0.438s] Level 5:colcon.colcon_core.verb:set package 'rover_bringup' build argument 'cmake_clean_cache' from command line to 'False'
[0.438s] Level 5:colcon.colcon_core.verb:set package 'rover_bringup' build argument 'cmake_clean_first' from command line to 'False'
[0.438s] Level 5:colcon.colcon_core.verb:set package 'rover_bringup' build argument 'cmake_force_configure' from command line to 'False'
[0.438s] Level 5:colcon.colcon_core.verb:set package 'rover_bringup' build argument 'ament_cmake_args' from command line to 'None'
[0.438s] Level 5:colcon.colcon_core.verb:set package 'rover_bringup' build argument 'catkin_cmake_args' from command line to 'None'
[0.438s] Level 5:colcon.colcon_core.verb:set package 'rover_bringup' build argument 'catkin_skip_building_tests' from command line to 'False'
[0.438s] DEBUG:colcon.colcon_core.verb:Building package 'rover_bringup' with the following arguments: {'ament_cmake_args': None, 'build_base': '/home/kunal-jazzy/vision_autonomous_rover/build/rover_bringup', 'catkin_cmake_args': None, 'catkin_skip_building_tests': False, 'cmake_args': None, 'cmake_clean_cache': False, 'cmake_clean_first': False, 'cmake_force_configure': False, 'cmake_target': None, 'cmake_target_skip_unavailable': False, 'install_base': '/home/kunal-jazzy/vision_autonomous_rover/install/rover_bringup', 'merge_install': False, 'path': '/home/kunal-jazzy/vision_autonomous_rover/src/rover_bringup', 'symlink_install': False, 'test_result_base': None}
[0.438s] INFO:colcon.colcon_core.executor:Executing jobs using 'parallel' executor
[0.439s] DEBUG:colcon.colcon_parallel_executor.executor.parallel:run_until_complete
[0.439s] INFO:colcon.colcon_ros.task.ament_cmake.build:Building ROS package in '/home/kunal-jazzy/vision_autonomous_rover/src/autonomous_rover_description' with build type 'ament_cmake'
[0.439s] INFO:colcon.colcon_cmake.task.cmake.build:Building CMake package in '/home/kunal-jazzy/vision_autonomous_rover/src/autonomous_rover_description'
[0.444s] INFO:colcon.colcon_core.plugin_system:Skipping extension 'colcon_core.shell.bat': Not used on non-Windows systems
[0.444s] INFO:colcon.colcon_core.shell:Skip shell extension 'powershell' for command environment: Not usable outside of PowerShell
[0.444s] DEBUG:colcon.colcon_core.shell:Skip shell extension 'dsv' for command environment
[0.447s] INFO:colcon.colcon_ros.task.ament_python.build:Building ROS package in '/home/kunal-jazzy/vision_autonomous_rover/src/rover_control' with build type 'ament_python'
[0.448s] Level 1:colcon.colcon_core.shell:create_environment_hook('rover_control', 'ament_prefix_path')
[0.448s] INFO:colcon.colcon_core.shell:Creating environment hook '/home/kunal-jazzy/vision_autonomous_rover/install/rover_control/share/rover_control/hook/ament_prefix_path.ps1'
[0.449s] INFO:colcon.colcon_core.shell:Creating environment descriptor '/home/kunal-jazzy/vision_autonomous_rover/install/rover_control/share/rover_control/hook/ament_prefix_path.dsv'
[0.450s] INFO:colcon.colcon_core.shell:Creating environment hook '/home/kunal-jazzy/vision_autonomous_rover/install/rover_control/share/rover_control/hook/ament_prefix_path.sh'
[0.452s] INFO:colcon.colcon_core.shell:Skip shell extension 'powershell' for command environment: Not usable outside of PowerShell
[0.453s] DEBUG:colcon.colcon_core.shell:Skip shell extension 'dsv' for command environment
[0.462s] DEBUG:colcon.colcon_core.event_handler.log_command:Invoking command in '/home/kunal-jazzy/vision_autonomous_rover/build/autonomous_rover_description': CMAKE_PREFIX_PATH=${CMAKE_PREFIX_PATH}:/home/kunal-jazzy/vision_autonomous_rover/install/rover_control:/opt/ros/jazzy DEBUGINFOD_URLS=https://debuginfod.ubuntu.com /usr/bin/cmake --build /home/kunal-jazzy/vision_autonomous_rover/build/autonomous_rover_description -- -j12 -l12
[0.680s] INFO:colcon.colcon_core.task.python.build:Building Python package in '/home/kunal-jazzy/vision_autonomous_rover/src/rover_control'
[0.680s] INFO:colcon.colcon_core.shell:Skip shell extension 'powershell' for command environment: Not usable outside of PowerShell
[0.680s] DEBUG:colcon.colcon_core.shell:Skip shell extension 'dsv' for command environment
[0.684s] DEBUG:colcon.colcon_core.event_handler.log_command:Invoked command in '/home/kunal-jazzy/vision_autonomous_rover/build/autonomous_rover_description' returned '0': CMAKE_PREFIX_PATH=${CMAKE_PREFIX_PATH}:/home/kunal-jazzy/vision_autonomous_rover/install/rover_control:/opt/ros/jazzy DEBUGINFOD_URLS=https://debuginfod.ubuntu.com /usr/bin/cmake --build /home/kunal-jazzy/vision_autonomous_rover/build/autonomous_rover_description -- -j12 -l12
[0.695s] DEBUG:colcon.colcon_core.event_handler.log_command:Invoking command in '/home/kunal-jazzy/vision_autonomous_rover/build/autonomous_rover_description': CMAKE_PREFIX_PATH=${CMAKE_PREFIX_PATH}:/home/kunal-jazzy/vision_autonomous_rover/install/rover_control:/opt/ros/jazzy DEBUGINFOD_URLS=https://debuginfod.ubuntu.com /usr/bin/cmake --install /home/kunal-jazzy/vision_autonomous_rover/build/autonomous_rover_description
[0.711s] Level 1:colcon.colcon_core.environment:create_environment_scripts_only(autonomous_rover_description)
[0.712s] DEBUG:colcon.colcon_core.event_handler.log_command:Invoked command in '/home/kunal-jazzy/vision_autonomous_rover/build/autonomous_rover_description' returned '0': CMAKE_PREFIX_PATH=${CMAKE_PREFIX_PATH}:/home/kunal-jazzy/vision_autonomous_rover/install/rover_control:/opt/ros/jazzy DEBUGINFOD_URLS=https://debuginfod.ubuntu.com /usr/bin/cmake --install /home/kunal-jazzy/vision_autonomous_rover/build/autonomous_rover_description
[0.717s] Level 1:colcon.colcon_core.environment:checking '/home/kunal-jazzy/vision_autonomous_rover/install/autonomous_rover_description' for CMake module files
[0.717s] Level 1:colcon.colcon_core.environment:checking '/home/kunal-jazzy/vision_autonomous_rover/install/autonomous_rover_description' for CMake config files
[0.719s] Level 1:colcon.colcon_core.shell:create_environment_hook('autonomous_rover_description', 'cmake_prefix_path')
[0.719s] INFO:colcon.colcon_core.shell:Creating environment hook '/home/kunal-jazzy/vision_autonomous_rover/install/autonomous_rover_description/share/autonomous_rover_description/hook/cmake_prefix_path.ps1'
[0.720s] INFO:colcon.colcon_core.shell:Creating environment descriptor '/home/kunal-jazzy/vision_autonomous_rover/install/autonomous_rover_description/share/autonomous_rover_description/hook/cmake_prefix_path.dsv'
[0.720s] INFO:colcon.colcon_core.shell:Creating environment hook '/home/kunal-jazzy/vision_autonomous_rover/install/autonomous_rover_description/share/autonomous_rover_description/hook/cmake_prefix_path.sh'
[0.720s] Level 1:colcon.colcon_core.environment:checking '/home/kunal-jazzy/vision_autonomous_rover/install/autonomous_rover_description/bin'
[0.720s] Level 1:colcon.colcon_core.environment:checking '/home/kunal-jazzy/vision_autonomous_rover/install/autonomous_rover_description/lib/pkgconfig/autonomous_rover_description.pc'
[0.721s] Level 1:colcon.colcon_core.environment:checking '/home/kunal-jazzy/vision_autonomous_rover/install/autonomous_rover_description/lib/python3.12/site-packages'
[0.721s] Level 1:colcon.colcon_core.environment:checking '/home/kunal-jazzy/vision_autonomous_rover/install/autonomous_rover_description/bin'
[0.721s] INFO:colcon.colcon_core.shell:Creating package script '/home/kunal-jazzy/vision_autonomous_rover/install/autonomous_rover_description/share/autonomous_rover_description/package.ps1'
[0.722s] INFO:colcon.colcon_core.shell:Creating package descriptor '/home/kunal-jazzy/vision_autonomous_rover/install/autonomous_rover_description/share/autonomous_rover_description/package.dsv'
[0.723s] INFO:colcon.colcon_core.shell:Creating package script '/home/kunal-jazzy/vision_autonomous_rover/install/autonomous_rover_description/share/autonomous_rover_description/package.sh'
[0.724s] INFO:colcon.colcon_core.shell:Creating package script '/home/kunal-jazzy/vision_autonomous_rover/install/autonomous_rover_description/share/autonomous_rover_description/package.bash'
[0.725s] INFO:colcon.colcon_core.shell:Creating package script '/home/kunal-jazzy/vision_autonomous_rover/install/autonomous_rover_description/share/autonomous_rover_description/package.zsh'
[0.726s] Level 1:colcon.colcon_core.environment:create_file_with_runtime_dependencies(/home/kunal-jazzy/vision_autonomous_rover/install/autonomous_rover_description/share/colcon-core/packages/autonomous_rover_description)
[0.727s] Level 1:colcon.colcon_core.environment:create_environment_scripts_only(autonomous_rover_description)
[0.727s] Level 1:colcon.colcon_core.environment:checking '/home/kunal-jazzy/vision_autonomous_rover/install/autonomous_rover_description' for CMake module files
[0.727s] Level 1:colcon.colcon_core.environment:checking '/home/kunal-jazzy/vision_autonomous_rover/install/autonomous_rover_description' for CMake config files
[0.728s] Level 1:colcon.colcon_core.shell:create_environment_hook('autonomous_rover_description', 'cmake_prefix_path')
[0.728s] INFO:colcon.colcon_core.shell:Creating environment hook '/home/kunal-jazzy/vision_autonomous_rover/install/autonomous_rover_description/share/autonomous_rover_description/hook/cmake_prefix_path.ps1'
[0.728s] INFO:colcon.colcon_core.shell:Creating environment descriptor '/home/kunal-jazzy/vision_autonomous_rover/install/autonomous_rover_description/share/autonomous_rover_description/hook/cmake_prefix_path.dsv'
[0.729s] INFO:colcon.colcon_core.shell:Creating environment hook '/home/kunal-jazzy/vision_autonomous_rover/install/autonomous_rover_description/share/autonomous_rover_description/hook/cmake_prefix_path.sh'
[0.729s] Level 1:colcon.colcon_core.environment:checking '/home/kunal-jazzy/vision_autonomous_rover/install/autonomous_rover_description/bin'
[0.729s] Level 1:colcon.colcon_core.environment:checking '/home/kunal-jazzy/vision_autonomous_rover/install/autonomous_rover_description/lib/pkgconfig/autonomous_rover_description.pc'
[0.730s] Level 1:colcon.colcon_core.environment:checking '/home/kunal-jazzy/vision_autonomous_rover/install/autonomous_rover_description/lib/python3.12/site-packages'
[0.730s] Level 1:colcon.colcon_core.environment:checking '/home/kunal-jazzy/vision_autonomous_rover/install/autonomous_rover_description/bin'
[0.730s] INFO:colcon.colcon_core.shell:Creating package script '/home/kunal-jazzy/vision_autonomous_rover/install/autonomous_rover_description/share/autonomous_rover_description/package.ps1'
[0.731s] INFO:colcon.colcon_core.shell:Creating package descriptor '/home/kunal-jazzy/vision_autonomous_rover/install/autonomous_rover_description/share/autonomous_rover_description/package.dsv'
[0.731s] INFO:colcon.colcon_core.shell:Creating package script '/home/kunal-jazzy/vision_autonomous_rover/install/autonomous_rover_description/share/autonomous_rover_description/package.sh'
[0.732s] INFO:colcon.colcon_core.shell:Creating package script '/home/kunal-jazzy/vision_autonomous_rover/install/autonomous_rover_description/share/autonomous_rover_description/package.bash'
[0.732s] INFO:colcon.colcon_core.shell:Creating package script '/home/kunal-jazzy/vision_autonomous_rover/install/autonomous_rover_description/share/autonomous_rover_description/package.zsh'
[0.732s] Level 1:colcon.colcon_core.environment:create_file_with_runtime_dependencies(/home/kunal-jazzy/vision_autonomous_rover/install/autonomous_rover_description/share/colcon-core/packages/autonomous_rover_description)
[0.733s] INFO:colcon.colcon_ros.task.ament_cmake.build:Building ROS package in '/home/kunal-jazzy/vision_autonomous_rover/src/rover_bringup' with build type 'ament_cmake'
[0.733s] INFO:colcon.colcon_cmake.task.cmake.build:Building CMake package in '/home/kunal-jazzy/vision_autonomous_rover/src/rover_bringup'
[0.733s] INFO:colcon.colcon_core.shell:Skip shell extension 'powershell' for command environment: Not usable outside of PowerShell
[0.733s] DEBUG:colcon.colcon_core.shell:Skip shell extension 'dsv' for command environment
[0.744s] DEBUG:colcon.colcon_core.event_handler.log_command:Invoking command in '/home/kunal-jazzy/vision_autonomous_rover/build/rover_bringup': CMAKE_PREFIX_PATH=/home/kunal-jazzy/vision_autonomous_rover/install/autonomous_rover_description:/home/kunal-jazzy/Desktop/fws_robot_harmonic/install/velocity_pub:/home/kunal-jazzy/Desktop/fws_robot_harmonic/install/fws_robot_sim:/home/kunal-jazzy/Desktop/fws_robot_harmonic/install/fws_robot_description:/home/kunal-jazzy/vision_autonomous_rover/install/rover_bringup:/home/kunal-jazzy/my_robot_ws/install/my_robot_bringup:/home/kunal-jazzy/my_robot_ws/install/my_robot_description:/opt/ros/jazzy/opt/gz_sim_vendor:/opt/ros/jazzy/opt/gz_sensors_vendor:/opt/ros/jazzy/opt/gz_physics_vendor:/opt/ros/jazzy/opt/sdformat_vendor:/opt/ros/jazzy/opt/gz_gui_vendor:/opt/ros/jazzy/opt/gz_transport_vendor:/opt/ros/jazzy/opt/gz_rendering_vendor:/opt/ros/jazzy/opt/gz_plugin_vendor:/opt/ros/jazzy/opt/gz_fuel_tools_vendor:/opt/ros/jazzy/opt/gz_msgs_vendor:/opt/ros/jazzy/opt/gz_common_vendor:/opt/ros/jazzy/opt/gz_math_vendor:/opt/ros/jazzy/opt/gz_utils_vendor:/opt/ros/jazzy/opt/gz_tools_vendor:/opt/ros/jazzy/opt/gz_ogre_next_vendor:/opt/ros/jazzy/opt/gz_dartsim_vendor:/opt/ros/jazzy/opt/gz_cmake_vendor:/home/kunal-jazzy/vision_autonomous_rover/install/rover_control:/opt/ros/jazzy DEBUGINFOD_URLS=https://debuginfod.ubuntu.com /usr/bin/cmake --build /home/kunal-jazzy/vision_autonomous_rover/build/rover_bringup -- -j12 -l12
[0.789s] DEBUG:colcon.colcon_core.event_handler.log_command:Invoked command in '/home/kunal-jazzy/vision_autonomous_rover/build/rover_bringup' returned '0': CMAKE_PREFIX_PATH=/home/kunal-jazzy/vision_autonomous_rover/install/autonomous_rover_description:/home/kunal-jazzy/Desktop/fws_robot_harmonic/install/velocity_pub:/home/kunal-jazzy/Desktop/fws_robot_harmonic/install/fws_robot_sim:/home/kunal-jazzy/Desktop/fws_robot_harmonic/install/fws_robot_description:/home/kunal-jazzy/vision_autonomous_rover/install/rover_bringup:/home/kunal-jazzy/my_robot_ws/install/my_robot_bringup:/home/kunal-jazzy/my_robot_ws/install/my_robot_description:/opt/ros/jazzy/opt/gz_sim_vendor:/opt/ros/jazzy/opt/gz_sensors_vendor:/opt/ros/jazzy/opt/gz_physics_vendor:/opt/ros/jazzy/opt/sdformat_vendor:/opt/ros/jazzy/opt/gz_gui_vendor:/opt/ros/jazzy/opt/gz_transport_vendor:/opt/ros/jazzy/opt/gz_rendering_vendor:/opt/ros/jazzy/opt/gz_plugin_vendor:/opt/ros/jazzy/opt/gz_fuel_tools_vendor:/opt/ros/jazzy/opt/gz_msgs_vendor:/opt/ros/jazzy/opt/gz_common_vendor:/opt/ros/jazzy/opt/gz_math_vendor:/opt/ros/jazzy/opt/gz_utils_vendor:/opt/ros/jazzy/opt/gz_tools_vendor:/opt/ros/jazzy/opt/gz_ogre_next_vendor:/opt/ros/jazzy/opt/gz_dartsim_vendor:/opt/ros/jazzy/opt/gz_cmake_vendor:/home/kunal-jazzy/vision_autonomous_rover/install/rover_control:/opt/ros/jazzy DEBUGINFOD_URLS=https://debuginfod.ubuntu.com /usr/bin/cmake --build /home/kunal-jazzy/vision_autonomous_rover/build/rover_bringup -- -j12 -l12
[0.789s] DEBUG:colcon.colcon_core.event_handler.log_command:Invoking command in '/home/kunal-jazzy/vision_autonomous_rover/build/rover_bringup': CMAKE_PREFIX_PATH=/home/kunal-jazzy/vision_autonomous_rover/install/autonomous_rover_description:/home/kunal-jazzy/Desktop/fws_robot_harmonic/install/velocity_pub:/home/kunal-jazzy/Desktop/fws_robot_harmonic/install/fws_robot_sim:/home/kunal-jazzy/Desktop/fws_robot_harmonic/install/fws_robot_description:/home/kunal-jazzy/vision_autonomous_rover/install/rover_bringup:/home/kunal-jazzy/my_robot_ws/install/my_robot_bringup:/home/kunal-jazzy/my_robot_ws/install/my_robot_description:/opt/ros/jazzy/opt/gz_sim_vendor:/opt/ros/jazzy/opt/gz_sensors_vendor:/opt/ros/jazzy/opt/gz_physics_vendor:/opt/ros/jazzy/opt/sdformat_vendor:/opt/ros/jazzy/opt/gz_gui_vendor:/opt/ros/jazzy/opt/gz_transport_vendor:/opt/ros/jazzy/opt/gz_rendering_vendor:/opt/ros/jazzy/opt/gz_plugin_vendor:/opt/ros/jazzy/opt/gz_fuel_tools_vendor:/opt/ros/jazzy/opt/gz_msgs_vendor:/opt/ros/jazzy/opt/gz_common_vendor:/opt/ros/jazzy/opt/gz_math_vendor:/opt/ros/jazzy/opt/gz_utils_vendor:/opt/ros/jazzy/opt/gz_tools_vendor:/opt/ros/jazzy/opt/gz_ogre_next_vendor:/opt/ros/jazzy/opt/gz_dartsim_vendor:/opt/ros/jazzy/opt/gz_cmake_vendor:/home/kunal-jazzy/vision_autonomous_rover/install/rover_control:/opt/ros/jazzy DEBUGINFOD_URLS=https://debuginfod.ubuntu.com /usr/bin/cmake --install /home/kunal-jazzy/vision_autonomous_rover/build/rover_bringup
[0.802s] Level 1:colcon.colcon_core.environment:create_environment_scripts_only(rover_bringup)
[0.802s] Level 1:colcon.colcon_core.environment:checking '/home/kunal-jazzy/vision_autonomous_rover/install/rover_bringup' for CMake module files
[0.803s] DEBUG:colcon.colcon_core.event_handler.log_command:Invoked command in '/home/kunal-jazzy/vision_autonomous_rover/build/rover_bringup' returned '0': CMAKE_PREFIX_PATH=/home/kunal-jazzy/vision_autonomous_rover/install/autonomous_rover_description:/home/kunal-jazzy/Desktop/fws_robot_harmonic/install/velocity_pub:/home/kunal-jazzy/Desktop/fws_robot_harmonic/install/fws_robot_sim:/home/kunal-jazzy/Desktop/fws_robot_harmonic/install/fws_robot_description:/home/kunal-jazzy/vision_autonomous_rover/install/rover_bringup:/home/kunal-jazzy/my_robot_ws/install/my_robot_bringup:/home/kunal-jazzy/my_robot_ws/install/my_robot_description:/opt/ros/jazzy/opt/gz_sim_vendor:/opt/ros/jazzy/opt/gz_sensors_vendor:/opt/ros/jazzy/opt/gz_physics_vendor:/opt/ros/jazzy/opt/sdformat_vendor:/opt/ros/jazzy/opt/gz_gui_vendor:/opt/ros/jazzy/opt/gz_transport_vendor:/opt/ros/jazzy/opt/gz_rendering_vendor:/opt/ros/jazzy/opt/gz_plugin_vendor:/opt/ros/jazzy/opt/gz_fuel_tools_vendor:/opt/ros/jazzy/opt/gz_msgs_vendor:/opt/ros/jazzy/opt/gz_common_vendor:/opt/ros/jazzy/opt/gz_math_vendor:/opt/ros/jazzy/opt/gz_utils_vendor:/opt/ros/jazzy/opt/gz_tools_vendor:/opt/ros/jazzy/opt/gz_ogre_next_vendor:/opt/ros/jazzy/opt/gz_dartsim_vendor:/opt/ros/jazzy/opt/gz_cmake_vendor:/home/kunal-jazzy/vision_autonomous_rover/install/rover_control:/opt/ros/jazzy DEBUGINFOD_URLS=https://debuginfod.ubuntu.com /usr/bin/cmake --install /home/kunal-jazzy/vision_autonomous_rover/build/rover_bringup
[0.804s] Level 1:colcon.colcon_core.environment:checking '/home/kunal-jazzy/vision_autonomous_rover/install/rover_bringup' for CMake config files
[0.805s] Level 1:colcon.colcon_core.shell:create_environment_hook('rover_bringup', 'cmake_prefix_path')
[0.805s] INFO:colcon.colcon_core.shell:Creating environment hook '/home/kunal-jazzy/vision_autonomous_rover/install/rover_bringup/share/rover_bringup/hook/cmake_prefix_path.ps1'
[0.806s] INFO:colcon.colcon_core.shell:Creating environment descriptor '/home/kunal-jazzy/vision_autonomous_rover/install/rover_bringup/share/rover_bringup/hook/cmake_prefix_path.dsv'
[0.806s] INFO:colcon.colcon_core.shell:Creating environment hook '/home/kunal-jazzy/vision_autonomous_rover/install/rover_bringup/share/rover_bringup/hook/cmake_prefix_path.sh'
[0.807s] Level 1:colcon.colcon_core.environment:checking '/home/kunal-jazzy/vision_autonomous_rover/install/rover_bringup/bin'
[0.807s] Level 1:colcon.colcon_core.environment:checking '/home/kunal-jazzy/vision_autonomous_rover/install/rover_bringup/lib/pkgconfig/rover_bringup.pc'
[0.807s] Level 1:colcon.colcon_core.environment:checking '/home/kunal-jazzy/vision_autonomous_rover/install/rover_bringup/lib/python3.12/site-packages'
[0.808s] Level 1:colcon.colcon_core.environment:checking '/home/kunal-jazzy/vision_autonomous_rover/install/rover_bringup/bin'
[0.808s] INFO:colcon.colcon_core.shell:Creating package script '/home/kunal-jazzy/vision_autonomous_rover/install/rover_bringup/share/rover_bringup/package.ps1'
[0.809s] INFO:colcon.colcon_core.shell:Creating package descriptor '/home/kunal-jazzy/vision_autonomous_rover/install/rover_bringup/share/rover_bringup/package.dsv'
[0.809s] INFO:colcon.colcon_core.shell:Creating package script '/home/kunal-jazzy/vision_autonomous_rover/install/rover_bringup/share/rover_bringup/package.sh'
[0.810s] INFO:colcon.colcon_core.shell:Creating package script '/home/kunal-jazzy/vision_autonomous_rover/install/rover_bringup/share/rover_bringup/package.bash'
[0.810s] INFO:colcon.colcon_core.shell:Creating package script '/home/kunal-jazzy/vision_autonomous_rover/install/rover_bringup/share/rover_bringup/package.zsh'
[0.810s] Level 1:colcon.colcon_core.environment:create_file_with_runtime_dependencies(/home/kunal-jazzy/vision_autonomous_rover/install/rover_bringup/share/colcon-core/packages/rover_bringup)
[0.811s] Level 1:colcon.colcon_core.environment:create_environment_scripts_only(rover_bringup)
[0.811s] Level 1:colcon.colcon_core.environment:checking '/home/kunal-jazzy/vision_autonomous_rover/install/rover_bringup' for CMake module files
[0.811s] Level 1:colcon.colcon_core.environment:checking '/home/kunal-jazzy/vision_autonomous_rover/install/rover_bringup' for CMake config files
[0.812s] Level 1:colcon.colcon_core.shell:create_environment_hook('rover_bringup', 'cmake_prefix_path')
[0.812s] INFO:colcon.colcon_core.shell:Creating environment hook '/home/kunal-jazzy/vision_autonomous_rover/install/rover_bringup/share/rover_bringup/hook/cmake_prefix_path.ps1'
[0.812s] INFO:colcon.colcon_core.shell:Creating environment descriptor '/home/kunal-jazzy/vision_autonomous_rover/install/rover_bringup/share/rover_bringup/hook/cmake_prefix_path.dsv'
[0.813s] INFO:colcon.colcon_core.shell:Creating environment hook '/home/kunal-jazzy/vision_autonomous_rover/install/rover_bringup/share/rover_bringup/hook/cmake_prefix_path.sh'
[0.813s] Level 1:colcon.colcon_core.environment:checking '/home/kunal-jazzy/vision_autonomous_rover/install/rover_bringup/bin'
[0.813s] Level 1:colcon.colcon_core.environment:checking '/home/kunal-jazzy/vision_autonomous_rover/install/rover_bringup/lib/pkgconfig/rover_bringup.pc'
[0.814s] Level 1:colcon.colcon_core.environment:checking '/home/kunal-jazzy/vision_autonomous_rover/install/rover_bringup/lib/python3.12/site-packages'
[0.814s] Level 1:colcon.colcon_core.environment:checking '/home/kunal-jazzy/vision_autonomous_rover/install/rover_bringup/bin'
[0.814s] INFO:colcon.colcon_core.shell:Creating package script '/home/kunal-jazzy/vision_autonomous_rover/install/rover_bringup/share/rover_bringup/package.ps1'
[0.815s] INFO:colcon.colcon_core.shell:Creating package descriptor '/home/kunal-jazzy/vision_autonomous_rover/install/rover_bringup/share/rover_bringup/package.dsv'
[0.815s] INFO:colcon.colcon_core.shell:Creating package script '/home/kunal-jazzy/vision_autonomous_rover/install/rover_bringup/share/rover_bringup/package.sh'
[0.816s] INFO:colcon.colcon_core.shell:Creating package script '/home/kunal-jazzy/vision_autonomous_rover/install/rover_bringup/share/rover_bringup/package.bash'
[0.816s] INFO:colcon.colcon_core.shell:Creating package script '/home/kunal-jazzy/vision_autonomous_rover/install/rover_bringup/share/rover_bringup/package.zsh'
[0.816s] Level 1:colcon.colcon_core.environment:create_file_with_runtime_dependencies(/home/kunal-jazzy/vision_autonomous_rover/install/rover_bringup/share/colcon-core/packages/rover_bringup)
[1.534s] DEBUG:colcon.colcon_core.event_handler.log_command:Invoking command in '/home/kunal-jazzy/vision_autonomous_rover/src/rover_control': DEBUGINFOD_URLS=https://debuginfod.ubuntu.com PYTHONPATH=/home/kunal-jazzy/vision_autonomous_rover/build/rover_control/prefix_override:/usr/lib/python3/dist-packages/colcon_core/task/python/colcon_distutils_commands:/home/kunal-jazzy/vision_autonomous_rover/install/rover_control/lib/python3.12/site-packages:${PYTHONPATH} /usr/bin/python3 -W ignore:setup.py install is deprecated -W ignore:easy_install command is deprecated setup.py egg_info --egg-base ../../build/rover_control build --build-base /home/kunal-jazzy/vision_autonomous_rover/build/rover_control/build install --record /home/kunal-jazzy/vision_autonomous_rover/build/rover_control/install.log --single-version-externally-managed install_data
[1.989s] Level 1:colcon.colcon_core.environment:checking '/home/kunal-jazzy/vision_autonomous_rover/install/rover_control' for CMake module files
[1.990s] DEBUG:colcon.colcon_core.event_handler.log_command:Invoked command in '/home/kunal-jazzy/vision_autonomous_rover/src/rover_control' returned '0': DEBUGINFOD_URLS=https://debuginfod.ubuntu.com PYTHONPATH=/home/kunal-jazzy/vision_autonomous_rover/build/rover_control/prefix_override:/usr/lib/python3/dist-packages/colcon_core/task/python/colcon_distutils_commands:/home/kunal-jazzy/vision_autonomous_rover/install/rover_control/lib/python3.12/site-packages:${PYTHONPATH} /usr/bin/python3 -W ignore:setup.py install is deprecated -W ignore:easy_install command is deprecated setup.py egg_info --egg-base ../../build/rover_control build --build-base /home/kunal-jazzy/vision_autonomous_rover/build/rover_control/build install --record /home/kunal-jazzy/vision_autonomous_rover/build/rover_control/install.log --single-version-externally-managed install_data
[1.990s] Level 1:colcon.colcon_core.environment:checking '/home/kunal-jazzy/vision_autonomous_rover/install/rover_control' for CMake config files
[1.992s] Level 1:colcon.colcon_core.environment:checking '/home/kunal-jazzy/vision_autonomous_rover/install/rover_control/lib'
[1.992s] Level 1:colcon.colcon_core.environment:checking '/home/kunal-jazzy/vision_autonomous_rover/install/rover_control/bin'
[1.992s] Level 1:colcon.colcon_core.environment:checking '/home/kunal-jazzy/vision_autonomous_rover/install/rover_control/lib/pkgconfig/rover_control.pc'
[1.993s] Level 1:colcon.colcon_core.environment:checking '/home/kunal-jazzy/vision_autonomous_rover/install/rover_control/lib/python3.12/site-packages'
[1.993s] Level 1:colcon.colcon_core.shell:create_environment_hook('rover_control', 'pythonpath')
[1.993s] INFO:colcon.colcon_core.shell:Creating environment hook '/home/kunal-jazzy/vision_autonomous_rover/install/rover_control/share/rover_control/hook/pythonpath.ps1'
[1.993s] INFO:colcon.colcon_core.shell:Creating environment descriptor '/home/kunal-jazzy/vision_autonomous_rover/install/rover_control/share/rover_control/hook/pythonpath.dsv'
[1.993s] INFO:colcon.colcon_core.shell:Creating environment hook '/home/kunal-jazzy/vision_autonomous_rover/install/rover_control/share/rover_control/hook/pythonpath.sh'
[1.994s] Level 1:colcon.colcon_core.environment:checking '/home/kunal-jazzy/vision_autonomous_rover/install/rover_control/bin'
[1.994s] Level 1:colcon.colcon_core.environment:create_environment_scripts_only(rover_control)
[1.994s] INFO:colcon.colcon_core.shell:Creating package script '/home/kunal-jazzy/vision_autonomous_rover/install/rover_control/share/rover_control/package.ps1'
[1.995s] INFO:colcon.colcon_core.shell:Creating package descriptor '/home/kunal-jazzy/vision_autonomous_rover/install/rover_control/share/rover_control/package.dsv'
[1.995s] INFO:colcon.colcon_core.shell:Creating package script '/home/kunal-jazzy/vision_autonomous_rover/install/rover_control/share/rover_control/package.sh'
[1.995s] INFO:colcon.colcon_core.shell:Creating package script '/home/kunal-jazzy/vision_autonomous_rover/install/rover_control/share/rover_control/package.bash'
[1.995s] INFO:colcon.colcon_core.shell:Creating package script '/home/kunal-jazzy/vision_autonomous_rover/install/rover_control/share/rover_control/package.zsh'
[1.996s] Level 1:colcon.colcon_core.environment:create_file_with_runtime_dependencies(/home/kunal-jazzy/vision_autonomous_rover/install/rover_control/share/colcon-core/packages/rover_control)
[1.996s] DEBUG:colcon.colcon_parallel_executor.executor.parallel:closing loop
[1.996s] DEBUG:colcon.colcon_parallel_executor.executor.parallel:loop closed
[1.996s] DEBUG:colcon.colcon_parallel_executor.executor.parallel:run_until_complete finished with '0'
[1.996s] DEBUG:colcon.colcon_core.event_reactor:joining thread
[2.003s] INFO:colcon.colcon_core.plugin_system:Skipping extension 'colcon_notification.desktop_notification.terminal_notifier': Not used on non-Darwin systems
[2.003s] INFO:colcon.colcon_core.plugin_system:Skipping extension 'colcon_notification.desktop_notification.win32': Not used on non-Windows systems
[2.003s] INFO:colcon.colcon_notification.desktop_notification:Sending desktop notification using 'notify2'
[2.020s] DEBUG:colcon.colcon_core.event_reactor:joined thread
[2.021s] INFO:colcon.colcon_core.shell:Creating prefix script '/home/kunal-jazzy/vision_autonomous_rover/install/local_setup.ps1'
[2.022s] INFO:colcon.colcon_core.shell:Creating prefix util module '/home/kunal-jazzy/vision_autonomous_rover/install/_local_setup_util_ps1.py'
[2.024s] INFO:colcon.colcon_core.shell:Creating prefix chain script '/home/kunal-jazzy/vision_autonomous_rover/install/setup.ps1'
[2.026s] INFO:colcon.colcon_core.shell:Creating prefix script '/home/kunal-jazzy/vision_autonomous_rover/install/local_setup.sh'
[2.027s] INFO:colcon.colcon_core.shell:Creating prefix util module '/home/kunal-jazzy/vision_autonomous_rover/install/_local_setup_util_sh.py'
[2.028s] INFO:colcon.colcon_core.shell:Creating prefix chain script '/home/kunal-jazzy/vision_autonomous_rover/install/setup.sh'
[2.030s] INFO:colcon.colcon_core.shell:Creating prefix script '/home/kunal-jazzy/vision_autonomous_rover/install/local_setup.bash'
[2.031s] INFO:colcon.colcon_core.shell:Creating prefix chain script '/home/kunal-jazzy/vision_autonomous_rover/install/setup.bash'
[2.032s] INFO:colcon.colcon_core.shell:Creating prefix script '/home/kunal-jazzy/vision_autonomous_rover/install/local_setup.zsh'
[2.033s] INFO:colcon.colcon_core.shell:Creating prefix chain script '/home/kunal-jazzy/vision_autonomous_rover/install/setup.zsh'
