[0.940s] Invoking command in '/home/kunal-jazzy/vision_autonomous_rover/src/rover_control': DEBUGINFOD_URLS=https://debuginfod.ubuntu.com PYTHONPATH=/home/kunal-jazzy/vision_autonomous_rover/build/rover_control/prefix_override:/usr/lib/python3/dist-packages/colcon_core/task/python/colcon_distutils_commands:/home/kunal-jazzy/vision_autonomous_rover/install/rover_control/lib/python3.12/site-packages:${PYTHONPATH} /usr/bin/python3 -W ignore:setup.py install is deprecated -W ignore:easy_install command is deprecated setup.py egg_info --egg-base ../../build/rover_control build --build-base /home/kunal-jazzy/vision_autonomous_rover/build/rover_control/build install --record /home/kunal-jazzy/vision_autonomous_rover/build/rover_control/install.log --single-version-externally-managed install_data
[1.265s] running egg_info
[1.286s] writing ../../build/rover_control/rover_control.egg-info/PKG-INFO
[1.287s] writing dependency_links to ../../build/rover_control/rover_control.egg-info/dependency_links.txt
[1.287s] writing entry points to ../../build/rover_control/rover_control.egg-info/entry_points.txt
[1.287s] writing requirements to ../../build/rover_control/rover_control.egg-info/requires.txt
[1.287s] writing top-level names to ../../build/rover_control/rover_control.egg-info/top_level.txt
[1.334s] reading manifest file '../../build/rover_control/rover_control.egg-info/SOURCES.txt'
[1.335s] writing manifest file '../../build/rover_control/rover_control.egg-info/SOURCES.txt'
[1.335s] running build
[1.335s] running build_py
[1.335s] running install
[1.343s] running install_lib
[1.364s] running install_data
[1.364s] running install_egg_info
[1.386s] removing '/home/kunal-jazzy/vision_autonomous_rover/install/rover_control/lib/python3.12/site-packages/rover_control-0.0.0-py3.12.egg-info' (and everything under it)
[1.386s] Copying ../../build/rover_control/rover_control.egg-info to /home/kunal-jazzy/vision_autonomous_rover/install/rover_control/lib/python3.12/site-packages/rover_control-0.0.0-py3.12.egg-info
[1.387s] running install_scripts
[1.531s] Installing obstacle_avoidance script to /home/kunal-jazzy/vision_autonomous_rover/install/rover_control/lib/rover_control
[1.531s] writing list of installed files to '/home/kunal-jazzy/vision_autonomous_rover/build/rover_control/install.log'
[1.572s] Invoked command in '/home/kunal-jazzy/vision_autonomous_rover/src/rover_control' returned '0': DEBUGINFOD_URLS=https://debuginfod.ubuntu.com PYTHONPATH=/home/kunal-jazzy/vision_autonomous_rover/build/rover_control/prefix_override:/usr/lib/python3/dist-packages/colcon_core/task/python/colcon_distutils_commands:/home/kunal-jazzy/vision_autonomous_rover/install/rover_control/lib/python3.12/site-packages:${PYTHONPATH} /usr/bin/python3 -W ignore:setup.py install is deprecated -W ignore:easy_install command is deprecated setup.py egg_info --egg-base ../../build/rover_control build --build-base /home/kunal-jazzy/vision_autonomous_rover/build/rover_control/build install --record /home/kunal-jazzy/vision_autonomous_rover/build/rover_control/install.log --single-version-externally-managed install_data
