[0.014s] Invoking command in '/home/kunal-jazzy/vision_autonomous_rover/build/autonomous_rover_description': CMAKE_PREFIX_PATH=${CMAKE_PREFIX_PATH}:/opt/ros/jazzy DEBUGINFOD_URLS=https://debuginfod.ubuntu.com /usr/bin/cmake --build /home/kunal-jazzy/vision_autonomous_rover/build/autonomous_rover_description -- -j12 -l12
[0.106s] Invoked command in '/home/kunal-jazzy/vision_autonomous_rover/build/autonomous_rover_description' returned '0': CMAKE_PREFIX_PATH=${CMAKE_PREFIX_PATH}:/opt/ros/jazzy DEBUGINFOD_URLS=https://debuginfod.ubuntu.com /usr/bin/cmake --build /home/kunal-jazzy/vision_autonomous_rover/build/autonomous_rover_description -- -j12 -l12
[0.127s] Invoking command in '/home/kunal-jazzy/vision_autonomous_rover/build/autonomous_rover_description': CMAKE_PREFIX_PATH=${CMAKE_PREFIX_PATH}:/opt/ros/jazzy DEBUGINFOD_URLS=https://debuginfod.ubuntu.com /usr/bin/cmake --install /home/kunal-jazzy/vision_autonomous_rover/build/autonomous_rover_description
[0.142s] -- Install configuration: ""
[0.142s] -- Up-to-date: /home/kunal-jazzy/vision_autonomous_rover/install/autonomous_rover_description/share/autonomous_rover_description//urdf
[0.142s] -- Up-to-date: /home/kunal-jazzy/vision_autonomous_rover/install/autonomous_rover_description/share/autonomous_rover_description//urdf/rover_gazebo.xacro
[0.143s] -- Installing: /home/kunal-jazzy/vision_autonomous_rover/install/autonomous_rover_description/share/autonomous_rover_description//urdf/rover_base.xacro
[0.143s] -- Up-to-date: /home/kunal-jazzy/vision_autonomous_rover/install/autonomous_rover_description/share/autonomous_rover_description//urdf/common_properties.xacro
[0.143s] -- Up-to-date: /home/kunal-jazzy/vision_autonomous_rover/install/autonomous_rover_description/share/autonomous_rover_description//urdf/rover.urdf.xacro
[0.143s] -- Up-to-date: /home/kunal-jazzy/vision_autonomous_rover/install/autonomous_rover_description/share/autonomous_rover_description//rviz
[0.143s] -- Up-to-date: /home/kunal-jazzy/vision_autonomous_rover/install/autonomous_rover_description/share/autonomous_rover_description//rviz/urdf_config.rviz
[0.144s] -- Up-to-date: /home/kunal-jazzy/vision_autonomous_rover/install/autonomous_rover_description/share/autonomous_rover_description//launch
[0.144s] -- Up-to-date: /home/kunal-jazzy/vision_autonomous_rover/install/autonomous_rover_description/share/autonomous_rover_description//launch/display.launch.xml
[0.144s] -- Up-to-date: /home/kunal-jazzy/vision_autonomous_rover/install/autonomous_rover_description/share/autonomous_rover_description//launch/display.launch.py
[0.144s] -- Up-to-date: /home/kunal-jazzy/vision_autonomous_rover/install/autonomous_rover_description/share/ament_index/resource_index/package_run_dependencies/autonomous_rover_description
[0.145s] -- Up-to-date: /home/kunal-jazzy/vision_autonomous_rover/install/autonomous_rover_description/share/ament_index/resource_index/parent_prefix_path/autonomous_rover_description
[0.145s] -- Up-to-date: /home/kunal-jazzy/vision_autonomous_rover/install/autonomous_rover_description/share/autonomous_rover_description/environment/ament_prefix_path.sh
[0.145s] -- Up-to-date: /home/kunal-jazzy/vision_autonomous_rover/install/autonomous_rover_description/share/autonomous_rover_description/environment/ament_prefix_path.dsv
[0.145s] -- Up-to-date: /home/kunal-jazzy/vision_autonomous_rover/install/autonomous_rover_description/share/autonomous_rover_description/environment/path.sh
[0.146s] -- Up-to-date: /home/kunal-jazzy/vision_autonomous_rover/install/autonomous_rover_description/share/autonomous_rover_description/environment/path.dsv
[0.146s] -- Up-to-date: /home/kunal-jazzy/vision_autonomous_rover/install/autonomous_rover_description/share/autonomous_rover_description/local_setup.bash
[0.148s] -- Up-to-date: /home/kunal-jazzy/vision_autonomous_rover/install/autonomous_rover_description/share/autonomous_rover_description/local_setup.sh
[0.148s] -- Up-to-date: /home/kunal-jazzy/vision_autonomous_rover/install/autonomous_rover_description/share/autonomous_rover_description/local_setup.zsh
[0.148s] -- Up-to-date: /home/kunal-jazzy/vision_autonomous_rover/install/autonomous_rover_description/share/autonomous_rover_description/local_setup.dsv
[0.148s] -- Installing: /home/kunal-jazzy/vision_autonomous_rover/install/autonomous_rover_description/share/autonomous_rover_description/package.dsv
[0.149s] -- Up-to-date: /home/kunal-jazzy/vision_autonomous_rover/install/autonomous_rover_description/share/ament_index/resource_index/packages/autonomous_rover_description
[0.149s] -- Up-to-date: /home/kunal-jazzy/vision_autonomous_rover/install/autonomous_rover_description/share/autonomous_rover_description/cmake/autonomous_rover_descriptionConfig.cmake
[0.149s] -- Up-to-date: /home/kunal-jazzy/vision_autonomous_rover/install/autonomous_rover_description/share/autonomous_rover_description/cmake/autonomous_rover_descriptionConfig-version.cmake
[0.150s] -- Up-to-date: /home/kunal-jazzy/vision_autonomous_rover/install/autonomous_rover_description/share/autonomous_rover_description/package.xml
[0.151s] Invoked command in '/home/kunal-jazzy/vision_autonomous_rover/build/autonomous_rover_description' returned '0': CMAKE_PREFIX_PATH=${CMAKE_PREFIX_PATH}:/opt/ros/jazzy DEBUGINFOD_URLS=https://debuginfod.ubuntu.com /usr/bin/cmake --install /home/kunal-jazzy/vision_autonomous_rover/build/autonomous_rover_description
