[0.119s] DEBUG:colcon:Command line arguments: ['/usr/bin/colcon', 'build']
[0.119s] DEBUG:colcon:Parsed command line arguments: Namespace(log_base=None, log_level=None, verb_name='build', build_base='build', install_base='install', merge_install=False, symlink_install=False, test_result_base=None, continue_on_error=False, executor='parallel', parallel_workers=12, event_handlers=None, ignore_user_meta=False, metas=['./colcon.meta'], base_paths=['.'], packages_ignore=None, packages_ignore_regex=None, paths=None, packages_up_to=None, packages_up_to_regex=None, packages_above=None, packages_above_and_dependencies=None, packages_above_depth=None, packages_select_by_dep=None, packages_skip_by_dep=None, packages_skip_up_to=None, packages_select_build_failed=False, packages_skip_build_finished=False, packages_select_test_failures=False, packages_skip_test_passed=False, packages_select=None, packages_skip=None, packages_select_regex=None, packages_skip_regex=None, packages_start=None, packages_end=None, allow_overriding=[], cmake_args=None, cmake_target=None, cmake_target_skip_unavailable=False, cmake_clean_cache=False, cmake_clean_first=False, cmake_force_configure=False, ament_cmake_args=None, catkin_cmake_args=None, catkin_skip_building_tests=False, mixin_files=None, mixin=None, verb_parser=<colcon_mixin.mixin.mixin_argument.MixinArgumentDecorator object at 0x75dfad27fec0>, verb_extension=<colcon_core.verb.build.BuildVerb object at 0x75dfad3a6570>, main=<bound method BuildVerb.main of <colcon_core.verb.build.BuildVerb object at 0x75dfad3a6570>>, mixin_verb=('build',))
[0.163s] Level 1:colcon.colcon_core.package_discovery:discover_packages(colcon_meta) check parameters
[0.163s] Level 1:colcon.colcon_core.package_discovery:discover_packages(recursive) check parameters
[0.163s] Level 1:colcon.colcon_core.package_discovery:discover_packages(ignore) check parameters
[0.164s] Level 1:colcon.colcon_core.package_discovery:discover_packages(path) check parameters
[0.164s] Level 1:colcon.colcon_core.package_discovery:discover_packages(colcon_meta) discover
[0.164s] Level 1:colcon.colcon_core.package_discovery:discover_packages(recursive) discover
[0.164s] INFO:colcon.colcon_core.package_discovery:Crawling recursively for packages in '/home/kunal-jazzy/vision_autonomous_rover'
[0.164s] Level 1:colcon.colcon_core.package_identification:_identify(.) by extensions ['ignore', 'ignore_ament_install']
[0.164s] Level 1:colcon.colcon_core.package_identification:_identify(.) by extension 'ignore'
[0.164s] Level 1:colcon.colcon_core.package_identification:_identify(.) by extension 'ignore_ament_install'
[0.164s] Level 1:colcon.colcon_core.package_identification:_identify(.) by extensions ['colcon_pkg']
[0.164s] Level 1:colcon.colcon_core.package_identification:_identify(.) by extension 'colcon_pkg'
[0.164s] Level 1:colcon.colcon_core.package_identification:_identify(.) by extensions ['colcon_meta']
[0.164s] Level 1:colcon.colcon_core.package_identification:_identify(.) by extension 'colcon_meta'
[0.164s] Level 1:colcon.colcon_core.package_identification:_identify(.) by extensions ['ros']
[0.164s] Level 1:colcon.colcon_core.package_identification:_identify(.) by extension 'ros'
[0.195s] Level 1:colcon.colcon_core.package_identification:_identify(.) by extensions ['cmake', 'python']
[0.195s] Level 1:colcon.colcon_core.package_identification:_identify(.) by extension 'cmake'
[0.195s] Level 1:colcon.colcon_core.package_identification:_identify(.) by extension 'python'
[0.195s] Level 1:colcon.colcon_core.package_identification:_identify(.) by extensions ['python_setup_py']
[0.195s] Level 1:colcon.colcon_core.package_identification:_identify(.) by extension 'python_setup_py'
[0.196s] Level 1:colcon.colcon_core.package_identification:_identify(build) by extensions ['ignore', 'ignore_ament_install']
[0.196s] Level 1:colcon.colcon_core.package_identification:_identify(build) by extension 'ignore'
[0.196s] Level 1:colcon.colcon_core.package_identification:_identify(build) ignored
[0.196s] Level 1:colcon.colcon_core.package_identification:_identify(install) by extensions ['ignore', 'ignore_ament_install']
[0.196s] Level 1:colcon.colcon_core.package_identification:_identify(install) by extension 'ignore'
[0.196s] Level 1:colcon.colcon_core.package_identification:_identify(install) ignored
[0.196s] Level 1:colcon.colcon_core.package_identification:_identify(log) by extensions ['ignore', 'ignore_ament_install']
[0.196s] Level 1:colcon.colcon_core.package_identification:_identify(log) by extension 'ignore'
[0.196s] Level 1:colcon.colcon_core.package_identification:_identify(log) ignored
[0.196s] Level 1:colcon.colcon_core.package_identification:_identify(src) by extensions ['ignore', 'ignore_ament_install']
[0.196s] Level 1:colcon.colcon_core.package_identification:_identify(src) by extension 'ignore'
[0.197s] Level 1:colcon.colcon_core.package_identification:_identify(src) by extension 'ignore_ament_install'
[0.197s] Level 1:colcon.colcon_core.package_identification:_identify(src) by extensions ['colcon_pkg']
[0.197s] Level 1:colcon.colcon_core.package_identification:_identify(src) by extension 'colcon_pkg'
[0.197s] Level 1:colcon.colcon_core.package_identification:_identify(src) by extensions ['colcon_meta']
[0.197s] Level 1:colcon.colcon_core.package_identification:_identify(src) by extension 'colcon_meta'
[0.197s] Level 1:colcon.colcon_core.package_identification:_identify(src) by extensions ['ros']
[0.197s] Level 1:colcon.colcon_core.package_identification:_identify(src) by extension 'ros'
[0.197s] Level 1:colcon.colcon_core.package_identification:_identify(src) by extensions ['cmake', 'python']
[0.197s] Level 1:colcon.colcon_core.package_identification:_identify(src) by extension 'cmake'
[0.197s] Level 1:colcon.colcon_core.package_identification:_identify(src) by extension 'python'
[0.197s] Level 1:colcon.colcon_core.package_identification:_identify(src) by extensions ['python_setup_py']
[0.197s] Level 1:colcon.colcon_core.package_identification:_identify(src) by extension 'python_setup_py'
[0.197s] Level 1:colcon.colcon_core.package_identification:_identify(src/autonomous_rover_description) by extensions ['ignore', 'ignore_ament_install']
[0.197s] Level 1:colcon.colcon_core.package_identification:_identify(src/autonomous_rover_description) by extension 'ignore'
[0.197s] Level 1:colcon.colcon_core.package_identification:_identify(src/autonomous_rover_description) by extension 'ignore_ament_install'
[0.197s] Level 1:colcon.colcon_core.package_identification:_identify(src/autonomous_rover_description) by extensions ['colcon_pkg']
[0.197s] Level 1:colcon.colcon_core.package_identification:_identify(src/autonomous_rover_description) by extension 'colcon_pkg'
[0.197s] Level 1:colcon.colcon_core.package_identification:_identify(src/autonomous_rover_description) by extensions ['colcon_meta']
[0.197s] Level 1:colcon.colcon_core.package_identification:_identify(src/autonomous_rover_description) by extension 'colcon_meta'
[0.197s] Level 1:colcon.colcon_core.package_identification:_identify(src/autonomous_rover_description) by extensions ['ros']
[0.197s] Level 1:colcon.colcon_core.package_identification:_identify(src/autonomous_rover_description) by extension 'ros'
[0.200s] DEBUG:colcon.colcon_core.package_identification:Package 'src/autonomous_rover_description' with type 'ros.ament_cmake' and name 'autonomous_rover_description'
[0.200s] Level 1:colcon.colcon_core.package_identification:_identify(src/log) by extensions ['ignore', 'ignore_ament_install']
[0.201s] Level 1:colcon.colcon_core.package_identification:_identify(src/log) by extension 'ignore'
[0.201s] Level 1:colcon.colcon_core.package_identification:_identify(src/log) ignored
[0.201s] Level 1:colcon.colcon_core.package_identification:_identify(src/rover_bringup) by extensions ['ignore', 'ignore_ament_install']
[0.201s] Level 1:colcon.colcon_core.package_identification:_identify(src/rover_bringup) by extension 'ignore'
[0.201s] Level 1:colcon.colcon_core.package_identification:_identify(src/rover_bringup) by extension 'ignore_ament_install'
[0.201s] Level 1:colcon.colcon_core.package_identification:_identify(src/rover_bringup) by extensions ['colcon_pkg']
[0.201s] Level 1:colcon.colcon_core.package_identification:_identify(src/rover_bringup) by extension 'colcon_pkg'
[0.201s] Level 1:colcon.colcon_core.package_identification:_identify(src/rover_bringup) by extensions ['colcon_meta']
[0.201s] Level 1:colcon.colcon_core.package_identification:_identify(src/rover_bringup) by extension 'colcon_meta'
[0.201s] Level 1:colcon.colcon_core.package_identification:_identify(src/rover_bringup) by extensions ['ros']
[0.201s] Level 1:colcon.colcon_core.package_identification:_identify(src/rover_bringup) by extension 'ros'
[0.202s] DEBUG:colcon.colcon_core.package_identification:Package 'src/rover_bringup' with type 'ros.ament_cmake' and name 'rover_bringup'
[0.202s] Level 1:colcon.colcon_core.package_identification:_identify(src/rover_control) by extensions ['ignore', 'ignore_ament_install']
[0.202s] Level 1:colcon.colcon_core.package_identification:_identify(src/rover_control) by extension 'ignore'
[0.202s] Level 1:colcon.colcon_core.package_identification:_identify(src/rover_control) by extension 'ignore_ament_install'
[0.202s] Level 1:colcon.colcon_core.package_identification:_identify(src/rover_control) by extensions ['colcon_pkg']
[0.202s] Level 1:colcon.colcon_core.package_identification:_identify(src/rover_control) by extension 'colcon_pkg'
[0.202s] Level 1:colcon.colcon_core.package_identification:_identify(src/rover_control) by extensions ['colcon_meta']
[0.202s] Level 1:colcon.colcon_core.package_identification:_identify(src/rover_control) by extension 'colcon_meta'
[0.202s] Level 1:colcon.colcon_core.package_identification:_identify(src/rover_control) by extensions ['ros']
[0.202s] Level 1:colcon.colcon_core.package_identification:_identify(src/rover_control) by extension 'ros'
[0.203s] DEBUG:colcon.colcon_core.package_identification:Package 'src/rover_control' with type 'ros.ament_python' and name 'rover_control'
[0.203s] Level 1:colcon.colcon_core.package_discovery:discover_packages(recursive) using defaults
[0.203s] Level 1:colcon.colcon_core.package_discovery:discover_packages(ignore) discover
[0.203s] Level 1:colcon.colcon_core.package_discovery:discover_packages(ignore) using defaults
[0.203s] Level 1:colcon.colcon_core.package_discovery:discover_packages(path) discover
[0.203s] Level 1:colcon.colcon_core.package_discovery:discover_packages(path) using defaults
[0.225s] Level 1:colcon.colcon_core.package_discovery:discover_packages(prefix_path) check parameters
[0.225s] Level 1:colcon.colcon_core.package_discovery:discover_packages(prefix_path) discover
[0.227s] DEBUG:colcon.colcon_installed_package_information.package_discovery:Found 3 installed packages in /home/kunal-jazzy/vision_autonomous_rover/install
[0.227s] DEBUG:colcon.colcon_installed_package_information.package_discovery:Found 3 installed packages in /home/kunal-jazzy/Desktop/fws_robot_harmonic/install
[0.228s] DEBUG:colcon.colcon_installed_package_information.package_discovery:Found 2 installed packages in /home/kunal-jazzy/my_robot_ws/install
[0.229s] DEBUG:colcon.colcon_installed_package_information.package_discovery:Found 319 installed packages in /opt/ros/jazzy
[0.231s] Level 1:colcon.colcon_core.package_discovery:discover_packages(prefix_path) using defaults
[0.275s] Level 5:colcon.colcon_core.verb:set package 'autonomous_rover_description' build argument 'cmake_args' from command line to 'None'
[0.275s] Level 5:colcon.colcon_core.verb:set package 'autonomous_rover_description' build argument 'cmake_target' from command line to 'None'
[0.275s] Level 5:colcon.colcon_core.verb:set package 'autonomous_rover_description' build argument 'cmake_target_skip_unavailable' from command line to 'False'
[0.275s] Level 5:colcon.colcon_core.verb:set package 'autonomous_rover_description' build argument 'cmake_clean_cache' from command line to 'False'
[0.275s] Level 5:colcon.colcon_core.verb:set package 'autonomous_rover_description' build argument 'cmake_clean_first' from command line to 'False'
[0.275s] Level 5:colcon.colcon_core.verb:set package 'autonomous_rover_description' build argument 'cmake_force_configure' from command line to 'False'
[0.275s] Level 5:colcon.colcon_core.verb:set package 'autonomous_rover_description' build argument 'ament_cmake_args' from command line to 'None'
[0.275s] Level 5:colcon.colcon_core.verb:set package 'autonomous_rover_description' build argument 'catkin_cmake_args' from command line to 'None'
[0.275s] Level 5:colcon.colcon_core.verb:set package 'autonomous_rover_description' build argument 'catkin_skip_building_tests' from command line to 'False'
[0.275s] DEBUG:colcon.colcon_core.verb:Building package 'autonomous_rover_description' with the following arguments: {'ament_cmake_args': None, 'build_base': '/home/kunal-jazzy/vision_autonomous_rover/build/autonomous_rover_description', 'catkin_cmake_args': None, 'catkin_skip_building_tests': False, 'cmake_args': None, 'cmake_clean_cache': False, 'cmake_clean_first': False, 'cmake_force_configure': False, 'cmake_target': None, 'cmake_target_skip_unavailable': False, 'install_base': '/home/kunal-jazzy/vision_autonomous_rover/install/autonomous_rover_description', 'merge_install': False, 'path': '/home/kunal-jazzy/vision_autonomous_rover/src/autonomous_rover_description', 'symlink_install': False, 'test_result_base': None}
[0.275s] Level 5:colcon.colcon_core.verb:set package 'rover_control' build argument 'cmake_args' from command line to 'None'
[0.275s] Level 5:colcon.colcon_core.verb:set package 'rover_control' build argument 'cmake_target' from command line to 'None'
[0.275s] Level 5:colcon.colcon_core.verb:set package 'rover_control' build argument 'cmake_target_skip_unavailable' from command line to 'False'
[0.275s] Level 5:colcon.colcon_core.verb:set package 'rover_control' build argument 'cmake_clean_cache' from command line to 'False'
[0.275s] Level 5:colcon.colcon_core.verb:set package 'rover_control' build argument 'cmake_clean_first' from command line to 'False'
[0.275s] Level 5:colcon.colcon_core.verb:set package 'rover_control' build argument 'cmake_force_configure' from command line to 'False'
[0.275s] Level 5:colcon.colcon_core.verb:set package 'rover_control' build argument 'ament_cmake_args' from command line to 'None'
[0.275s] Level 5:colcon.colcon_core.verb:set package 'rover_control' build argument 'catkin_cmake_args' from command line to 'None'
[0.275s] Level 5:colcon.colcon_core.verb:set package 'rover_control' build argument 'catkin_skip_building_tests' from command line to 'False'
[0.275s] DEBUG:colcon.colcon_core.verb:Building package 'rover_control' with the following arguments: {'ament_cmake_args': None, 'build_base': '/home/kunal-jazzy/vision_autonomous_rover/build/rover_control', 'catkin_cmake_args': None, 'catkin_skip_building_tests': False, 'cmake_args': None, 'cmake_clean_cache': False, 'cmake_clean_first': False, 'cmake_force_configure': False, 'cmake_target': None, 'cmake_target_skip_unavailable': False, 'install_base': '/home/kunal-jazzy/vision_autonomous_rover/install/rover_control', 'merge_install': False, 'path': '/home/kunal-jazzy/vision_autonomous_rover/src/rover_control', 'symlink_install': False, 'test_result_base': None}
[0.276s] Level 5:colcon.colcon_core.verb:set package 'rover_bringup' build argument 'cmake_args' from command line to 'None'
[0.276s] Level 5:colcon.colcon_core.verb:set package 'rover_bringup' build argument 'cmake_target' from command line to 'None'
[0.276s] Level 5:colcon.colcon_core.verb:set package 'rover_bringup' build argument 'cmake_target_skip_unavailable' from command line to 'False'
[0.276s] Level 5:colcon.colcon_core.verb:set package 'rover_bringup' build argument 'cmake_clean_cache' from command line to 'False'
[0.276s] Level 5:colcon.colcon_core.verb:set package 'rover_bringup' build argument 'cmake_clean_first' from command line to 'False'
[0.276s] Level 5:colcon.colcon_core.verb:set package 'rover_bringup' build argument 'cmake_force_configure' from command line to 'False'
[0.276s] Level 5:colcon.colcon_core.verb:set package 'rover_bringup' build argument 'ament_cmake_args' from command line to 'None'
[0.276s] Level 5:colcon.colcon_core.verb:set package 'rover_bringup' build argument 'catkin_cmake_args' from command line to 'None'
[0.276s] Level 5:colcon.colcon_core.verb:set package 'rover_bringup' build argument 'catkin_skip_building_tests' from command line to 'False'
[0.276s] DEBUG:colcon.colcon_core.verb:Building package 'rover_bringup' with the following arguments: {'ament_cmake_args': None, 'build_base': '/home/kunal-jazzy/vision_autonomous_rover/build/rover_bringup', 'catkin_cmake_args': None, 'catkin_skip_building_tests': False, 'cmake_args': None, 'cmake_clean_cache': False, 'cmake_clean_first': False, 'cmake_force_configure': False, 'cmake_target': None, 'cmake_target_skip_unavailable': False, 'install_base': '/home/kunal-jazzy/vision_autonomous_rover/install/rover_bringup', 'merge_install': False, 'path': '/home/kunal-jazzy/vision_autonomous_rover/src/rover_bringup', 'symlink_install': False, 'test_result_base': None}
[0.276s] INFO:colcon.colcon_core.executor:Executing jobs using 'parallel' executor
[0.277s] DEBUG:colcon.colcon_parallel_executor.executor.parallel:run_until_complete
[0.278s] INFO:colcon.colcon_ros.task.ament_cmake.build:Building ROS package in '/home/kunal-jazzy/vision_autonomous_rover/src/autonomous_rover_description' with build type 'ament_cmake'
[0.278s] INFO:colcon.colcon_cmake.task.cmake.build:Building CMake package in '/home/kunal-jazzy/vision_autonomous_rover/src/autonomous_rover_description'
[0.280s] INFO:colcon.colcon_core.plugin_system:Skipping extension 'colcon_core.shell.bat': Not used on non-Windows systems
[0.280s] INFO:colcon.colcon_core.shell:Skip shell extension 'powershell' for command environment: Not usable outside of PowerShell
[0.280s] DEBUG:colcon.colcon_core.shell:Skip shell extension 'dsv' for command environment
[0.285s] INFO:colcon.colcon_ros.task.ament_python.build:Building ROS package in '/home/kunal-jazzy/vision_autonomous_rover/src/rover_control' with build type 'ament_python'
[0.285s] Level 1:colcon.colcon_core.shell:create_environment_hook('rover_control', 'ament_prefix_path')
[0.286s] INFO:colcon.colcon_core.shell:Creating environment hook '/home/kunal-jazzy/vision_autonomous_rover/install/rover_control/share/rover_control/hook/ament_prefix_path.ps1'
[0.286s] INFO:colcon.colcon_core.shell:Creating environment descriptor '/home/kunal-jazzy/vision_autonomous_rover/install/rover_control/share/rover_control/hook/ament_prefix_path.dsv'
[0.287s] INFO:colcon.colcon_core.shell:Creating environment hook '/home/kunal-jazzy/vision_autonomous_rover/install/rover_control/share/rover_control/hook/ament_prefix_path.sh'
[0.288s] INFO:colcon.colcon_core.shell:Skip shell extension 'powershell' for command environment: Not usable outside of PowerShell
[0.288s] DEBUG:colcon.colcon_core.shell:Skip shell extension 'dsv' for command environment
[0.299s] DEBUG:colcon.colcon_core.event_handler.log_command:Invoking command in '/home/kunal-jazzy/vision_autonomous_rover/build/autonomous_rover_description': CMAKE_PREFIX_PATH=${CMAKE_PREFIX_PATH}:/home/kunal-jazzy/vision_autonomous_rover/install/rover_control:/opt/ros/jazzy DEBUGINFOD_URLS=https://debuginfod.ubuntu.com /usr/bin/cmake --build /home/kunal-jazzy/vision_autonomous_rover/build/autonomous_rover_description -- -j12 -l12
[0.541s] INFO:colcon.colcon_core.task.python.build:Building Python package in '/home/kunal-jazzy/vision_autonomous_rover/src/rover_control'
[0.541s] INFO:colcon.colcon_core.shell:Skip shell extension 'powershell' for command environment: Not usable outside of PowerShell
[0.541s] DEBUG:colcon.colcon_core.shell:Skip shell extension 'dsv' for command environment
[0.548s] DEBUG:colcon.colcon_core.event_handler.log_command:Invoked command in '/home/kunal-jazzy/vision_autonomous_rover/build/autonomous_rover_description' returned '0': CMAKE_PREFIX_PATH=${CMAKE_PREFIX_PATH}:/home/kunal-jazzy/vision_autonomous_rover/install/rover_control:/opt/ros/jazzy DEBUGINFOD_URLS=https://debuginfod.ubuntu.com /usr/bin/cmake --build /home/kunal-jazzy/vision_autonomous_rover/build/autonomous_rover_description -- -j12 -l12
[0.561s] DEBUG:colcon.colcon_core.event_handler.log_command:Invoking command in '/home/kunal-jazzy/vision_autonomous_rover/build/autonomous_rover_description': CMAKE_PREFIX_PATH=${CMAKE_PREFIX_PATH}:/home/kunal-jazzy/vision_autonomous_rover/install/rover_control:/opt/ros/jazzy DEBUGINFOD_URLS=https://debuginfod.ubuntu.com /usr/bin/cmake --install /home/kunal-jazzy/vision_autonomous_rover/build/autonomous_rover_description
[0.575s] Level 1:colcon.colcon_core.environment:create_environment_scripts_only(autonomous_rover_description)
[0.578s] DEBUG:colcon.colcon_core.event_handler.log_command:Invoked command in '/home/kunal-jazzy/vision_autonomous_rover/build/autonomous_rover_description' returned '0': CMAKE_PREFIX_PATH=${CMAKE_PREFIX_PATH}:/home/kunal-jazzy/vision_autonomous_rover/install/rover_control:/opt/ros/jazzy DEBUGINFOD_URLS=https://debuginfod.ubuntu.com /usr/bin/cmake --install /home/kunal-jazzy/vision_autonomous_rover/build/autonomous_rover_description
[0.579s] Level 1:colcon.colcon_core.environment:checking '/home/kunal-jazzy/vision_autonomous_rover/install/autonomous_rover_description' for CMake module files
[0.580s] Level 1:colcon.colcon_core.environment:checking '/home/kunal-jazzy/vision_autonomous_rover/install/autonomous_rover_description' for CMake config files
[0.580s] Level 1:colcon.colcon_core.shell:create_environment_hook('autonomous_rover_description', 'cmake_prefix_path')
[0.580s] INFO:colcon.colcon_core.shell:Creating environment hook '/home/kunal-jazzy/vision_autonomous_rover/install/autonomous_rover_description/share/autonomous_rover_description/hook/cmake_prefix_path.ps1'
[0.581s] INFO:colcon.colcon_core.shell:Creating environment descriptor '/home/kunal-jazzy/vision_autonomous_rover/install/autonomous_rover_description/share/autonomous_rover_description/hook/cmake_prefix_path.dsv'
[0.581s] INFO:colcon.colcon_core.shell:Creating environment hook '/home/kunal-jazzy/vision_autonomous_rover/install/autonomous_rover_description/share/autonomous_rover_description/hook/cmake_prefix_path.sh'
[0.582s] Level 1:colcon.colcon_core.environment:checking '/home/kunal-jazzy/vision_autonomous_rover/install/autonomous_rover_description/bin'
[0.582s] Level 1:colcon.colcon_core.environment:checking '/home/kunal-jazzy/vision_autonomous_rover/install/autonomous_rover_description/lib/pkgconfig/autonomous_rover_description.pc'
[0.582s] Level 1:colcon.colcon_core.environment:checking '/home/kunal-jazzy/vision_autonomous_rover/install/autonomous_rover_description/lib/python3.12/site-packages'
[0.583s] Level 1:colcon.colcon_core.environment:checking '/home/kunal-jazzy/vision_autonomous_rover/install/autonomous_rover_description/bin'
[0.583s] INFO:colcon.colcon_core.shell:Creating package script '/home/kunal-jazzy/vision_autonomous_rover/install/autonomous_rover_description/share/autonomous_rover_description/package.ps1'
[0.584s] INFO:colcon.colcon_core.shell:Creating package descriptor '/home/kunal-jazzy/vision_autonomous_rover/install/autonomous_rover_description/share/autonomous_rover_description/package.dsv'
[0.584s] INFO:colcon.colcon_core.shell:Creating package script '/home/kunal-jazzy/vision_autonomous_rover/install/autonomous_rover_description/share/autonomous_rover_description/package.sh'
[0.585s] INFO:colcon.colcon_core.shell:Creating package script '/home/kunal-jazzy/vision_autonomous_rover/install/autonomous_rover_description/share/autonomous_rover_description/package.bash'
[0.585s] INFO:colcon.colcon_core.shell:Creating package script '/home/kunal-jazzy/vision_autonomous_rover/install/autonomous_rover_description/share/autonomous_rover_description/package.zsh'
[0.586s] Level 1:colcon.colcon_core.environment:create_file_with_runtime_dependencies(/home/kunal-jazzy/vision_autonomous_rover/install/autonomous_rover_description/share/colcon-core/packages/autonomous_rover_description)
[0.587s] Level 1:colcon.colcon_core.environment:create_environment_scripts_only(autonomous_rover_description)
[0.587s] Level 1:colcon.colcon_core.environment:checking '/home/kunal-jazzy/vision_autonomous_rover/install/autonomous_rover_description' for CMake module files
[0.588s] Level 1:colcon.colcon_core.environment:checking '/home/kunal-jazzy/vision_autonomous_rover/install/autonomous_rover_description' for CMake config files
[0.588s] Level 1:colcon.colcon_core.shell:create_environment_hook('autonomous_rover_description', 'cmake_prefix_path')
[0.588s] INFO:colcon.colcon_core.shell:Creating environment hook '/home/kunal-jazzy/vision_autonomous_rover/install/autonomous_rover_description/share/autonomous_rover_description/hook/cmake_prefix_path.ps1'
[0.588s] INFO:colcon.colcon_core.shell:Creating environment descriptor '/home/kunal-jazzy/vision_autonomous_rover/install/autonomous_rover_description/share/autonomous_rover_description/hook/cmake_prefix_path.dsv'
[0.589s] INFO:colcon.colcon_core.shell:Creating environment hook '/home/kunal-jazzy/vision_autonomous_rover/install/autonomous_rover_description/share/autonomous_rover_description/hook/cmake_prefix_path.sh'
[0.589s] Level 1:colcon.colcon_core.environment:checking '/home/kunal-jazzy/vision_autonomous_rover/install/autonomous_rover_description/bin'
[0.589s] Level 1:colcon.colcon_core.environment:checking '/home/kunal-jazzy/vision_autonomous_rover/install/autonomous_rover_description/lib/pkgconfig/autonomous_rover_description.pc'
[0.590s] Level 1:colcon.colcon_core.environment:checking '/home/kunal-jazzy/vision_autonomous_rover/install/autonomous_rover_description/lib/python3.12/site-packages'
[0.590s] Level 1:colcon.colcon_core.environment:checking '/home/kunal-jazzy/vision_autonomous_rover/install/autonomous_rover_description/bin'
[0.590s] INFO:colcon.colcon_core.shell:Creating package script '/home/kunal-jazzy/vision_autonomous_rover/install/autonomous_rover_description/share/autonomous_rover_description/package.ps1'
[0.591s] INFO:colcon.colcon_core.shell:Creating package descriptor '/home/kunal-jazzy/vision_autonomous_rover/install/autonomous_rover_description/share/autonomous_rover_description/package.dsv'
[0.591s] INFO:colcon.colcon_core.shell:Creating package script '/home/kunal-jazzy/vision_autonomous_rover/install/autonomous_rover_description/share/autonomous_rover_description/package.sh'
[0.591s] INFO:colcon.colcon_core.shell:Creating package script '/home/kunal-jazzy/vision_autonomous_rover/install/autonomous_rover_description/share/autonomous_rover_description/package.bash'
[0.592s] INFO:colcon.colcon_core.shell:Creating package script '/home/kunal-jazzy/vision_autonomous_rover/install/autonomous_rover_description/share/autonomous_rover_description/package.zsh'
[0.592s] Level 1:colcon.colcon_core.environment:create_file_with_runtime_dependencies(/home/kunal-jazzy/vision_autonomous_rover/install/autonomous_rover_description/share/colcon-core/packages/autonomous_rover_description)
[0.592s] INFO:colcon.colcon_ros.task.ament_cmake.build:Building ROS package in '/home/kunal-jazzy/vision_autonomous_rover/src/rover_bringup' with build type 'ament_cmake'
[0.593s] INFO:colcon.colcon_cmake.task.cmake.build:Building CMake package in '/home/kunal-jazzy/vision_autonomous_rover/src/rover_bringup'
[0.593s] INFO:colcon.colcon_core.shell:Skip shell extension 'powershell' for command environment: Not usable outside of PowerShell
[0.593s] DEBUG:colcon.colcon_core.shell:Skip shell extension 'dsv' for command environment
[0.609s] DEBUG:colcon.colcon_core.event_handler.log_command:Invoking command in '/home/kunal-jazzy/vision_autonomous_rover/build/rover_bringup': CMAKE_PREFIX_PATH=/home/kunal-jazzy/vision_autonomous_rover/install/autonomous_rover_description:/home/kunal-jazzy/vision_autonomous_rover/install/rover_bringup:/home/kunal-jazzy/Desktop/fws_robot_harmonic/install/velocity_pub:/home/kunal-jazzy/Desktop/fws_robot_harmonic/install/fws_robot_sim:/home/kunal-jazzy/Desktop/fws_robot_harmonic/install/fws_robot_description:/home/kunal-jazzy/my_robot_ws/install/my_robot_bringup:/home/kunal-jazzy/my_robot_ws/install/my_robot_description:/opt/ros/jazzy/opt/gz_sim_vendor:/opt/ros/jazzy/opt/gz_sensors_vendor:/opt/ros/jazzy/opt/gz_physics_vendor:/opt/ros/jazzy/opt/sdformat_vendor:/opt/ros/jazzy/opt/gz_gui_vendor:/opt/ros/jazzy/opt/gz_transport_vendor:/opt/ros/jazzy/opt/gz_rendering_vendor:/opt/ros/jazzy/opt/gz_plugin_vendor:/opt/ros/jazzy/opt/gz_fuel_tools_vendor:/opt/ros/jazzy/opt/gz_msgs_vendor:/opt/ros/jazzy/opt/gz_common_vendor:/opt/ros/jazzy/opt/gz_math_vendor:/opt/ros/jazzy/opt/gz_utils_vendor:/opt/ros/jazzy/opt/gz_tools_vendor:/opt/ros/jazzy/opt/gz_ogre_next_vendor:/opt/ros/jazzy/opt/gz_dartsim_vendor:/opt/ros/jazzy/opt/gz_cmake_vendor:/home/kunal-jazzy/vision_autonomous_rover/install/rover_control:/opt/ros/jazzy DEBUGINFOD_URLS=https://debuginfod.ubuntu.com /usr/bin/cmake --build /home/kunal-jazzy/vision_autonomous_rover/build/rover_bringup -- -j12 -l12
[0.665s] DEBUG:colcon.colcon_core.event_handler.log_command:Invoked command in '/home/kunal-jazzy/vision_autonomous_rover/build/rover_bringup' returned '0': CMAKE_PREFIX_PATH=/home/kunal-jazzy/vision_autonomous_rover/install/autonomous_rover_description:/home/kunal-jazzy/vision_autonomous_rover/install/rover_bringup:/home/kunal-jazzy/Desktop/fws_robot_harmonic/install/velocity_pub:/home/kunal-jazzy/Desktop/fws_robot_harmonic/install/fws_robot_sim:/home/kunal-jazzy/Desktop/fws_robot_harmonic/install/fws_robot_description:/home/kunal-jazzy/my_robot_ws/install/my_robot_bringup:/home/kunal-jazzy/my_robot_ws/install/my_robot_description:/opt/ros/jazzy/opt/gz_sim_vendor:/opt/ros/jazzy/opt/gz_sensors_vendor:/opt/ros/jazzy/opt/gz_physics_vendor:/opt/ros/jazzy/opt/sdformat_vendor:/opt/ros/jazzy/opt/gz_gui_vendor:/opt/ros/jazzy/opt/gz_transport_vendor:/opt/ros/jazzy/opt/gz_rendering_vendor:/opt/ros/jazzy/opt/gz_plugin_vendor:/opt/ros/jazzy/opt/gz_fuel_tools_vendor:/opt/ros/jazzy/opt/gz_msgs_vendor:/opt/ros/jazzy/opt/gz_common_vendor:/opt/ros/jazzy/opt/gz_math_vendor:/opt/ros/jazzy/opt/gz_utils_vendor:/opt/ros/jazzy/opt/gz_tools_vendor:/opt/ros/jazzy/opt/gz_ogre_next_vendor:/opt/ros/jazzy/opt/gz_dartsim_vendor:/opt/ros/jazzy/opt/gz_cmake_vendor:/home/kunal-jazzy/vision_autonomous_rover/install/rover_control:/opt/ros/jazzy DEBUGINFOD_URLS=https://debuginfod.ubuntu.com /usr/bin/cmake --build /home/kunal-jazzy/vision_autonomous_rover/build/rover_bringup -- -j12 -l12
[0.666s] DEBUG:colcon.colcon_core.event_handler.log_command:Invoking command in '/home/kunal-jazzy/vision_autonomous_rover/build/rover_bringup': CMAKE_PREFIX_PATH=/home/kunal-jazzy/vision_autonomous_rover/install/autonomous_rover_description:/home/kunal-jazzy/vision_autonomous_rover/install/rover_bringup:/home/kunal-jazzy/Desktop/fws_robot_harmonic/install/velocity_pub:/home/kunal-jazzy/Desktop/fws_robot_harmonic/install/fws_robot_sim:/home/kunal-jazzy/Desktop/fws_robot_harmonic/install/fws_robot_description:/home/kunal-jazzy/my_robot_ws/install/my_robot_bringup:/home/kunal-jazzy/my_robot_ws/install/my_robot_description:/opt/ros/jazzy/opt/gz_sim_vendor:/opt/ros/jazzy/opt/gz_sensors_vendor:/opt/ros/jazzy/opt/gz_physics_vendor:/opt/ros/jazzy/opt/sdformat_vendor:/opt/ros/jazzy/opt/gz_gui_vendor:/opt/ros/jazzy/opt/gz_transport_vendor:/opt/ros/jazzy/opt/gz_rendering_vendor:/opt/ros/jazzy/opt/gz_plugin_vendor:/opt/ros/jazzy/opt/gz_fuel_tools_vendor:/opt/ros/jazzy/opt/gz_msgs_vendor:/opt/ros/jazzy/opt/gz_common_vendor:/opt/ros/jazzy/opt/gz_math_vendor:/opt/ros/jazzy/opt/gz_utils_vendor:/opt/ros/jazzy/opt/gz_tools_vendor:/opt/ros/jazzy/opt/gz_ogre_next_vendor:/opt/ros/jazzy/opt/gz_dartsim_vendor:/opt/ros/jazzy/opt/gz_cmake_vendor:/home/kunal-jazzy/vision_autonomous_rover/install/rover_control:/opt/ros/jazzy DEBUGINFOD_URLS=https://debuginfod.ubuntu.com /usr/bin/cmake --install /home/kunal-jazzy/vision_autonomous_rover/build/rover_bringup
[0.679s] Level 1:colcon.colcon_core.environment:create_environment_scripts_only(rover_bringup)
[0.679s] Level 1:colcon.colcon_core.environment:checking '/home/kunal-jazzy/vision_autonomous_rover/install/rover_bringup' for CMake module files
[0.680s] Level 1:colcon.colcon_core.environment:checking '/home/kunal-jazzy/vision_autonomous_rover/install/rover_bringup' for CMake config files
[0.682s] DEBUG:colcon.colcon_core.event_handler.log_command:Invoked command in '/home/kunal-jazzy/vision_autonomous_rover/build/rover_bringup' returned '0': CMAKE_PREFIX_PATH=/home/kunal-jazzy/vision_autonomous_rover/install/autonomous_rover_description:/home/kunal-jazzy/vision_autonomous_rover/install/rover_bringup:/home/kunal-jazzy/Desktop/fws_robot_harmonic/install/velocity_pub:/home/kunal-jazzy/Desktop/fws_robot_harmonic/install/fws_robot_sim:/home/kunal-jazzy/Desktop/fws_robot_harmonic/install/fws_robot_description:/home/kunal-jazzy/my_robot_ws/install/my_robot_bringup:/home/kunal-jazzy/my_robot_ws/install/my_robot_description:/opt/ros/jazzy/opt/gz_sim_vendor:/opt/ros/jazzy/opt/gz_sensors_vendor:/opt/ros/jazzy/opt/gz_physics_vendor:/opt/ros/jazzy/opt/sdformat_vendor:/opt/ros/jazzy/opt/gz_gui_vendor:/opt/ros/jazzy/opt/gz_transport_vendor:/opt/ros/jazzy/opt/gz_rendering_vendor:/opt/ros/jazzy/opt/gz_plugin_vendor:/opt/ros/jazzy/opt/gz_fuel_tools_vendor:/opt/ros/jazzy/opt/gz_msgs_vendor:/opt/ros/jazzy/opt/gz_common_vendor:/opt/ros/jazzy/opt/gz_math_vendor:/opt/ros/jazzy/opt/gz_utils_vendor:/opt/ros/jazzy/opt/gz_tools_vendor:/opt/ros/jazzy/opt/gz_ogre_next_vendor:/opt/ros/jazzy/opt/gz_dartsim_vendor:/opt/ros/jazzy/opt/gz_cmake_vendor:/home/kunal-jazzy/vision_autonomous_rover/install/rover_control:/opt/ros/jazzy DEBUGINFOD_URLS=https://debuginfod.ubuntu.com /usr/bin/cmake --install /home/kunal-jazzy/vision_autonomous_rover/build/rover_bringup
[0.682s] Level 1:colcon.colcon_core.shell:create_environment_hook('rover_bringup', 'cmake_prefix_path')
[0.682s] INFO:colcon.colcon_core.shell:Creating environment hook '/home/kunal-jazzy/vision_autonomous_rover/install/rover_bringup/share/rover_bringup/hook/cmake_prefix_path.ps1'
[0.683s] INFO:colcon.colcon_core.shell:Creating environment descriptor '/home/kunal-jazzy/vision_autonomous_rover/install/rover_bringup/share/rover_bringup/hook/cmake_prefix_path.dsv'
[0.683s] INFO:colcon.colcon_core.shell:Creating environment hook '/home/kunal-jazzy/vision_autonomous_rover/install/rover_bringup/share/rover_bringup/hook/cmake_prefix_path.sh'
[0.684s] Level 1:colcon.colcon_core.environment:checking '/home/kunal-jazzy/vision_autonomous_rover/install/rover_bringup/bin'
[0.684s] Level 1:colcon.colcon_core.environment:checking '/home/kunal-jazzy/vision_autonomous_rover/install/rover_bringup/lib/pkgconfig/rover_bringup.pc'
[0.684s] Level 1:colcon.colcon_core.environment:checking '/home/kunal-jazzy/vision_autonomous_rover/install/rover_bringup/lib/python3.12/site-packages'
[0.685s] Level 1:colcon.colcon_core.environment:checking '/home/kunal-jazzy/vision_autonomous_rover/install/rover_bringup/bin'
[0.685s] INFO:colcon.colcon_core.shell:Creating package script '/home/kunal-jazzy/vision_autonomous_rover/install/rover_bringup/share/rover_bringup/package.ps1'
[0.686s] INFO:colcon.colcon_core.shell:Creating package descriptor '/home/kunal-jazzy/vision_autonomous_rover/install/rover_bringup/share/rover_bringup/package.dsv'
[0.686s] INFO:colcon.colcon_core.shell:Creating package script '/home/kunal-jazzy/vision_autonomous_rover/install/rover_bringup/share/rover_bringup/package.sh'
[0.686s] INFO:colcon.colcon_core.shell:Creating package script '/home/kunal-jazzy/vision_autonomous_rover/install/rover_bringup/share/rover_bringup/package.bash'
[0.687s] INFO:colcon.colcon_core.shell:Creating package script '/home/kunal-jazzy/vision_autonomous_rover/install/rover_bringup/share/rover_bringup/package.zsh'
[0.687s] Level 1:colcon.colcon_core.environment:create_file_with_runtime_dependencies(/home/kunal-jazzy/vision_autonomous_rover/install/rover_bringup/share/colcon-core/packages/rover_bringup)
[0.688s] Level 1:colcon.colcon_core.environment:create_environment_scripts_only(rover_bringup)
[0.688s] Level 1:colcon.colcon_core.environment:checking '/home/kunal-jazzy/vision_autonomous_rover/install/rover_bringup' for CMake module files
[0.688s] Level 1:colcon.colcon_core.environment:checking '/home/kunal-jazzy/vision_autonomous_rover/install/rover_bringup' for CMake config files
[0.688s] Level 1:colcon.colcon_core.shell:create_environment_hook('rover_bringup', 'cmake_prefix_path')
[0.689s] INFO:colcon.colcon_core.shell:Creating environment hook '/home/kunal-jazzy/vision_autonomous_rover/install/rover_bringup/share/rover_bringup/hook/cmake_prefix_path.ps1'
[0.689s] INFO:colcon.colcon_core.shell:Creating environment descriptor '/home/kunal-jazzy/vision_autonomous_rover/install/rover_bringup/share/rover_bringup/hook/cmake_prefix_path.dsv'
[0.689s] INFO:colcon.colcon_core.shell:Creating environment hook '/home/kunal-jazzy/vision_autonomous_rover/install/rover_bringup/share/rover_bringup/hook/cmake_prefix_path.sh'
[0.690s] Level 1:colcon.colcon_core.environment:checking '/home/kunal-jazzy/vision_autonomous_rover/install/rover_bringup/bin'
[0.690s] Level 1:colcon.colcon_core.environment:checking '/home/kunal-jazzy/vision_autonomous_rover/install/rover_bringup/lib/pkgconfig/rover_bringup.pc'
[0.690s] Level 1:colcon.colcon_core.environment:checking '/home/kunal-jazzy/vision_autonomous_rover/install/rover_bringup/lib/python3.12/site-packages'
[0.691s] Level 1:colcon.colcon_core.environment:checking '/home/kunal-jazzy/vision_autonomous_rover/install/rover_bringup/bin'
[0.691s] INFO:colcon.colcon_core.shell:Creating package script '/home/kunal-jazzy/vision_autonomous_rover/install/rover_bringup/share/rover_bringup/package.ps1'
[0.691s] INFO:colcon.colcon_core.shell:Creating package descriptor '/home/kunal-jazzy/vision_autonomous_rover/install/rover_bringup/share/rover_bringup/package.dsv'
[0.692s] INFO:colcon.colcon_core.shell:Creating package script '/home/kunal-jazzy/vision_autonomous_rover/install/rover_bringup/share/rover_bringup/package.sh'
[0.692s] INFO:colcon.colcon_core.shell:Creating package script '/home/kunal-jazzy/vision_autonomous_rover/install/rover_bringup/share/rover_bringup/package.bash'
[0.693s] INFO:colcon.colcon_core.shell:Creating package script '/home/kunal-jazzy/vision_autonomous_rover/install/rover_bringup/share/rover_bringup/package.zsh'
[0.693s] Level 1:colcon.colcon_core.environment:create_file_with_runtime_dependencies(/home/kunal-jazzy/vision_autonomous_rover/install/rover_bringup/share/colcon-core/packages/rover_bringup)
[1.196s] DEBUG:colcon.colcon_core.event_handler.log_command:Invoking command in '/home/kunal-jazzy/vision_autonomous_rover/src/rover_control': DEBUGINFOD_URLS=https://debuginfod.ubuntu.com PYTHONPATH=/home/kunal-jazzy/vision_autonomous_rover/build/rover_control/prefix_override:/usr/lib/python3/dist-packages/colcon_core/task/python/colcon_distutils_commands:/home/kunal-jazzy/vision_autonomous_rover/install/rover_control/lib/python3.12/site-packages:${PYTHONPATH} /usr/bin/python3 -W ignore:setup.py install is deprecated -W ignore:easy_install command is deprecated setup.py egg_info --egg-base ../../build/rover_control build --build-base /home/kunal-jazzy/vision_autonomous_rover/build/rover_control/build install --record /home/kunal-jazzy/vision_autonomous_rover/build/rover_control/install.log --single-version-externally-managed install_data
[1.779s] Level 1:colcon.colcon_core.environment:checking '/home/kunal-jazzy/vision_autonomous_rover/install/rover_control' for CMake module files
[1.779s] DEBUG:colcon.colcon_core.event_handler.log_command:Invoked command in '/home/kunal-jazzy/vision_autonomous_rover/src/rover_control' returned '0': DEBUGINFOD_URLS=https://debuginfod.ubuntu.com PYTHONPATH=/home/kunal-jazzy/vision_autonomous_rover/build/rover_control/prefix_override:/usr/lib/python3/dist-packages/colcon_core/task/python/colcon_distutils_commands:/home/kunal-jazzy/vision_autonomous_rover/install/rover_control/lib/python3.12/site-packages:${PYTHONPATH} /usr/bin/python3 -W ignore:setup.py install is deprecated -W ignore:easy_install command is deprecated setup.py egg_info --egg-base ../../build/rover_control build --build-base /home/kunal-jazzy/vision_autonomous_rover/build/rover_control/build install --record /home/kunal-jazzy/vision_autonomous_rover/build/rover_control/install.log --single-version-externally-managed install_data
[1.780s] Level 1:colcon.colcon_core.environment:checking '/home/kunal-jazzy/vision_autonomous_rover/install/rover_control' for CMake config files
[1.780s] Level 1:colcon.colcon_core.environment:checking '/home/kunal-jazzy/vision_autonomous_rover/install/rover_control/lib'
[1.781s] Level 1:colcon.colcon_core.environment:checking '/home/kunal-jazzy/vision_autonomous_rover/install/rover_control/bin'
[1.781s] Level 1:colcon.colcon_core.environment:checking '/home/kunal-jazzy/vision_autonomous_rover/install/rover_control/lib/pkgconfig/rover_control.pc'
[1.781s] Level 1:colcon.colcon_core.environment:checking '/home/kunal-jazzy/vision_autonomous_rover/install/rover_control/lib/python3.12/site-packages'
[1.781s] Level 1:colcon.colcon_core.shell:create_environment_hook('rover_control', 'pythonpath')
[1.782s] INFO:colcon.colcon_core.shell:Creating environment hook '/home/kunal-jazzy/vision_autonomous_rover/install/rover_control/share/rover_control/hook/pythonpath.ps1'
[1.783s] INFO:colcon.colcon_core.shell:Creating environment descriptor '/home/kunal-jazzy/vision_autonomous_rover/install/rover_control/share/rover_control/hook/pythonpath.dsv'
[1.783s] INFO:colcon.colcon_core.shell:Creating environment hook '/home/kunal-jazzy/vision_autonomous_rover/install/rover_control/share/rover_control/hook/pythonpath.sh'
[1.784s] Level 1:colcon.colcon_core.environment:checking '/home/kunal-jazzy/vision_autonomous_rover/install/rover_control/bin'
[1.784s] Level 1:colcon.colcon_core.environment:create_environment_scripts_only(rover_control)
[1.784s] INFO:colcon.colcon_core.shell:Creating package script '/home/kunal-jazzy/vision_autonomous_rover/install/rover_control/share/rover_control/package.ps1'
[1.785s] INFO:colcon.colcon_core.shell:Creating package descriptor '/home/kunal-jazzy/vision_autonomous_rover/install/rover_control/share/rover_control/package.dsv'
[1.785s] INFO:colcon.colcon_core.shell:Creating package script '/home/kunal-jazzy/vision_autonomous_rover/install/rover_control/share/rover_control/package.sh'
[1.786s] INFO:colcon.colcon_core.shell:Creating package script '/home/kunal-jazzy/vision_autonomous_rover/install/rover_control/share/rover_control/package.bash'
[1.786s] INFO:colcon.colcon_core.shell:Creating package script '/home/kunal-jazzy/vision_autonomous_rover/install/rover_control/share/rover_control/package.zsh'
[1.786s] Level 1:colcon.colcon_core.environment:create_file_with_runtime_dependencies(/home/kunal-jazzy/vision_autonomous_rover/install/rover_control/share/colcon-core/packages/rover_control)
[1.787s] DEBUG:colcon.colcon_parallel_executor.executor.parallel:closing loop
[1.787s] DEBUG:colcon.colcon_parallel_executor.executor.parallel:loop closed
[1.787s] DEBUG:colcon.colcon_parallel_executor.executor.parallel:run_until_complete finished with '0'
[1.787s] DEBUG:colcon.colcon_core.event_reactor:joining thread
[1.793s] INFO:colcon.colcon_core.plugin_system:Skipping extension 'colcon_notification.desktop_notification.terminal_notifier': Not used on non-Darwin systems
[1.793s] INFO:colcon.colcon_core.plugin_system:Skipping extension 'colcon_notification.desktop_notification.win32': Not used on non-Windows systems
[1.794s] INFO:colcon.colcon_notification.desktop_notification:Sending desktop notification using 'notify2'
[1.811s] DEBUG:colcon.colcon_core.event_reactor:joined thread
[1.812s] INFO:colcon.colcon_core.shell:Creating prefix script '/home/kunal-jazzy/vision_autonomous_rover/install/local_setup.ps1'
[1.813s] INFO:colcon.colcon_core.shell:Creating prefix util module '/home/kunal-jazzy/vision_autonomous_rover/install/_local_setup_util_ps1.py'
[1.815s] INFO:colcon.colcon_core.shell:Creating prefix chain script '/home/kunal-jazzy/vision_autonomous_rover/install/setup.ps1'
[1.816s] INFO:colcon.colcon_core.shell:Creating prefix script '/home/kunal-jazzy/vision_autonomous_rover/install/local_setup.sh'
[1.817s] INFO:colcon.colcon_core.shell:Creating prefix util module '/home/kunal-jazzy/vision_autonomous_rover/install/_local_setup_util_sh.py'
[1.818s] INFO:colcon.colcon_core.shell:Creating prefix chain script '/home/kunal-jazzy/vision_autonomous_rover/install/setup.sh'
[1.820s] INFO:colcon.colcon_core.shell:Creating prefix script '/home/kunal-jazzy/vision_autonomous_rover/install/local_setup.bash'
[1.821s] INFO:colcon.colcon_core.shell:Creating prefix chain script '/home/kunal-jazzy/vision_autonomous_rover/install/setup.bash'
[1.823s] INFO:colcon.colcon_core.shell:Creating prefix script '/home/kunal-jazzy/vision_autonomous_rover/install/local_setup.zsh'
[1.824s] INFO:colcon.colcon_core.shell:Creating prefix chain script '/home/kunal-jazzy/vision_autonomous_rover/install/setup.zsh'
