[0.117s] DEBUG:colcon:Command line arguments: ['/usr/bin/colcon', 'build']
[0.117s] DEBUG:colcon:Parsed command line arguments: Namespace(log_base=None, log_level=None, verb_name='build', build_base='build', install_base='install', merge_install=False, symlink_install=False, test_result_base=None, continue_on_error=False, executor='parallel', parallel_workers=12, event_handlers=None, ignore_user_meta=False, metas=['./colcon.meta'], base_paths=['.'], packages_ignore=None, packages_ignore_regex=None, paths=None, packages_up_to=None, packages_up_to_regex=None, packages_above=None, packages_above_and_dependencies=None, packages_above_depth=None, packages_select_by_dep=None, packages_skip_by_dep=None, packages_skip_up_to=None, packages_select_build_failed=False, packages_skip_build_finished=False, packages_select_test_failures=False, packages_skip_test_passed=False, packages_select=None, packages_skip=None, packages_select_regex=None, packages_skip_regex=None, packages_start=None, packages_end=None, allow_overriding=[], cmake_args=None, cmake_target=None, cmake_target_skip_unavailable=False, cmake_clean_cache=False, cmake_clean_first=False, cmake_force_configure=False, ament_cmake_args=None, catkin_cmake_args=None, catkin_skip_building_tests=False, mixin_files=None, mixin=None, verb_parser=<colcon_mixin.mixin.mixin_argument.MixinArgumentDecorator object at 0x777b5297be00>, verb_extension=<colcon_core.verb.build.BuildVerb object at 0x777b5297bb00>, main=<bound method BuildVerb.main of <colcon_core.verb.build.BuildVerb object at 0x777b5297bb00>>, mixin_verb=('build',))
[0.161s] Level 1:colcon.colcon_core.package_discovery:discover_packages(colcon_meta) check parameters
[0.161s] Level 1:colcon.colcon_core.package_discovery:discover_packages(recursive) check parameters
[0.161s] Level 1:colcon.colcon_core.package_discovery:discover_packages(ignore) check parameters
[0.161s] Level 1:colcon.colcon_core.package_discovery:discover_packages(path) check parameters
[0.161s] Level 1:colcon.colcon_core.package_discovery:discover_packages(colcon_meta) discover
[0.161s] Level 1:colcon.colcon_core.package_discovery:discover_packages(recursive) discover
[0.161s] INFO:colcon.colcon_core.package_discovery:Crawling recursively for packages in '/home/kunal-jazzy/vision_autonomous_rover'
[0.161s] Level 1:colcon.colcon_core.package_identification:_identify(.) by extensions ['ignore', 'ignore_ament_install']
[0.162s] Level 1:colcon.colcon_core.package_identification:_identify(.) by extension 'ignore'
[0.162s] Level 1:colcon.colcon_core.package_identification:_identify(.) by extension 'ignore_ament_install'
[0.162s] Level 1:colcon.colcon_core.package_identification:_identify(.) by extensions ['colcon_pkg']
[0.162s] Level 1:colcon.colcon_core.package_identification:_identify(.) by extension 'colcon_pkg'
[0.162s] Level 1:colcon.colcon_core.package_identification:_identify(.) by extensions ['colcon_meta']
[0.162s] Level 1:colcon.colcon_core.package_identification:_identify(.) by extension 'colcon_meta'
[0.162s] Level 1:colcon.colcon_core.package_identification:_identify(.) by extensions ['ros']
[0.162s] Level 1:colcon.colcon_core.package_identification:_identify(.) by extension 'ros'
[0.192s] Level 1:colcon.colcon_core.package_identification:_identify(.) by extensions ['cmake', 'python']
[0.192s] Level 1:colcon.colcon_core.package_identification:_identify(.) by extension 'cmake'
[0.192s] Level 1:colcon.colcon_core.package_identification:_identify(.) by extension 'python'
[0.193s] Level 1:colcon.colcon_core.package_identification:_identify(.) by extensions ['python_setup_py']
[0.193s] Level 1:colcon.colcon_core.package_identification:_identify(.) by extension 'python_setup_py'
[0.193s] Level 1:colcon.colcon_core.package_identification:_identify(build) by extensions ['ignore', 'ignore_ament_install']
[0.193s] Level 1:colcon.colcon_core.package_identification:_identify(build) by extension 'ignore'
[0.193s] Level 1:colcon.colcon_core.package_identification:_identify(build) ignored
[0.193s] Level 1:colcon.colcon_core.package_identification:_identify(install) by extensions ['ignore', 'ignore_ament_install']
[0.193s] Level 1:colcon.colcon_core.package_identification:_identify(install) by extension 'ignore'
[0.193s] Level 1:colcon.colcon_core.package_identification:_identify(install) ignored
[0.193s] Level 1:colcon.colcon_core.package_identification:_identify(log) by extensions ['ignore', 'ignore_ament_install']
[0.193s] Level 1:colcon.colcon_core.package_identification:_identify(log) by extension 'ignore'
[0.193s] Level 1:colcon.colcon_core.package_identification:_identify(log) ignored
[0.193s] Level 1:colcon.colcon_core.package_identification:_identify(src) by extensions ['ignore', 'ignore_ament_install']
[0.194s] Level 1:colcon.colcon_core.package_identification:_identify(src) by extension 'ignore'
[0.194s] Level 1:colcon.colcon_core.package_identification:_identify(src) by extension 'ignore_ament_install'
[0.194s] Level 1:colcon.colcon_core.package_identification:_identify(src) by extensions ['colcon_pkg']
[0.194s] Level 1:colcon.colcon_core.package_identification:_identify(src) by extension 'colcon_pkg'
[0.194s] Level 1:colcon.colcon_core.package_identification:_identify(src) by extensions ['colcon_meta']
[0.194s] Level 1:colcon.colcon_core.package_identification:_identify(src) by extension 'colcon_meta'
[0.194s] Level 1:colcon.colcon_core.package_identification:_identify(src) by extensions ['ros']
[0.194s] Level 1:colcon.colcon_core.package_identification:_identify(src) by extension 'ros'
[0.194s] Level 1:colcon.colcon_core.package_identification:_identify(src) by extensions ['cmake', 'python']
[0.194s] Level 1:colcon.colcon_core.package_identification:_identify(src) by extension 'cmake'
[0.194s] Level 1:colcon.colcon_core.package_identification:_identify(src) by extension 'python'
[0.194s] Level 1:colcon.colcon_core.package_identification:_identify(src) by extensions ['python_setup_py']
[0.194s] Level 1:colcon.colcon_core.package_identification:_identify(src) by extension 'python_setup_py'
[0.194s] Level 1:colcon.colcon_core.package_identification:_identify(src/autonomous_rover_description) by extensions ['ignore', 'ignore_ament_install']
[0.194s] Level 1:colcon.colcon_core.package_identification:_identify(src/autonomous_rover_description) by extension 'ignore'
[0.194s] Level 1:colcon.colcon_core.package_identification:_identify(src/autonomous_rover_description) by extension 'ignore_ament_install'
[0.194s] Level 1:colcon.colcon_core.package_identification:_identify(src/autonomous_rover_description) by extensions ['colcon_pkg']
[0.194s] Level 1:colcon.colcon_core.package_identification:_identify(src/autonomous_rover_description) by extension 'colcon_pkg'
[0.194s] Level 1:colcon.colcon_core.package_identification:_identify(src/autonomous_rover_description) by extensions ['colcon_meta']
[0.194s] Level 1:colcon.colcon_core.package_identification:_identify(src/autonomous_rover_description) by extension 'colcon_meta'
[0.194s] Level 1:colcon.colcon_core.package_identification:_identify(src/autonomous_rover_description) by extensions ['ros']
[0.194s] Level 1:colcon.colcon_core.package_identification:_identify(src/autonomous_rover_description) by extension 'ros'
[0.197s] DEBUG:colcon.colcon_core.package_identification:Package 'src/autonomous_rover_description' with type 'ros.ament_cmake' and name 'autonomous_rover_description'
[0.197s] Level 1:colcon.colcon_core.package_identification:_identify(src/log) by extensions ['ignore', 'ignore_ament_install']
[0.197s] Level 1:colcon.colcon_core.package_identification:_identify(src/log) by extension 'ignore'
[0.197s] Level 1:colcon.colcon_core.package_identification:_identify(src/log) ignored
[0.197s] Level 1:colcon.colcon_core.package_identification:_identify(src/rover_bringup) by extensions ['ignore', 'ignore_ament_install']
[0.198s] Level 1:colcon.colcon_core.package_identification:_identify(src/rover_bringup) by extension 'ignore'
[0.198s] Level 1:colcon.colcon_core.package_identification:_identify(src/rover_bringup) by extension 'ignore_ament_install'
[0.198s] Level 1:colcon.colcon_core.package_identification:_identify(src/rover_bringup) by extensions ['colcon_pkg']
[0.198s] Level 1:colcon.colcon_core.package_identification:_identify(src/rover_bringup) by extension 'colcon_pkg'
[0.198s] Level 1:colcon.colcon_core.package_identification:_identify(src/rover_bringup) by extensions ['colcon_meta']
[0.198s] Level 1:colcon.colcon_core.package_identification:_identify(src/rover_bringup) by extension 'colcon_meta'
[0.198s] Level 1:colcon.colcon_core.package_identification:_identify(src/rover_bringup) by extensions ['ros']
[0.198s] Level 1:colcon.colcon_core.package_identification:_identify(src/rover_bringup) by extension 'ros'
[0.198s] DEBUG:colcon.colcon_core.package_identification:Package 'src/rover_bringup' with type 'ros.ament_cmake' and name 'rover_bringup'
[0.198s] Level 1:colcon.colcon_core.package_discovery:discover_packages(recursive) using defaults
[0.198s] Level 1:colcon.colcon_core.package_discovery:discover_packages(ignore) discover
[0.198s] Level 1:colcon.colcon_core.package_discovery:discover_packages(ignore) using defaults
[0.198s] Level 1:colcon.colcon_core.package_discovery:discover_packages(path) discover
[0.198s] Level 1:colcon.colcon_core.package_discovery:discover_packages(path) using defaults
[0.219s] Level 1:colcon.colcon_core.package_discovery:discover_packages(prefix_path) check parameters
[0.219s] Level 1:colcon.colcon_core.package_discovery:discover_packages(prefix_path) discover
[0.221s] DEBUG:colcon.colcon_installed_package_information.package_discovery:Found 2 installed packages in /home/kunal-jazzy/vision_autonomous_rover/install
[0.223s] DEBUG:colcon.colcon_installed_package_information.package_discovery:Found 319 installed packages in /opt/ros/jazzy
[0.224s] Level 1:colcon.colcon_core.package_discovery:discover_packages(prefix_path) using defaults
[0.268s] Level 5:colcon.colcon_core.verb:set package 'autonomous_rover_description' build argument 'cmake_args' from command line to 'None'
[0.268s] Level 5:colcon.colcon_core.verb:set package 'autonomous_rover_description' build argument 'cmake_target' from command line to 'None'
[0.268s] Level 5:colcon.colcon_core.verb:set package 'autonomous_rover_description' build argument 'cmake_target_skip_unavailable' from command line to 'False'
[0.268s] Level 5:colcon.colcon_core.verb:set package 'autonomous_rover_description' build argument 'cmake_clean_cache' from command line to 'False'
[0.268s] Level 5:colcon.colcon_core.verb:set package 'autonomous_rover_description' build argument 'cmake_clean_first' from command line to 'False'
[0.268s] Level 5:colcon.colcon_core.verb:set package 'autonomous_rover_description' build argument 'cmake_force_configure' from command line to 'False'
[0.268s] Level 5:colcon.colcon_core.verb:set package 'autonomous_rover_description' build argument 'ament_cmake_args' from command line to 'None'
[0.268s] Level 5:colcon.colcon_core.verb:set package 'autonomous_rover_description' build argument 'catkin_cmake_args' from command line to 'None'
[0.268s] Level 5:colcon.colcon_core.verb:set package 'autonomous_rover_description' build argument 'catkin_skip_building_tests' from command line to 'False'
[0.268s] DEBUG:colcon.colcon_core.verb:Building package 'autonomous_rover_description' with the following arguments: {'ament_cmake_args': None, 'build_base': '/home/kunal-jazzy/vision_autonomous_rover/build/autonomous_rover_description', 'catkin_cmake_args': None, 'catkin_skip_building_tests': False, 'cmake_args': None, 'cmake_clean_cache': False, 'cmake_clean_first': False, 'cmake_force_configure': False, 'cmake_target': None, 'cmake_target_skip_unavailable': False, 'install_base': '/home/kunal-jazzy/vision_autonomous_rover/install/autonomous_rover_description', 'merge_install': False, 'path': '/home/kunal-jazzy/vision_autonomous_rover/src/autonomous_rover_description', 'symlink_install': False, 'test_result_base': None}
[0.268s] Level 5:colcon.colcon_core.verb:set package 'rover_bringup' build argument 'cmake_args' from command line to 'None'
[0.268s] Level 5:colcon.colcon_core.verb:set package 'rover_bringup' build argument 'cmake_target' from command line to 'None'
[0.268s] Level 5:colcon.colcon_core.verb:set package 'rover_bringup' build argument 'cmake_target_skip_unavailable' from command line to 'False'
[0.268s] Level 5:colcon.colcon_core.verb:set package 'rover_bringup' build argument 'cmake_clean_cache' from command line to 'False'
[0.268s] Level 5:colcon.colcon_core.verb:set package 'rover_bringup' build argument 'cmake_clean_first' from command line to 'False'
[0.268s] Level 5:colcon.colcon_core.verb:set package 'rover_bringup' build argument 'cmake_force_configure' from command line to 'False'
[0.268s] Level 5:colcon.colcon_core.verb:set package 'rover_bringup' build argument 'ament_cmake_args' from command line to 'None'
[0.268s] Level 5:colcon.colcon_core.verb:set package 'rover_bringup' build argument 'catkin_cmake_args' from command line to 'None'
[0.268s] Level 5:colcon.colcon_core.verb:set package 'rover_bringup' build argument 'catkin_skip_building_tests' from command line to 'False'
[0.268s] DEBUG:colcon.colcon_core.verb:Building package 'rover_bringup' with the following arguments: {'ament_cmake_args': None, 'build_base': '/home/kunal-jazzy/vision_autonomous_rover/build/rover_bringup', 'catkin_cmake_args': None, 'catkin_skip_building_tests': False, 'cmake_args': None, 'cmake_clean_cache': False, 'cmake_clean_first': False, 'cmake_force_configure': False, 'cmake_target': None, 'cmake_target_skip_unavailable': False, 'install_base': '/home/kunal-jazzy/vision_autonomous_rover/install/rover_bringup', 'merge_install': False, 'path': '/home/kunal-jazzy/vision_autonomous_rover/src/rover_bringup', 'symlink_install': False, 'test_result_base': None}
[0.268s] INFO:colcon.colcon_core.executor:Executing jobs using 'parallel' executor
[0.270s] DEBUG:colcon.colcon_parallel_executor.executor.parallel:run_until_complete
[0.270s] INFO:colcon.colcon_ros.task.ament_cmake.build:Building ROS package in '/home/kunal-jazzy/vision_autonomous_rover/src/autonomous_rover_description' with build type 'ament_cmake'
[0.270s] INFO:colcon.colcon_cmake.task.cmake.build:Building CMake package in '/home/kunal-jazzy/vision_autonomous_rover/src/autonomous_rover_description'
[0.272s] INFO:colcon.colcon_core.plugin_system:Skipping extension 'colcon_core.shell.bat': Not used on non-Windows systems
[0.272s] INFO:colcon.colcon_core.shell:Skip shell extension 'powershell' for command environment: Not usable outside of PowerShell
[0.272s] DEBUG:colcon.colcon_core.shell:Skip shell extension 'dsv' for command environment
[0.285s] DEBUG:colcon.colcon_core.event_handler.log_command:Invoking command in '/home/kunal-jazzy/vision_autonomous_rover/build/autonomous_rover_description': CMAKE_PREFIX_PATH=${CMAKE_PREFIX_PATH}:/opt/ros/jazzy DEBUGINFOD_URLS=https://debuginfod.ubuntu.com /usr/bin/cmake --build /home/kunal-jazzy/vision_autonomous_rover/build/autonomous_rover_description -- -j12 -l12
[0.334s] DEBUG:colcon.colcon_core.event_handler.log_command:Invoked command in '/home/kunal-jazzy/vision_autonomous_rover/build/autonomous_rover_description' returned '0': CMAKE_PREFIX_PATH=${CMAKE_PREFIX_PATH}:/opt/ros/jazzy DEBUGINFOD_URLS=https://debuginfod.ubuntu.com /usr/bin/cmake --build /home/kunal-jazzy/vision_autonomous_rover/build/autonomous_rover_description -- -j12 -l12
[0.346s] DEBUG:colcon.colcon_core.event_handler.log_command:Invoking command in '/home/kunal-jazzy/vision_autonomous_rover/build/autonomous_rover_description': CMAKE_PREFIX_PATH=${CMAKE_PREFIX_PATH}:/opt/ros/jazzy DEBUGINFOD_URLS=https://debuginfod.ubuntu.com /usr/bin/cmake --install /home/kunal-jazzy/vision_autonomous_rover/build/autonomous_rover_description
[0.359s] Level 1:colcon.colcon_core.environment:create_environment_scripts_only(autonomous_rover_description)
[0.359s] DEBUG:colcon.colcon_core.event_handler.log_command:Invoked command in '/home/kunal-jazzy/vision_autonomous_rover/build/autonomous_rover_description' returned '0': CMAKE_PREFIX_PATH=${CMAKE_PREFIX_PATH}:/opt/ros/jazzy DEBUGINFOD_URLS=https://debuginfod.ubuntu.com /usr/bin/cmake --install /home/kunal-jazzy/vision_autonomous_rover/build/autonomous_rover_description
[0.362s] Level 1:colcon.colcon_core.environment:checking '/home/kunal-jazzy/vision_autonomous_rover/install/autonomous_rover_description' for CMake module files
[0.362s] Level 1:colcon.colcon_core.environment:checking '/home/kunal-jazzy/vision_autonomous_rover/install/autonomous_rover_description' for CMake config files
[0.363s] Level 1:colcon.colcon_core.shell:create_environment_hook('autonomous_rover_description', 'cmake_prefix_path')
[0.363s] INFO:colcon.colcon_core.shell:Creating environment hook '/home/kunal-jazzy/vision_autonomous_rover/install/autonomous_rover_description/share/autonomous_rover_description/hook/cmake_prefix_path.ps1'
[0.364s] INFO:colcon.colcon_core.shell:Creating environment descriptor '/home/kunal-jazzy/vision_autonomous_rover/install/autonomous_rover_description/share/autonomous_rover_description/hook/cmake_prefix_path.dsv'
[0.364s] INFO:colcon.colcon_core.shell:Creating environment hook '/home/kunal-jazzy/vision_autonomous_rover/install/autonomous_rover_description/share/autonomous_rover_description/hook/cmake_prefix_path.sh'
[0.365s] Level 1:colcon.colcon_core.environment:checking '/home/kunal-jazzy/vision_autonomous_rover/install/autonomous_rover_description/bin'
[0.365s] Level 1:colcon.colcon_core.environment:checking '/home/kunal-jazzy/vision_autonomous_rover/install/autonomous_rover_description/lib/pkgconfig/autonomous_rover_description.pc'
[0.366s] Level 1:colcon.colcon_core.environment:checking '/home/kunal-jazzy/vision_autonomous_rover/install/autonomous_rover_description/lib/python3.12/site-packages'
[0.366s] Level 1:colcon.colcon_core.environment:checking '/home/kunal-jazzy/vision_autonomous_rover/install/autonomous_rover_description/bin'
[0.366s] INFO:colcon.colcon_core.shell:Creating package script '/home/kunal-jazzy/vision_autonomous_rover/install/autonomous_rover_description/share/autonomous_rover_description/package.ps1'
[0.367s] INFO:colcon.colcon_core.shell:Creating package descriptor '/home/kunal-jazzy/vision_autonomous_rover/install/autonomous_rover_description/share/autonomous_rover_description/package.dsv'
[0.368s] INFO:colcon.colcon_core.shell:Creating package script '/home/kunal-jazzy/vision_autonomous_rover/install/autonomous_rover_description/share/autonomous_rover_description/package.sh'
[0.369s] INFO:colcon.colcon_core.shell:Creating package script '/home/kunal-jazzy/vision_autonomous_rover/install/autonomous_rover_description/share/autonomous_rover_description/package.bash'
[0.369s] INFO:colcon.colcon_core.shell:Creating package script '/home/kunal-jazzy/vision_autonomous_rover/install/autonomous_rover_description/share/autonomous_rover_description/package.zsh'
[0.370s] Level 1:colcon.colcon_core.environment:create_file_with_runtime_dependencies(/home/kunal-jazzy/vision_autonomous_rover/install/autonomous_rover_description/share/colcon-core/packages/autonomous_rover_description)
[0.371s] Level 1:colcon.colcon_core.environment:create_environment_scripts_only(autonomous_rover_description)
[0.371s] Level 1:colcon.colcon_core.environment:checking '/home/kunal-jazzy/vision_autonomous_rover/install/autonomous_rover_description' for CMake module files
[0.371s] Level 1:colcon.colcon_core.environment:checking '/home/kunal-jazzy/vision_autonomous_rover/install/autonomous_rover_description' for CMake config files
[0.372s] Level 1:colcon.colcon_core.shell:create_environment_hook('autonomous_rover_description', 'cmake_prefix_path')
[0.372s] INFO:colcon.colcon_core.shell:Creating environment hook '/home/kunal-jazzy/vision_autonomous_rover/install/autonomous_rover_description/share/autonomous_rover_description/hook/cmake_prefix_path.ps1'
[0.372s] INFO:colcon.colcon_core.shell:Creating environment descriptor '/home/kunal-jazzy/vision_autonomous_rover/install/autonomous_rover_description/share/autonomous_rover_description/hook/cmake_prefix_path.dsv'
[0.373s] INFO:colcon.colcon_core.shell:Creating environment hook '/home/kunal-jazzy/vision_autonomous_rover/install/autonomous_rover_description/share/autonomous_rover_description/hook/cmake_prefix_path.sh'
[0.373s] Level 1:colcon.colcon_core.environment:checking '/home/kunal-jazzy/vision_autonomous_rover/install/autonomous_rover_description/bin'
[0.373s] Level 1:colcon.colcon_core.environment:checking '/home/kunal-jazzy/vision_autonomous_rover/install/autonomous_rover_description/lib/pkgconfig/autonomous_rover_description.pc'
[0.374s] Level 1:colcon.colcon_core.environment:checking '/home/kunal-jazzy/vision_autonomous_rover/install/autonomous_rover_description/lib/python3.12/site-packages'
[0.374s] Level 1:colcon.colcon_core.environment:checking '/home/kunal-jazzy/vision_autonomous_rover/install/autonomous_rover_description/bin'
[0.375s] INFO:colcon.colcon_core.shell:Creating package script '/home/kunal-jazzy/vision_autonomous_rover/install/autonomous_rover_description/share/autonomous_rover_description/package.ps1'
[0.375s] INFO:colcon.colcon_core.shell:Creating package descriptor '/home/kunal-jazzy/vision_autonomous_rover/install/autonomous_rover_description/share/autonomous_rover_description/package.dsv'
[0.376s] INFO:colcon.colcon_core.shell:Creating package script '/home/kunal-jazzy/vision_autonomous_rover/install/autonomous_rover_description/share/autonomous_rover_description/package.sh'
[0.376s] INFO:colcon.colcon_core.shell:Creating package script '/home/kunal-jazzy/vision_autonomous_rover/install/autonomous_rover_description/share/autonomous_rover_description/package.bash'
[0.376s] INFO:colcon.colcon_core.shell:Creating package script '/home/kunal-jazzy/vision_autonomous_rover/install/autonomous_rover_description/share/autonomous_rover_description/package.zsh'
[0.377s] Level 1:colcon.colcon_core.environment:create_file_with_runtime_dependencies(/home/kunal-jazzy/vision_autonomous_rover/install/autonomous_rover_description/share/colcon-core/packages/autonomous_rover_description)
[0.377s] INFO:colcon.colcon_ros.task.ament_cmake.build:Building ROS package in '/home/kunal-jazzy/vision_autonomous_rover/src/rover_bringup' with build type 'ament_cmake'
[0.377s] INFO:colcon.colcon_cmake.task.cmake.build:Building CMake package in '/home/kunal-jazzy/vision_autonomous_rover/src/rover_bringup'
[0.377s] INFO:colcon.colcon_core.shell:Skip shell extension 'powershell' for command environment: Not usable outside of PowerShell
[0.377s] DEBUG:colcon.colcon_core.shell:Skip shell extension 'dsv' for command environment
[0.390s] DEBUG:colcon.colcon_core.event_handler.log_command:Invoking command in '/home/kunal-jazzy/vision_autonomous_rover/build/rover_bringup': CMAKE_PREFIX_PATH=/home/kunal-jazzy/vision_autonomous_rover/install/autonomous_rover_description:/home/kunal-jazzy/vision_autonomous_rover/install/rover_bringup:/opt/ros/jazzy/opt/gz_sim_vendor:/opt/ros/jazzy/opt/gz_sensors_vendor:/opt/ros/jazzy/opt/gz_physics_vendor:/opt/ros/jazzy/opt/sdformat_vendor:/opt/ros/jazzy/opt/gz_gui_vendor:/opt/ros/jazzy/opt/gz_transport_vendor:/opt/ros/jazzy/opt/gz_rendering_vendor:/opt/ros/jazzy/opt/gz_plugin_vendor:/opt/ros/jazzy/opt/gz_fuel_tools_vendor:/opt/ros/jazzy/opt/gz_msgs_vendor:/opt/ros/jazzy/opt/gz_common_vendor:/opt/ros/jazzy/opt/gz_math_vendor:/opt/ros/jazzy/opt/gz_utils_vendor:/opt/ros/jazzy/opt/gz_tools_vendor:/opt/ros/jazzy/opt/gz_ogre_next_vendor:/opt/ros/jazzy/opt/gz_dartsim_vendor:/opt/ros/jazzy/opt/gz_cmake_vendor:/opt/ros/jazzy DEBUGINFOD_URLS=https://debuginfod.ubuntu.com /usr/bin/cmake --build /home/kunal-jazzy/vision_autonomous_rover/build/rover_bringup -- -j12 -l12
[0.445s] DEBUG:colcon.colcon_core.event_handler.log_command:Invoked command in '/home/kunal-jazzy/vision_autonomous_rover/build/rover_bringup' returned '0': CMAKE_PREFIX_PATH=/home/kunal-jazzy/vision_autonomous_rover/install/autonomous_rover_description:/home/kunal-jazzy/vision_autonomous_rover/install/rover_bringup:/opt/ros/jazzy/opt/gz_sim_vendor:/opt/ros/jazzy/opt/gz_sensors_vendor:/opt/ros/jazzy/opt/gz_physics_vendor:/opt/ros/jazzy/opt/sdformat_vendor:/opt/ros/jazzy/opt/gz_gui_vendor:/opt/ros/jazzy/opt/gz_transport_vendor:/opt/ros/jazzy/opt/gz_rendering_vendor:/opt/ros/jazzy/opt/gz_plugin_vendor:/opt/ros/jazzy/opt/gz_fuel_tools_vendor:/opt/ros/jazzy/opt/gz_msgs_vendor:/opt/ros/jazzy/opt/gz_common_vendor:/opt/ros/jazzy/opt/gz_math_vendor:/opt/ros/jazzy/opt/gz_utils_vendor:/opt/ros/jazzy/opt/gz_tools_vendor:/opt/ros/jazzy/opt/gz_ogre_next_vendor:/opt/ros/jazzy/opt/gz_dartsim_vendor:/opt/ros/jazzy/opt/gz_cmake_vendor:/opt/ros/jazzy DEBUGINFOD_URLS=https://debuginfod.ubuntu.com /usr/bin/cmake --build /home/kunal-jazzy/vision_autonomous_rover/build/rover_bringup -- -j12 -l12
[0.446s] DEBUG:colcon.colcon_core.event_handler.log_command:Invoking command in '/home/kunal-jazzy/vision_autonomous_rover/build/rover_bringup': CMAKE_PREFIX_PATH=/home/kunal-jazzy/vision_autonomous_rover/install/autonomous_rover_description:/home/kunal-jazzy/vision_autonomous_rover/install/rover_bringup:/opt/ros/jazzy/opt/gz_sim_vendor:/opt/ros/jazzy/opt/gz_sensors_vendor:/opt/ros/jazzy/opt/gz_physics_vendor:/opt/ros/jazzy/opt/sdformat_vendor:/opt/ros/jazzy/opt/gz_gui_vendor:/opt/ros/jazzy/opt/gz_transport_vendor:/opt/ros/jazzy/opt/gz_rendering_vendor:/opt/ros/jazzy/opt/gz_plugin_vendor:/opt/ros/jazzy/opt/gz_fuel_tools_vendor:/opt/ros/jazzy/opt/gz_msgs_vendor:/opt/ros/jazzy/opt/gz_common_vendor:/opt/ros/jazzy/opt/gz_math_vendor:/opt/ros/jazzy/opt/gz_utils_vendor:/opt/ros/jazzy/opt/gz_tools_vendor:/opt/ros/jazzy/opt/gz_ogre_next_vendor:/opt/ros/jazzy/opt/gz_dartsim_vendor:/opt/ros/jazzy/opt/gz_cmake_vendor:/opt/ros/jazzy DEBUGINFOD_URLS=https://debuginfod.ubuntu.com /usr/bin/cmake --install /home/kunal-jazzy/vision_autonomous_rover/build/rover_bringup
[0.459s] Level 1:colcon.colcon_core.environment:create_environment_scripts_only(rover_bringup)
[0.460s] Level 1:colcon.colcon_core.environment:checking '/home/kunal-jazzy/vision_autonomous_rover/install/rover_bringup' for CMake module files
[0.460s] DEBUG:colcon.colcon_core.event_handler.log_command:Invoked command in '/home/kunal-jazzy/vision_autonomous_rover/build/rover_bringup' returned '0': CMAKE_PREFIX_PATH=/home/kunal-jazzy/vision_autonomous_rover/install/autonomous_rover_description:/home/kunal-jazzy/vision_autonomous_rover/install/rover_bringup:/opt/ros/jazzy/opt/gz_sim_vendor:/opt/ros/jazzy/opt/gz_sensors_vendor:/opt/ros/jazzy/opt/gz_physics_vendor:/opt/ros/jazzy/opt/sdformat_vendor:/opt/ros/jazzy/opt/gz_gui_vendor:/opt/ros/jazzy/opt/gz_transport_vendor:/opt/ros/jazzy/opt/gz_rendering_vendor:/opt/ros/jazzy/opt/gz_plugin_vendor:/opt/ros/jazzy/opt/gz_fuel_tools_vendor:/opt/ros/jazzy/opt/gz_msgs_vendor:/opt/ros/jazzy/opt/gz_common_vendor:/opt/ros/jazzy/opt/gz_math_vendor:/opt/ros/jazzy/opt/gz_utils_vendor:/opt/ros/jazzy/opt/gz_tools_vendor:/opt/ros/jazzy/opt/gz_ogre_next_vendor:/opt/ros/jazzy/opt/gz_dartsim_vendor:/opt/ros/jazzy/opt/gz_cmake_vendor:/opt/ros/jazzy DEBUGINFOD_URLS=https://debuginfod.ubuntu.com /usr/bin/cmake --install /home/kunal-jazzy/vision_autonomous_rover/build/rover_bringup
[0.461s] Level 1:colcon.colcon_core.environment:checking '/home/kunal-jazzy/vision_autonomous_rover/install/rover_bringup' for CMake config files
[0.461s] Level 1:colcon.colcon_core.shell:create_environment_hook('rover_bringup', 'cmake_prefix_path')
[0.461s] INFO:colcon.colcon_core.shell:Creating environment hook '/home/kunal-jazzy/vision_autonomous_rover/install/rover_bringup/share/rover_bringup/hook/cmake_prefix_path.ps1'
[0.462s] INFO:colcon.colcon_core.shell:Creating environment descriptor '/home/kunal-jazzy/vision_autonomous_rover/install/rover_bringup/share/rover_bringup/hook/cmake_prefix_path.dsv'
[0.462s] INFO:colcon.colcon_core.shell:Creating environment hook '/home/kunal-jazzy/vision_autonomous_rover/install/rover_bringup/share/rover_bringup/hook/cmake_prefix_path.sh'
[0.463s] Level 1:colcon.colcon_core.environment:checking '/home/kunal-jazzy/vision_autonomous_rover/install/rover_bringup/bin'
[0.463s] Level 1:colcon.colcon_core.environment:checking '/home/kunal-jazzy/vision_autonomous_rover/install/rover_bringup/lib/pkgconfig/rover_bringup.pc'
[0.464s] Level 1:colcon.colcon_core.environment:checking '/home/kunal-jazzy/vision_autonomous_rover/install/rover_bringup/lib/python3.12/site-packages'
[0.464s] Level 1:colcon.colcon_core.environment:checking '/home/kunal-jazzy/vision_autonomous_rover/install/rover_bringup/bin'
[0.464s] INFO:colcon.colcon_core.shell:Creating package script '/home/kunal-jazzy/vision_autonomous_rover/install/rover_bringup/share/rover_bringup/package.ps1'
[0.465s] INFO:colcon.colcon_core.shell:Creating package descriptor '/home/kunal-jazzy/vision_autonomous_rover/install/rover_bringup/share/rover_bringup/package.dsv'
[0.465s] INFO:colcon.colcon_core.shell:Creating package script '/home/kunal-jazzy/vision_autonomous_rover/install/rover_bringup/share/rover_bringup/package.sh'
[0.466s] INFO:colcon.colcon_core.shell:Creating package script '/home/kunal-jazzy/vision_autonomous_rover/install/rover_bringup/share/rover_bringup/package.bash'
[0.466s] INFO:colcon.colcon_core.shell:Creating package script '/home/kunal-jazzy/vision_autonomous_rover/install/rover_bringup/share/rover_bringup/package.zsh'
[0.467s] Level 1:colcon.colcon_core.environment:create_file_with_runtime_dependencies(/home/kunal-jazzy/vision_autonomous_rover/install/rover_bringup/share/colcon-core/packages/rover_bringup)
[0.467s] Level 1:colcon.colcon_core.environment:create_environment_scripts_only(rover_bringup)
[0.467s] Level 1:colcon.colcon_core.environment:checking '/home/kunal-jazzy/vision_autonomous_rover/install/rover_bringup' for CMake module files
[0.468s] Level 1:colcon.colcon_core.environment:checking '/home/kunal-jazzy/vision_autonomous_rover/install/rover_bringup' for CMake config files
[0.468s] Level 1:colcon.colcon_core.shell:create_environment_hook('rover_bringup', 'cmake_prefix_path')
[0.468s] INFO:colcon.colcon_core.shell:Creating environment hook '/home/kunal-jazzy/vision_autonomous_rover/install/rover_bringup/share/rover_bringup/hook/cmake_prefix_path.ps1'
[0.469s] INFO:colcon.colcon_core.shell:Creating environment descriptor '/home/kunal-jazzy/vision_autonomous_rover/install/rover_bringup/share/rover_bringup/hook/cmake_prefix_path.dsv'
[0.469s] INFO:colcon.colcon_core.shell:Creating environment hook '/home/kunal-jazzy/vision_autonomous_rover/install/rover_bringup/share/rover_bringup/hook/cmake_prefix_path.sh'
[0.470s] Level 1:colcon.colcon_core.environment:checking '/home/kunal-jazzy/vision_autonomous_rover/install/rover_bringup/bin'
[0.470s] Level 1:colcon.colcon_core.environment:checking '/home/kunal-jazzy/vision_autonomous_rover/install/rover_bringup/lib/pkgconfig/rover_bringup.pc'
[0.470s] Level 1:colcon.colcon_core.environment:checking '/home/kunal-jazzy/vision_autonomous_rover/install/rover_bringup/lib/python3.12/site-packages'
[0.471s] Level 1:colcon.colcon_core.environment:checking '/home/kunal-jazzy/vision_autonomous_rover/install/rover_bringup/bin'
[0.471s] INFO:colcon.colcon_core.shell:Creating package script '/home/kunal-jazzy/vision_autonomous_rover/install/rover_bringup/share/rover_bringup/package.ps1'
[0.472s] INFO:colcon.colcon_core.shell:Creating package descriptor '/home/kunal-jazzy/vision_autonomous_rover/install/rover_bringup/share/rover_bringup/package.dsv'
[0.472s] INFO:colcon.colcon_core.shell:Creating package script '/home/kunal-jazzy/vision_autonomous_rover/install/rover_bringup/share/rover_bringup/package.sh'
[0.473s] INFO:colcon.colcon_core.shell:Creating package script '/home/kunal-jazzy/vision_autonomous_rover/install/rover_bringup/share/rover_bringup/package.bash'
[0.473s] INFO:colcon.colcon_core.shell:Creating package script '/home/kunal-jazzy/vision_autonomous_rover/install/rover_bringup/share/rover_bringup/package.zsh'
[0.473s] Level 1:colcon.colcon_core.environment:create_file_with_runtime_dependencies(/home/kunal-jazzy/vision_autonomous_rover/install/rover_bringup/share/colcon-core/packages/rover_bringup)
[0.474s] DEBUG:colcon.colcon_parallel_executor.executor.parallel:closing loop
[0.474s] DEBUG:colcon.colcon_parallel_executor.executor.parallel:loop closed
[0.474s] DEBUG:colcon.colcon_parallel_executor.executor.parallel:run_until_complete finished with '0'
[0.474s] DEBUG:colcon.colcon_core.event_reactor:joining thread
[0.483s] INFO:colcon.colcon_core.plugin_system:Skipping extension 'colcon_notification.desktop_notification.terminal_notifier': Not used on non-Darwin systems
[0.483s] INFO:colcon.colcon_core.plugin_system:Skipping extension 'colcon_notification.desktop_notification.win32': Not used on non-Windows systems
[0.483s] INFO:colcon.colcon_notification.desktop_notification:Sending desktop notification using 'notify2'
[0.505s] DEBUG:colcon.colcon_core.event_reactor:joined thread
[0.505s] INFO:colcon.colcon_core.shell:Creating prefix script '/home/kunal-jazzy/vision_autonomous_rover/install/local_setup.ps1'
[0.506s] INFO:colcon.colcon_core.shell:Creating prefix util module '/home/kunal-jazzy/vision_autonomous_rover/install/_local_setup_util_ps1.py'
[0.508s] INFO:colcon.colcon_core.shell:Creating prefix chain script '/home/kunal-jazzy/vision_autonomous_rover/install/setup.ps1'
[0.509s] INFO:colcon.colcon_core.shell:Creating prefix script '/home/kunal-jazzy/vision_autonomous_rover/install/local_setup.sh'
[0.510s] INFO:colcon.colcon_core.shell:Creating prefix util module '/home/kunal-jazzy/vision_autonomous_rover/install/_local_setup_util_sh.py'
[0.511s] INFO:colcon.colcon_core.shell:Creating prefix chain script '/home/kunal-jazzy/vision_autonomous_rover/install/setup.sh'
[0.512s] INFO:colcon.colcon_core.shell:Creating prefix script '/home/kunal-jazzy/vision_autonomous_rover/install/local_setup.bash'
[0.513s] INFO:colcon.colcon_core.shell:Creating prefix chain script '/home/kunal-jazzy/vision_autonomous_rover/install/setup.bash'
[0.515s] INFO:colcon.colcon_core.shell:Creating prefix script '/home/kunal-jazzy/vision_autonomous_rover/install/local_setup.zsh'
[0.516s] INFO:colcon.colcon_core.shell:Creating prefix chain script '/home/kunal-jazzy/vision_autonomous_rover/install/setup.zsh'
