[0.542s] Invoking command in '/home/kunal-jazzy/vision_autonomous_rover/src/rover_control': DEBUGINFOD_URLS=https://debuginfod.ubuntu.com PYTHONPATH=/home/kunal-jazzy/vision_autonomous_rover/build/rover_control/prefix_override:/usr/lib/python3/dist-packages/colcon_core/task/python/colcon_distutils_commands:/home/kunal-jazzy/vision_autonomous_rover/install/rover_control/lib/python3.12/site-packages:${PYTHONPATH} /usr/bin/python3 -W ignore:setup.py install is deprecated -W ignore:easy_install command is deprecated setup.py egg_info --egg-base ../../build/rover_control build --build-base /home/kunal-jazzy/vision_autonomous_rover/build/rover_control/build install --record /home/kunal-jazzy/vision_autonomous_rover/build/rover_control/install.log --single-version-externally-managed install_data
[0.714s] running egg_info
[0.725s] writing ../../build/rover_control/rover_control.egg-info/PKG-INFO
[0.725s] writing dependency_links to ../../build/rover_control/rover_control.egg-info/dependency_links.txt
[0.726s] writing entry points to ../../build/rover_control/rover_control.egg-info/entry_points.txt
[0.726s] writing requirements to ../../build/rover_control/rover_control.egg-info/requires.txt
[0.726s] writing top-level names to ../../build/rover_control/rover_control.egg-info/top_level.txt
[0.748s] reading manifest file '../../build/rover_control/rover_control.egg-info/SOURCES.txt'
[0.749s] writing manifest file '../../build/rover_control/rover_control.egg-info/SOURCES.txt'
[0.749s] running build
[0.749s] running build_py
[0.749s] running install
[0.754s] running install_lib
[0.766s] running install_data
[0.767s] copying launch/teleop_auto_switch.launch.xml -> /home/kunal-jazzy/vision_autonomous_rover/install/rover_control/share/rover_control/launch
[0.767s] running install_egg_info
[0.779s] removing '/home/kunal-jazzy/vision_autonomous_rover/install/rover_control/lib/python3.12/site-packages/rover_control-0.0.0-py3.12.egg-info' (and everything under it)
[0.779s] Copying ../../build/rover_control/rover_control.egg-info to /home/kunal-jazzy/vision_autonomous_rover/install/rover_control/lib/python3.12/site-packages/rover_control-0.0.0-py3.12.egg-info
[0.780s] running install_scripts
[0.862s] Installing cmd_vel_switch script to /home/kunal-jazzy/vision_autonomous_rover/install/rover_control/lib/rover_control
[0.862s] Installing obstacle_avoidance script to /home/kunal-jazzy/vision_autonomous_rover/install/rover_control/lib/rover_control
[0.862s] writing list of installed files to '/home/kunal-jazzy/vision_autonomous_rover/build/rover_control/install.log'
[0.883s] Invoked command in '/home/kunal-jazzy/vision_autonomous_rover/src/rover_control' returned '0': DEBUGINFOD_URLS=https://debuginfod.ubuntu.com PYTHONPATH=/home/kunal-jazzy/vision_autonomous_rover/build/rover_control/prefix_override:/usr/lib/python3/dist-packages/colcon_core/task/python/colcon_distutils_commands:/home/kunal-jazzy/vision_autonomous_rover/install/rover_control/lib/python3.12/site-packages:${PYTHONPATH} /usr/bin/python3 -W ignore:setup.py install is deprecated -W ignore:easy_install command is deprecated setup.py egg_info --egg-base ../../build/rover_control build --build-base /home/kunal-jazzy/vision_autonomous_rover/build/rover_control/build install --record /home/kunal-jazzy/vision_autonomous_rover/build/rover_control/install.log --single-version-externally-managed install_data
