[0.114s] DEBUG:colcon:Command line arguments: ['/usr/bin/colcon', 'list', '-p', '--base-paths', '/home/kunal-jazzy/vision_autonomous_rover', '--log-base', '/dev/null']
[0.114s] DEBUG:colcon:Parsed command line arguments: Namespace(log_base=None, log_level=None, verb_name='list', build_base='build', ignore_user_meta=False, metas=['./colcon.meta'], base_paths=['/home/kunal-jazzy/vision_autonomous_rover', '--log-base', '/dev/null'], packages_ignore=None, packages_ignore_regex=None, paths=None, packages_up_to=None, packages_up_to_regex=None, packages_above=None, packages_above_and_dependencies=None, packages_above_depth=None, packages_select_by_dep=None, packages_skip_by_dep=None, packages_skip_up_to=None, packages_select_build_failed=False, packages_skip_build_finished=False, packages_select_test_failures=False, packages_skip_test_passed=False, packages_select=None, packages_skip=None, packages_select_regex=None, packages_skip_regex=None, packages_start=None, packages_end=None, allow_overriding=[], topological_order=False, names_only=False, paths_only=True, topological_graph=False, topological_graph_dot=False, topological_graph_density=False, topological_graph_legend=False, topological_graph_dot_cluster=False, topological_graph_dot_include_skipped=False, mixin_files=None, mixin=None, verb_parser=<colcon_mixin.mixin.mixin_argument.MixinArgumentDecorator object at 0x71887f9a1310>, verb_extension=<colcon_package_information.verb.list.ListVerb object at 0x71887f973530>, main=<bound method ListVerb.main of <colcon_package_information.verb.list.ListVerb object at 0x71887f973530>>, mixin_verb=('list',))
[0.144s] Level 1:colcon.colcon_core.package_discovery:discover_packages(colcon_meta) check parameters
[0.145s] Level 1:colcon.colcon_core.package_discovery:discover_packages(recursive) check parameters
[0.145s] Level 1:colcon.colcon_core.package_discovery:discover_packages(ignore) check parameters
[0.145s] Level 1:colcon.colcon_core.package_discovery:discover_packages(path) check parameters
[0.145s] Level 1:colcon.colcon_core.package_discovery:discover_packages(recursive) discover
[0.145s] INFO:colcon.colcon_core.package_discovery:Crawling recursively for packages in '/home/kunal-jazzy/vision_autonomous_rover', '/home/kunal-jazzy/vision_autonomous_rover/--log-base', '/dev/null'
[0.145s] Level 1:colcon.colcon_core.package_identification:_identify(/home/kunal-jazzy/vision_autonomous_rover) by extensions ['ignore', 'ignore_ament_install']
[0.145s] Level 1:colcon.colcon_core.package_identification:_identify(/home/kunal-jazzy/vision_autonomous_rover) by extension 'ignore'
[0.145s] Level 1:colcon.colcon_core.package_identification:_identify(/home/kunal-jazzy/vision_autonomous_rover) by extension 'ignore_ament_install'
[0.145s] Level 1:colcon.colcon_core.package_identification:_identify(/home/kunal-jazzy/vision_autonomous_rover) by extensions ['colcon_pkg']
[0.145s] Level 1:colcon.colcon_core.package_identification:_identify(/home/kunal-jazzy/vision_autonomous_rover) by extension 'colcon_pkg'
[0.145s] Level 1:colcon.colcon_core.package_identification:_identify(/home/kunal-jazzy/vision_autonomous_rover) by extensions ['colcon_meta']
[0.145s] Level 1:colcon.colcon_core.package_identification:_identify(/home/kunal-jazzy/vision_autonomous_rover) by extension 'colcon_meta'
[0.145s] Level 1:colcon.colcon_core.package_identification:_identify(/home/kunal-jazzy/vision_autonomous_rover) by extensions ['ros']
[0.145s] Level 1:colcon.colcon_core.package_identification:_identify(/home/kunal-jazzy/vision_autonomous_rover) by extension 'ros'
[0.167s] Level 1:colcon.colcon_core.package_identification:_identify(/home/kunal-jazzy/vision_autonomous_rover) by extensions ['cmake', 'python']
[0.167s] Level 1:colcon.colcon_core.package_identification:_identify(/home/kunal-jazzy/vision_autonomous_rover) by extension 'cmake'
[0.167s] Level 1:colcon.colcon_core.package_identification:_identify(/home/kunal-jazzy/vision_autonomous_rover) by extension 'python'
[0.167s] Level 1:colcon.colcon_core.package_identification:_identify(/home/kunal-jazzy/vision_autonomous_rover) by extensions ['python_setup_py']
[0.167s] Level 1:colcon.colcon_core.package_identification:_identify(/home/kunal-jazzy/vision_autonomous_rover) by extension 'python_setup_py'
[0.167s] Level 1:colcon.colcon_core.package_identification:_identify(/home/kunal-jazzy/vision_autonomous_rover/build) by extensions ['ignore', 'ignore_ament_install']
[0.167s] Level 1:colcon.colcon_core.package_identification:_identify(/home/kunal-jazzy/vision_autonomous_rover/build) by extension 'ignore'
[0.168s] Level 1:colcon.colcon_core.package_identification:_identify(/home/kunal-jazzy/vision_autonomous_rover/build) ignored
[0.168s] Level 1:colcon.colcon_core.package_identification:_identify(/home/kunal-jazzy/vision_autonomous_rover/install) by extensions ['ignore', 'ignore_ament_install']
[0.168s] Level 1:colcon.colcon_core.package_identification:_identify(/home/kunal-jazzy/vision_autonomous_rover/install) by extension 'ignore'
[0.168s] Level 1:colcon.colcon_core.package_identification:_identify(/home/kunal-jazzy/vision_autonomous_rover/install) ignored
[0.168s] Level 1:colcon.colcon_core.package_identification:_identify(/home/kunal-jazzy/vision_autonomous_rover/log) by extensions ['ignore', 'ignore_ament_install']
[0.168s] Level 1:colcon.colcon_core.package_identification:_identify(/home/kunal-jazzy/vision_autonomous_rover/log) by extension 'ignore'
[0.168s] Level 1:colcon.colcon_core.package_identification:_identify(/home/kunal-jazzy/vision_autonomous_rover/log) ignored
[0.168s] Level 1:colcon.colcon_core.package_identification:_identify(/home/kunal-jazzy/vision_autonomous_rover/src) by extensions ['ignore', 'ignore_ament_install']
[0.168s] Level 1:colcon.colcon_core.package_identification:_identify(/home/kunal-jazzy/vision_autonomous_rover/src) by extension 'ignore'
[0.168s] Level 1:colcon.colcon_core.package_identification:_identify(/home/kunal-jazzy/vision_autonomous_rover/src) by extension 'ignore_ament_install'
[0.168s] Level 1:colcon.colcon_core.package_identification:_identify(/home/kunal-jazzy/vision_autonomous_rover/src) by extensions ['colcon_pkg']
[0.168s] Level 1:colcon.colcon_core.package_identification:_identify(/home/kunal-jazzy/vision_autonomous_rover/src) by extension 'colcon_pkg'
[0.168s] Level 1:colcon.colcon_core.package_identification:_identify(/home/kunal-jazzy/vision_autonomous_rover/src) by extensions ['colcon_meta']
[0.168s] Level 1:colcon.colcon_core.package_identification:_identify(/home/kunal-jazzy/vision_autonomous_rover/src) by extension 'colcon_meta'
[0.168s] Level 1:colcon.colcon_core.package_identification:_identify(/home/kunal-jazzy/vision_autonomous_rover/src) by extensions ['ros']
[0.168s] Level 1:colcon.colcon_core.package_identification:_identify(/home/kunal-jazzy/vision_autonomous_rover/src) by extension 'ros'
[0.169s] Level 1:colcon.colcon_core.package_identification:_identify(/home/kunal-jazzy/vision_autonomous_rover/src) by extensions ['cmake', 'python']
[0.169s] Level 1:colcon.colcon_core.package_identification:_identify(/home/kunal-jazzy/vision_autonomous_rover/src) by extension 'cmake'
[0.169s] Level 1:colcon.colcon_core.package_identification:_identify(/home/kunal-jazzy/vision_autonomous_rover/src) by extension 'python'
[0.169s] Level 1:colcon.colcon_core.package_identification:_identify(/home/kunal-jazzy/vision_autonomous_rover/src) by extensions ['python_setup_py']
[0.169s] Level 1:colcon.colcon_core.package_identification:_identify(/home/kunal-jazzy/vision_autonomous_rover/src) by extension 'python_setup_py'
[0.169s] Level 1:colcon.colcon_core.package_identification:_identify(/home/kunal-jazzy/vision_autonomous_rover/src/autonomous_rover_description) by extensions ['ignore', 'ignore_ament_install']
[0.169s] Level 1:colcon.colcon_core.package_identification:_identify(/home/kunal-jazzy/vision_autonomous_rover/src/autonomous_rover_description) by extension 'ignore'
[0.169s] Level 1:colcon.colcon_core.package_identification:_identify(/home/kunal-jazzy/vision_autonomous_rover/src/autonomous_rover_description) by extension 'ignore_ament_install'
[0.169s] Level 1:colcon.colcon_core.package_identification:_identify(/home/kunal-jazzy/vision_autonomous_rover/src/autonomous_rover_description) by extensions ['colcon_pkg']
[0.169s] Level 1:colcon.colcon_core.package_identification:_identify(/home/kunal-jazzy/vision_autonomous_rover/src/autonomous_rover_description) by extension 'colcon_pkg'
[0.169s] Level 1:colcon.colcon_core.package_identification:_identify(/home/kunal-jazzy/vision_autonomous_rover/src/autonomous_rover_description) by extensions ['colcon_meta']
[0.169s] Level 1:colcon.colcon_core.package_identification:_identify(/home/kunal-jazzy/vision_autonomous_rover/src/autonomous_rover_description) by extension 'colcon_meta'
[0.169s] Level 1:colcon.colcon_core.package_identification:_identify(/home/kunal-jazzy/vision_autonomous_rover/src/autonomous_rover_description) by extensions ['ros']
[0.169s] Level 1:colcon.colcon_core.package_identification:_identify(/home/kunal-jazzy/vision_autonomous_rover/src/autonomous_rover_description) by extension 'ros'
[0.172s] DEBUG:colcon.colcon_core.package_identification:Package '/home/kunal-jazzy/vision_autonomous_rover/src/autonomous_rover_description' with type 'ros.ament_cmake' and name 'autonomous_rover_description'
[0.173s] Level 1:colcon.colcon_core.package_identification:_identify(/home/kunal-jazzy/vision_autonomous_rover/src/log) by extensions ['ignore', 'ignore_ament_install']
[0.173s] Level 1:colcon.colcon_core.package_identification:_identify(/home/kunal-jazzy/vision_autonomous_rover/src/log) by extension 'ignore'
[0.173s] Level 1:colcon.colcon_core.package_identification:_identify(/home/kunal-jazzy/vision_autonomous_rover/src/log) ignored
[0.173s] Level 1:colcon.colcon_core.package_identification:_identify(/home/kunal-jazzy/vision_autonomous_rover/src/rover_bringup) by extensions ['ignore', 'ignore_ament_install']
[0.173s] Level 1:colcon.colcon_core.package_identification:_identify(/home/kunal-jazzy/vision_autonomous_rover/src/rover_bringup) by extension 'ignore'
[0.173s] Level 1:colcon.colcon_core.package_identification:_identify(/home/kunal-jazzy/vision_autonomous_rover/src/rover_bringup) by extension 'ignore_ament_install'
[0.173s] Level 1:colcon.colcon_core.package_identification:_identify(/home/kunal-jazzy/vision_autonomous_rover/src/rover_bringup) by extensions ['colcon_pkg']
[0.173s] Level 1:colcon.colcon_core.package_identification:_identify(/home/kunal-jazzy/vision_autonomous_rover/src/rover_bringup) by extension 'colcon_pkg'
[0.173s] Level 1:colcon.colcon_core.package_identification:_identify(/home/kunal-jazzy/vision_autonomous_rover/src/rover_bringup) by extensions ['colcon_meta']
[0.173s] Level 1:colcon.colcon_core.package_identification:_identify(/home/kunal-jazzy/vision_autonomous_rover/src/rover_bringup) by extension 'colcon_meta'
[0.173s] Level 1:colcon.colcon_core.package_identification:_identify(/home/kunal-jazzy/vision_autonomous_rover/src/rover_bringup) by extensions ['ros']
[0.173s] Level 1:colcon.colcon_core.package_identification:_identify(/home/kunal-jazzy/vision_autonomous_rover/src/rover_bringup) by extension 'ros'
[0.174s] DEBUG:colcon.colcon_core.package_identification:Package '/home/kunal-jazzy/vision_autonomous_rover/src/rover_bringup' with type 'ros.ament_cmake' and name 'rover_bringup'
[0.174s] Level 1:colcon.colcon_core.package_discovery:discover_packages(recursive) using defaults
