[0.059s] Invoking command in '/home/kunal-jazzy/vision_autonomous_rover/build/autonomous_rover_description': CMAKE_PREFIX_PATH=${CMAKE_PREFIX_PATH}:/home/kunal-jazzy/vision_autonomous_rover/install/rover_control:/opt/ros/jazzy DEBUGINFOD_URLS=https://debuginfod.ubuntu.com /usr/bin/cmake --build /home/kunal-jazzy/vision_autonomous_rover/build/autonomous_rover_description -- -j12 -l12
[0.570s] Invoked command in '/home/kunal-jazzy/vision_autonomous_rover/build/autonomous_rover_description' returned '0': CMAKE_PREFIX_PATH=${CMAKE_PREFIX_PATH}:/home/kunal-jazzy/vision_autonomous_rover/install/rover_control:/opt/ros/jazzy DEBUGINFOD_URLS=https://debuginfod.ubuntu.com /usr/bin/cmake --build /home/kunal-jazzy/vision_autonomous_rover/build/autonomous_rover_description -- -j12 -l12
[0.584s] Invoking command in '/home/kunal-jazzy/vision_autonomous_rover/build/autonomous_rover_description': CMAKE_PREFIX_PATH=${CMAKE_PREFIX_PATH}:/home/kunal-jazzy/vision_autonomous_rover/install/rover_control:/opt/ros/jazzy DEBUGINFOD_URLS=https://debuginfod.ubuntu.com /usr/bin/cmake --install /home/kunal-jazzy/vision_autonomous_rover/build/autonomous_rover_description
[0.597s] -- Install configuration: ""
[0.597s] -- Up-to-date: /home/kunal-jazzy/vision_autonomous_rover/install/autonomous_rover_description/share/autonomous_rover_description//urdf
[0.598s] -- Up-to-date: /home/kunal-jazzy/vision_autonomous_rover/install/autonomous_rover_description/share/autonomous_rover_description//urdf/my_camera.xacro
[0.598s] -- Up-to-date: /home/kunal-jazzy/vision_autonomous_rover/install/autonomous_rover_description/share/autonomous_rover_description//urdf/lidar_new.xacro
[0.598s] -- Up-to-date: /home/kunal-jazzy/vision_autonomous_rover/install/autonomous_rover_description/share/autonomous_rover_description//urdf/rover_gazebo.xacro
[0.598s] -- Up-to-date: /home/kunal-jazzy/vision_autonomous_rover/install/autonomous_rover_description/share/autonomous_rover_description//urdf/rover_base.xacro
[0.598s] -- Up-to-date: /home/kunal-jazzy/vision_autonomous_rover/install/autonomous_rover_description/share/autonomous_rover_description//urdf/lidar.xacro
[0.598s] -- Up-to-date: /home/kunal-jazzy/vision_autonomous_rover/install/autonomous_rover_description/share/autonomous_rover_description//urdf/camera.xacro
[0.599s] -- Up-to-date: /home/kunal-jazzy/vision_autonomous_rover/install/autonomous_rover_description/share/autonomous_rover_description//urdf/common_properties.xacro
[0.599s] -- Up-to-date: /home/kunal-jazzy/vision_autonomous_rover/install/autonomous_rover_description/share/autonomous_rover_description//urdf/rover.urdf.xacro
[0.599s] -- Up-to-date: /home/kunal-jazzy/vision_autonomous_rover/install/autonomous_rover_description/share/autonomous_rover_description//rviz
[0.599s] -- Up-to-date: /home/kunal-jazzy/vision_autonomous_rover/install/autonomous_rover_description/share/autonomous_rover_description//rviz/urdf_config.rviz
[0.599s] -- Up-to-date: /home/kunal-jazzy/vision_autonomous_rover/install/autonomous_rover_description/share/autonomous_rover_description//launch
[0.599s] -- Up-to-date: /home/kunal-jazzy/vision_autonomous_rover/install/autonomous_rover_description/share/autonomous_rover_description//launch/display.launch.xml
[0.599s] -- Up-to-date: /home/kunal-jazzy/vision_autonomous_rover/install/autonomous_rover_description/share/autonomous_rover_description//launch/display.launch.py
[0.600s] -- Up-to-date: /home/kunal-jazzy/vision_autonomous_rover/install/autonomous_rover_description/share/ament_index/resource_index/package_run_dependencies/autonomous_rover_description
[0.600s] -- Up-to-date: /home/kunal-jazzy/vision_autonomous_rover/install/autonomous_rover_description/share/ament_index/resource_index/parent_prefix_path/autonomous_rover_description
[0.600s] -- Up-to-date: /home/kunal-jazzy/vision_autonomous_rover/install/autonomous_rover_description/share/autonomous_rover_description/environment/ament_prefix_path.sh
[0.600s] -- Up-to-date: /home/kunal-jazzy/vision_autonomous_rover/install/autonomous_rover_description/share/autonomous_rover_description/environment/ament_prefix_path.dsv
[0.600s] -- Up-to-date: /home/kunal-jazzy/vision_autonomous_rover/install/autonomous_rover_description/share/autonomous_rover_description/environment/path.sh
[0.600s] -- Up-to-date: /home/kunal-jazzy/vision_autonomous_rover/install/autonomous_rover_description/share/autonomous_rover_description/environment/path.dsv
[0.600s] -- Up-to-date: /home/kunal-jazzy/vision_autonomous_rover/install/autonomous_rover_description/share/autonomous_rover_description/local_setup.bash
[0.600s] -- Up-to-date: /home/kunal-jazzy/vision_autonomous_rover/install/autonomous_rover_description/share/autonomous_rover_description/local_setup.sh
[0.601s] -- Up-to-date: /home/kunal-jazzy/vision_autonomous_rover/install/autonomous_rover_description/share/autonomous_rover_description/local_setup.zsh
[0.601s] -- Up-to-date: /home/kunal-jazzy/vision_autonomous_rover/install/autonomous_rover_description/share/autonomous_rover_description/local_setup.dsv
[0.601s] -- Installing: /home/kunal-jazzy/vision_autonomous_rover/install/autonomous_rover_description/share/autonomous_rover_description/package.dsv
[0.601s] -- Up-to-date: /home/kunal-jazzy/vision_autonomous_rover/install/autonomous_rover_description/share/ament_index/resource_index/packages/autonomous_rover_description
[0.601s] -- Up-to-date: /home/kunal-jazzy/vision_autonomous_rover/install/autonomous_rover_description/share/autonomous_rover_description/cmake/autonomous_rover_descriptionConfig.cmake
[0.601s] -- Up-to-date: /home/kunal-jazzy/vision_autonomous_rover/install/autonomous_rover_description/share/autonomous_rover_description/cmake/autonomous_rover_descriptionConfig-version.cmake
[0.601s] -- Up-to-date: /home/kunal-jazzy/vision_autonomous_rover/install/autonomous_rover_description/share/autonomous_rover_description/package.xml
[0.602s] Invoked command in '/home/kunal-jazzy/vision_autonomous_rover/build/autonomous_rover_description' returned '0': CMAKE_PREFIX_PATH=${CMAKE_PREFIX_PATH}:/home/kunal-jazzy/vision_autonomous_rover/install/rover_control:/opt/ros/jazzy DEBUGINFOD_URLS=https://debuginfod.ubuntu.com /usr/bin/cmake --install /home/kunal-jazzy/vision_autonomous_rover/build/autonomous_rover_description
